{"/Users/saeidrafiei/Desktop/NightBFF PRD/app/src/common/database/database.module.ts": {"path":"/Users/saeidrafiei/Desktop/NightBFF PRD/app/src/common/database/database.module.ts","statementMap":{"0":{"start":{"line":1,"column":0},"end":{"line":1,"column":48}},"1":{"start":{"line":2,"column":0},"end":{"line":2,"column":48}},"2":{"start":{"line":3,"column":0},"end":{"line":3,"column":55}},"3":{"start":{"line":6,"column":0},"end":{"line":6,"column":69}},"4":{"start":{"line":9,"column":0},"end":{"line":9,"column":72}},"5":{"start":{"line":10,"column":0},"end":{"line":10,"column":89}},"6":{"start":{"line":13,"column":0},"end":{"line":13,"column":81}},"7":{"start":{"line":14,"column":0},"end":{"line":14,"column":90}},"8":{"start":{"line":15,"column":0},"end":{"line":15,"column":92}},"9":{"start":{"line":18,"column":0},"end":{"line":18,"column":69}},"10":{"start":{"line":19,"column":0},"end":{"line":19,"column":75}},"11":{"start":{"line":51,"column":7},"end":{"line":51,"column":null}},"12":{"start":{"line":51,"column":13},"end":{"line":51,"column":27}},"13":{"start":{"line":51,"column":13},"end":{"line":51,"column":null}}},"fnMap":{},"branchMap":{},"s":{"0":1,"1":1,"2":1,"3":1,"4":1,"5":1,"6":1,"7":1,"8":1,"9":1,"10":1,"11":1,"12":1,"13":1},"f":{},"b":{}}
,"/Users/saeidrafiei/Desktop/NightBFF PRD/app/src/common/database/supabase.provider.ts": {"path":"/Users/saeidrafiei/Desktop/NightBFF PRD/app/src/common/database/supabase.provider.ts","statementMap":{"0":{"start":{"line":1,"column":0},"end":{"line":1,"column":52}},"1":{"start":{"line":2,"column":0},"end":{"line":2,"column":47}},"2":{"start":{"line":3,"column":0},"end":{"line":3,"column":69}},"3":{"start":{"line":13,"column":29},"end":{"line":38,"column":null}},"4":{"start":{"line":17,"column":31},"end":{"line":17,"column":46}},"5":{"start":{"line":15,"column":19},"end":{"line":15,"column":62}},"6":{"start":{"line":18,"column":16},"end":{"line":18,"column":62}},"7":{"start":{"line":19,"column":16},"end":{"line":19,"column":62}},"8":{"start":{"line":21,"column":4},"end":{"line":21,"column":65}},"9":{"start":{"line":22,"column":4},"end":{"line":22,"column":69}},"10":{"start":{"line":23,"column":4},"end":{"line":25,"column":6}},"11":{"start":{"line":27,"column":4},"end":{"line":27,"column":53}},"12":{"start":{"line":36,"column":4},"end":{"line":36,"column":23}},"13":{"start":{"line":13,"column":13},"end":{"line":13,"column":29}},"14":{"start":{"line":13,"column":13},"end":{"line":38,"column":null}}},"fnMap":{"0":{"name":"(anonymous_2)","decl":{"start":{"line":17,"column":2},"end":{"line":17,"column":31}},"loc":{"start":{"line":17,"column":59},"end":{"line":28,"column":3}}},"1":{"name":"(anonymous_3)","decl":{"start":{"line":35,"column":2},"end":{"line":35,"column":11}},"loc":{"start":{"line":35,"column":11},"end":{"line":37,"column":3}}}},"branchMap":{"0":{"loc":{"start":{"line":24,"column":44},"end":{"line":24,"column":84}},"type":"cond-expr","locations":[{"start":{"line":24,"column":50},"end":{"line":24,"column":78}},{"start":{"line":24,"column":81},"end":{"line":24,"column":84}}]},"1":{"loc":{"start":{"line":27,"column":31},"end":{"line":27,"column":40}},"type":"binary-expr","locations":[{"start":{"line":27,"column":31},"end":{"line":27,"column":34}},{"start":{"line":27,"column":38},"end":{"line":27,"column":40}}]},"2":{"loc":{"start":{"line":27,"column":42},"end":{"line":27,"column":51}},"type":"binary-expr","locations":[{"start":{"line":27,"column":42},"end":{"line":27,"column":45}},{"start":{"line":27,"column":49},"end":{"line":27,"column":51}}]}},"s":{"0":2,"1":2,"2":2,"3":2,"4":1,"5":1,"6":1,"7":1,"8":1,"9":1,"10":1,"11":1,"12":0,"13":2,"14":2},"f":{"0":1,"1":0},"b":{"0":[0,1],"1":[1,1],"2":[1,1]}}
,"/Users/saeidrafiei/Desktop/NightBFF PRD/app/src/common/guards/optional-jwt-auth.guard.ts": {"path":"/Users/saeidrafiei/Desktop/NightBFF PRD/app/src/common/guards/optional-jwt-auth.guard.ts","statementMap":{"0":{"start":{"line":1,"column":0},"end":{"line":1,"column":62}},"1":{"start":{"line":2,"column":0},"end":{"line":2,"column":45}},"2":{"start":{"line":5,"column":7},"end":{"line":18,"column":null}},"3":{"start":{"line":8,"column":4},"end":{"line":8,"column":38}},"4":{"start":{"line":13,"column":4},"end":{"line":15,"column":5}},"5":{"start":{"line":14,"column":6},"end":{"line":14,"column":18}},"6":{"start":{"line":16,"column":4},"end":{"line":16,"column":16}},"7":{"start":{"line":5,"column":13},"end":{"line":5,"column":33}},"8":{"start":{"line":5,"column":13},"end":{"line":18,"column":null}}},"fnMap":{"0":{"name":"(anonymous_1)","decl":{"start":{"line":6,"column":2},"end":{"line":6,"column":13}},"loc":{"start":{"line":6,"column":39},"end":{"line":9,"column":3}}},"1":{"name":"(anonymous_2)","decl":{"start":{"line":11,"column":2},"end":{"line":11,"column":15}},"loc":{"start":{"line":11,"column":35},"end":{"line":17,"column":3}}}},"branchMap":{"0":{"loc":{"start":{"line":13,"column":4},"end":{"line":15,"column":5}},"type":"if","locations":[{"start":{"line":13,"column":4},"end":{"line":15,"column":5}}]},"1":{"loc":{"start":{"line":13,"column":8},"end":{"line":13,"column":20}},"type":"binary-expr","locations":[{"start":{"line":13,"column":8},"end":{"line":13,"column":11}},{"start":{"line":13,"column":15},"end":{"line":13,"column":20}}]}},"s":{"0":3,"1":3,"2":3,"3":0,"4":0,"5":0,"6":0,"7":3,"8":3},"f":{"0":0,"1":0},"b":{"0":[0],"1":[0,0]}}
,"/Users/saeidrafiei/Desktop/NightBFF PRD/app/src/common/utils/date.utils.ts": {"path":"/Users/saeidrafiei/Desktop/NightBFF PRD/app/src/common/utils/date.utils.ts","statementMap":{"0":{"start":{"line":11,"column":0},"end":{"line":11,"column":16}},"1":{"start":{"line":1,"column":0},"end":{"line":1,"column":45}},"2":{"start":{"line":14,"column":2},"end":{"line":21,"column":3}},"3":{"start":{"line":20,"column":4},"end":{"line":20,"column":16}},"4":{"start":{"line":23,"column":2},"end":{"line":36,"column":3}},"5":{"start":{"line":25,"column":16},"end":{"line":25,"column":26}},"6":{"start":{"line":28,"column":16},"end":{"line":28,"column":49}},"7":{"start":{"line":31,"column":4},"end":{"line":31,"column":33}},"8":{"start":{"line":34,"column":4},"end":{"line":34,"column":51}},"9":{"start":{"line":35,"column":4},"end":{"line":35,"column":16}}},"fnMap":{"0":{"name":"calculateAge","decl":{"start":{"line":11,"column":16},"end":{"line":11,"column":28}},"loc":{"start":{"line":12,"column":36},"end":{"line":37,"column":1}}}},"branchMap":{"0":{"loc":{"start":{"line":14,"column":2},"end":{"line":21,"column":3}},"type":"if","locations":[{"start":{"line":14,"column":2},"end":{"line":21,"column":3}}]},"1":{"loc":{"start":{"line":15,"column":4},"end":{"line":17,"column":30}},"type":"binary-expr","locations":[{"start":{"line":15,"column":4},"end":{"line":15,"column":14}},{"start":{"line":16,"column":4},"end":{"line":16,"column":32}},{"start":{"line":17,"column":4},"end":{"line":17,"column":30}}]},"2":{"loc":{"start":{"line":31,"column":11},"end":{"line":31,"column":32}},"type":"cond-expr","locations":[{"start":{"line":31,"column":22},"end":{"line":31,"column":25}},{"start":{"line":31,"column":28},"end":{"line":31,"column":32}}]}},"s":{"0":2,"1":2,"2":8,"3":3,"4":5,"5":5,"6":5,"7":5,"8":0,"9":0},"f":{"0":8},"b":{"0":[3],"1":[8,6,6],"2":[5,0]}}
,"/Users/saeidrafiei/Desktop/NightBFF PRD/app/src/microservices/auth/auth.controller.ts": {"path":"/Users/saeidrafiei/Desktop/NightBFF PRD/app/src/microservices/auth/auth.controller.ts","statementMap":{"0":{"start":{"line":1,"column":0},"end":{"line":1,"column":78}},"1":{"start":{"line":2,"column":0},"end":{"line":2,"column":45}},"2":{"start":{"line":3,"column":0},"end":{"line":3,"column":46}},"3":{"start":{"line":4,"column":0},"end":{"line":4,"column":46}},"4":{"start":{"line":7,"column":7},"end":{"line":26,"column":null}},"5":{"start":{"line":8,"column":31},"end":{"line":8,"column":44}},"6":{"start":{"line":12,"column":4},"end":{"line":12,"column":46}},"7":{"start":{"line":18,"column":4},"end":{"line":18,"column":46}},"8":{"start":{"line":24,"column":4},"end":{"line":24,"column":38}},"9":{"start":{"line":7,"column":13},"end":{"line":7,"column":27}},"10":{"start":{"line":11,"column":8},"end":{"line":13,"column":null}},"11":{"start":{"line":17,"column":8},"end":{"line":19,"column":null}},"12":{"start":{"line":23,"column":8},"end":{"line":25,"column":null}},"13":{"start":{"line":7,"column":13},"end":{"line":26,"column":null}}},"fnMap":{"0":{"name":"(anonymous_4)","decl":{"start":{"line":8,"column":2},"end":{"line":8,"column":31}},"loc":{"start":{"line":8,"column":55},"end":{"line":8,"column":59}}},"1":{"name":"(anonymous_5)","decl":{"start":{"line":11,"column":2},"end":{"line":11,"column":7}},"loc":{"start":{"line":11,"column":43},"end":{"line":13,"column":3}}},"2":{"name":"(anonymous_6)","decl":{"start":{"line":17,"column":2},"end":{"line":17,"column":7}},"loc":{"start":{"line":17,"column":43},"end":{"line":19,"column":3}}},"3":{"name":"(anonymous_7)","decl":{"start":{"line":23,"column":2},"end":{"line":23,"column":7}},"loc":{"start":{"line":23,"column":15},"end":{"line":25,"column":3}}}},"branchMap":{},"s":{"0":1,"1":1,"2":1,"3":1,"4":1,"5":0,"6":0,"7":0,"8":0,"9":1,"10":1,"11":1,"12":1,"13":1},"f":{"0":0,"1":0,"2":0,"3":0},"b":{}}
,"/Users/saeidrafiei/Desktop/NightBFF PRD/app/src/microservices/auth/auth.module.ts": {"path":"/Users/saeidrafiei/Desktop/NightBFF PRD/app/src/microservices/auth/auth.module.ts","statementMap":{"0":{"start":{"line":1,"column":0},"end":{"line":1,"column":40}},"1":{"start":{"line":2,"column":0},"end":{"line":2,"column":48}},"2":{"start":{"line":3,"column":0},"end":{"line":3,"column":40}},"3":{"start":{"line":4,"column":0},"end":{"line":4,"column":61}},"4":{"start":{"line":5,"column":0},"end":{"line":5,"column":50}},"5":{"start":{"line":7,"column":0},"end":{"line":7,"column":51}},"6":{"start":{"line":8,"column":0},"end":{"line":8,"column":45}},"7":{"start":{"line":9,"column":0},"end":{"line":9,"column":64}},"8":{"start":{"line":10,"column":0},"end":{"line":10,"column":58}},"9":{"start":{"line":11,"column":0},"end":{"line":11,"column":77}},"10":{"start":{"line":12,"column":0},"end":{"line":12,"column":86}},"11":{"start":{"line":13,"column":0},"end":{"line":13,"column":87}},"12":{"start":{"line":14,"column":0},"end":{"line":14,"column":69}},"13":{"start":{"line":15,"column":0},"end":{"line":15,"column":46}},"14":{"start":{"line":16,"column":0},"end":{"line":16,"column":56}},"15":{"start":{"line":51,"column":7},"end":{"line":51,"column":null}},"16":{"start":{"line":51,"column":13},"end":{"line":51,"column":23}},"17":{"start":{"line":51,"column":13},"end":{"line":51,"column":null}},"18":{"start":{"line":25,"column":53},"end":{"line":30,"column":8}}},"fnMap":{"0":{"name":"(anonymous_1)","decl":{"start":{"line":25,"column":18},"end":{"line":25,"column":19}},"loc":{"start":{"line":25,"column":53},"end":{"line":30,"column":8}}}},"branchMap":{},"s":{"0":1,"1":1,"2":1,"3":1,"4":1,"5":1,"6":1,"7":1,"8":1,"9":1,"10":1,"11":1,"12":1,"13":1,"14":1,"15":1,"16":1,"17":1,"18":1},"f":{"0":1},"b":{}}
,"/Users/saeidrafiei/Desktop/NightBFF PRD/app/src/microservices/auth/auth.service.ts": {"path":"/Users/saeidrafiei/Desktop/NightBFF PRD/app/src/microservices/auth/auth.service.ts","statementMap":{"0":{"start":{"line":1,"column":0},"end":{"line":1,"column":null}},"1":{"start":{"line":7,"column":0},"end":{"line":7,"column":47}},"2":{"start":{"line":8,"column":0},"end":{"line":8,"column":71}},"3":{"start":{"line":11,"column":0},"end":{"line":11,"column":64}},"4":{"start":{"line":21,"column":7},"end":{"line":166,"column":null}},"5":{"start":{"line":23,"column":21},"end":{"line":23,"column":39}},"6":{"start":{"line":24,"column":21},"end":{"line":24,"column":36}},"7":{"start":{"line":25,"column":21},"end":{"line":25,"column":37}},"8":{"start":{"line":40,"column":4},"end":{"line":87,"column":5}},"9":{"start":{"line":41,"column":23},"end":{"line":41,"column":56}},"10":{"start":{"line":43,"column":30},"end":{"line":52,"column":8}},"11":{"start":{"line":54,"column":6},"end":{"line":56,"column":7}},"12":{"start":{"line":55,"column":8},"end":{"line":55,"column":53}},"13":{"start":{"line":59,"column":6},"end":{"line":68,"column":9}},"14":{"start":{"line":70,"column":6},"end":{"line":81,"column":8}},"15":{"start":{"line":83,"column":6},"end":{"line":85,"column":7}},"16":{"start":{"line":84,"column":8},"end":{"line":84,"column":20}},"17":{"start":{"line":86,"column":6},"end":{"line":86,"column":72}},"18":{"start":{"line":102,"column":4},"end":{"line":137,"column":5}},"19":{"start":{"line":103,"column":23},"end":{"line":103,"column":56}},"20":{"start":{"line":105,"column":30},"end":{"line":108,"column":8}},"21":{"start":{"line":110,"column":6},"end":{"line":112,"column":7}},"22":{"start":{"line":111,"column":8},"end":{"line":111,"column":63}},"23":{"start":{"line":115,"column":26},"end":{"line":115,"column":78}},"24":{"start":{"line":117,"column":6},"end":{"line":131,"column":8}},"25":{"start":{"line":133,"column":6},"end":{"line":135,"column":7}},"26":{"start":{"line":134,"column":8},"end":{"line":134,"column":20}},"27":{"start":{"line":136,"column":6},"end":{"line":136,"column":66}},"28":{"start":{"line":149,"column":4},"end":{"line":164,"column":5}},"29":{"start":{"line":150,"column":23},"end":{"line":150,"column":56}},"30":{"start":{"line":152,"column":24},"end":{"line":152,"column":53}},"31":{"start":{"line":154,"column":6},"end":{"line":156,"column":7}},"32":{"start":{"line":155,"column":8},"end":{"line":155,"column":69}},"33":{"start":{"line":158,"column":6},"end":{"line":161,"column":8}},"34":{"start":{"line":163,"column":6},"end":{"line":163,"column":67}},"35":{"start":{"line":21,"column":13},"end":{"line":21,"column":24}},"36":{"start":{"line":21,"column":13},"end":{"line":166,"column":null}}},"fnMap":{"0":{"name":"(anonymous_2)","decl":{"start":{"line":22,"column":2},"end":{"line":22,"column":null}},"loc":{"start":{"line":25,"column":51},"end":{"line":26,"column":6}}},"1":{"name":"(anonymous_3)","decl":{"start":{"line":39,"column":2},"end":{"line":39,"column":7}},"loc":{"start":{"line":39,"column":35},"end":{"line":88,"column":3}}},"2":{"name":"(anonymous_4)","decl":{"start":{"line":101,"column":2},"end":{"line":101,"column":7}},"loc":{"start":{"line":101,"column":35},"end":{"line":138,"column":3}}},"3":{"name":"(anonymous_5)","decl":{"start":{"line":148,"column":2},"end":{"line":148,"column":7}},"loc":{"start":{"line":148,"column":15},"end":{"line":165,"column":3}}}},"branchMap":{"0":{"loc":{"start":{"line":54,"column":6},"end":{"line":56,"column":7}},"type":"if","locations":[{"start":{"line":54,"column":6},"end":{"line":56,"column":7}}]},"1":{"loc":{"start":{"line":83,"column":6},"end":{"line":85,"column":7}},"type":"if","locations":[{"start":{"line":83,"column":6},"end":{"line":85,"column":7}}]},"2":{"loc":{"start":{"line":110,"column":6},"end":{"line":112,"column":7}},"type":"if","locations":[{"start":{"line":110,"column":6},"end":{"line":112,"column":7}}]},"3":{"loc":{"start":{"line":133,"column":6},"end":{"line":135,"column":7}},"type":"if","locations":[{"start":{"line":133,"column":6},"end":{"line":135,"column":7}}]},"4":{"loc":{"start":{"line":154,"column":6},"end":{"line":156,"column":7}},"type":"if","locations":[{"start":{"line":154,"column":6},"end":{"line":156,"column":7}}]}},"s":{"0":2,"1":2,"2":2,"3":2,"4":2,"5":4,"6":4,"7":4,"8":3,"9":3,"10":3,"11":3,"12":1,"13":2,"14":1,"15":2,"16":1,"17":1,"18":0,"19":0,"20":0,"21":0,"22":0,"23":0,"24":0,"25":0,"26":0,"27":0,"28":0,"29":0,"30":0,"31":0,"32":0,"33":0,"34":0,"35":2,"36":2},"f":{"0":4,"1":3,"2":0,"3":0},"b":{"0":[1],"1":[1],"2":[0],"3":[0],"4":[0]}}
,"/Users/saeidrafiei/Desktop/NightBFF PRD/app/src/microservices/auth/controllers/age-verification.controller.ts": {"path":"/Users/saeidrafiei/Desktop/NightBFF PRD/app/src/microservices/auth/controllers/age-verification.controller.ts","statementMap":{"0":{"start":{"line":1,"column":0},"end":{"line":1,"column":null}},"1":{"start":{"line":11,"column":0},"end":{"line":11,"column":56}},"2":{"start":{"line":12,"column":0},"end":{"line":12,"column":78}},"3":{"start":{"line":13,"column":0},"end":{"line":13,"column":65}},"4":{"start":{"line":14,"column":0},"end":{"line":14,"column":67}},"5":{"start":{"line":15,"column":0},"end":{"line":15,"column":47}},"6":{"start":{"line":18,"column":7},"end":{"line":49,"column":null}},"7":{"start":{"line":20,"column":21},"end":{"line":20,"column":45}},"8":{"start":{"line":30,"column":4},"end":{"line":36,"column":6}},"9":{"start":{"line":42,"column":4},"end":{"line":42,"column":70}},"10":{"start":{"line":47,"column":4},"end":{"line":47,"column":76}},"11":{"start":{"line":18,"column":13},"end":{"line":18,"column":38}},"12":{"start":{"line":26,"column":8},"end":{"line":37,"column":null}},"13":{"start":{"line":41,"column":8},"end":{"line":43,"column":null}},"14":{"start":{"line":46,"column":8},"end":{"line":48,"column":null}},"15":{"start":{"line":18,"column":13},"end":{"line":49,"column":null}}},"fnMap":{"0":{"name":"(anonymous_4)","decl":{"start":{"line":19,"column":2},"end":{"line":19,"column":null}},"loc":{"start":{"line":20,"column":67},"end":{"line":21,"column":6}}},"1":{"name":"(anonymous_5)","decl":{"start":{"line":26,"column":2},"end":{"line":26,"column":7}},"loc":{"start":{"line":28,"column":29},"end":{"line":37,"column":3}}},"2":{"name":"(anonymous_6)","decl":{"start":{"line":41,"column":2},"end":{"line":41,"column":7}},"loc":{"start":{"line":41,"column":55},"end":{"line":43,"column":3}}},"3":{"name":"(anonymous_7)","decl":{"start":{"line":46,"column":2},"end":{"line":46,"column":7}},"loc":{"start":{"line":46,"column":56},"end":{"line":48,"column":3}}}},"branchMap":{},"s":{"0":1,"1":1,"2":1,"3":1,"4":1,"5":1,"6":1,"7":0,"8":0,"9":0,"10":0,"11":1,"12":1,"13":1,"14":1,"15":1},"f":{"0":0,"1":0,"2":0,"3":0},"b":{}}
,"/Users/saeidrafiei/Desktop/NightBFF PRD/app/src/microservices/auth/decorators/current-user.decorator.ts": {"path":"/Users/saeidrafiei/Desktop/NightBFF PRD/app/src/microservices/auth/decorators/current-user.decorator.ts","statementMap":{"0":{"start":{"line":1,"column":0},"end":{"line":1,"column":72}},"1":{"start":{"line":3,"column":13},"end":{"line":8,"column":2}},"2":{"start":{"line":5,"column":20},"end":{"line":5,"column":51}},"3":{"start":{"line":6,"column":4},"end":{"line":6,"column":24}}},"fnMap":{"0":{"name":"(anonymous_0)","decl":{"start":{"line":4,"column":2},"end":{"line":4,"column":3}},"loc":{"start":{"line":4,"column":43},"end":{"line":7,"column":3}}}},"branchMap":{},"s":{"0":5,"1":5,"2":0,"3":0},"f":{"0":0},"b":{}}
,"/Users/saeidrafiei/Desktop/NightBFF PRD/app/src/microservices/auth/decorators/roles.decorator.ts": {"path":"/Users/saeidrafiei/Desktop/NightBFF PRD/app/src/microservices/auth/decorators/roles.decorator.ts","statementMap":{"0":{"start":{"line":1,"column":0},"end":{"line":1,"column":45}},"1":{"start":{"line":4,"column":13},"end":{"line":4,"column":33}},"2":{"start":{"line":5,"column":21},"end":{"line":5,"column":76}},"3":{"start":{"line":5,"column":47},"end":{"line":5,"column":76}},"4":{"start":{"line":5,"column":13},"end":{"line":5,"column":21}}},"fnMap":{"0":{"name":"(anonymous_0)","decl":{"start":{"line":5,"column":21},"end":{"line":5,"column":22}},"loc":{"start":{"line":5,"column":47},"end":{"line":5,"column":76}}}},"branchMap":{},"s":{"0":2,"1":2,"2":2,"3":2,"4":2},"f":{"0":2},"b":{}}
,"/Users/saeidrafiei/Desktop/NightBFF PRD/app/src/microservices/auth/dto/age-verification.dto.ts": {"path":"/Users/saeidrafiei/Desktop/NightBFF PRD/app/src/microservices/auth/dto/age-verification.dto.ts","statementMap":{"0":{"start":{"line":1,"column":0},"end":{"line":1,"column":63}},"1":{"start":{"line":3,"column":0},"end":{"line":3,"column":13}},"2":{"start":{"line":6,"column":2},"end":{"line":6,"column":null}},"3":{"start":{"line":10,"column":2},"end":{"line":10,"column":null}},"4":{"start":{"line":13,"column":2},"end":{"line":13,"column":null}},"5":{"start":{"line":17,"column":2},"end":{"line":17,"column":null}},"6":{"start":{"line":21,"column":2},"end":{"line":21,"column":null}}},"fnMap":{},"branchMap":{},"s":{"0":1,"1":1,"2":1,"3":1,"4":1,"5":1,"6":1},"f":{},"b":{}}
,"/Users/saeidrafiei/Desktop/NightBFF PRD/app/src/microservices/auth/dto/sign-in.dto.ts": {"path":"/Users/saeidrafiei/Desktop/NightBFF PRD/app/src/microservices/auth/dto/sign-in.dto.ts","statementMap":{"0":{"start":{"line":1,"column":0},"end":{"line":1,"column":64}},"1":{"start":{"line":3,"column":0},"end":{"line":3,"column":13}},"2":{"start":{"line":6,"column":2},"end":{"line":6,"column":null}},"3":{"start":{"line":10,"column":2},"end":{"line":10,"column":null}}},"fnMap":{},"branchMap":{},"s":{"0":1,"1":1,"2":1,"3":1},"f":{},"b":{}}
,"/Users/saeidrafiei/Desktop/NightBFF PRD/app/src/microservices/auth/dto/sign-up.dto.ts": {"path":"/Users/saeidrafiei/Desktop/NightBFF PRD/app/src/microservices/auth/dto/sign-up.dto.ts","statementMap":{"0":{"start":{"line":1,"column":0},"end":{"line":1,"column":null}},"1":{"start":{"line":9,"column":0},"end":{"line":9,"column":13}},"2":{"start":{"line":12,"column":2},"end":{"line":12,"column":null}},"3":{"start":{"line":19,"column":2},"end":{"line":19,"column":null}},"4":{"start":{"line":23,"column":2},"end":{"line":23,"column":null}},"5":{"start":{"line":32,"column":2},"end":{"line":32,"column":null}}},"fnMap":{},"branchMap":{},"s":{"0":1,"1":1,"2":1,"3":1,"4":1,"5":1},"f":{},"b":{}}
,"/Users/saeidrafiei/Desktop/NightBFF PRD/app/src/microservices/auth/entities/age-verification.entity.ts": {"path":"/Users/saeidrafiei/Desktop/NightBFF PRD/app/src/microservices/auth/entities/age-verification.entity.ts","statementMap":{"0":{"start":{"line":1,"column":0},"end":{"line":1,"column":null}},"1":{"start":{"line":10,"column":0},"end":{"line":10,"column":37}},"2":{"start":{"line":12,"column":0},"end":{"line":12,"column":null}},"3":{"start":{"line":13,"column":2},"end":{"line":13,"column":null}},"4":{"start":{"line":14,"column":2},"end":{"line":14,"column":null}},"5":{"start":{"line":15,"column":2},"end":{"line":15,"column":null}},"6":{"start":{"line":19,"column":7},"end":{"line":64,"column":null}},"7":{"start":{"line":19,"column":13},"end":{"line":19,"column":28}},"8":{"start":{"line":21,"column":2},"end":{"line":21,"column":null}},"9":{"start":{"line":24,"column":2},"end":{"line":24,"column":null}},"10":{"start":{"line":28,"column":2},"end":{"line":28,"column":null}},"11":{"start":{"line":26,"column":18},"end":{"line":26,"column":22}},"12":{"start":{"line":31,"column":2},"end":{"line":31,"column":null}},"13":{"start":{"line":34,"column":2},"end":{"line":34,"column":null}},"14":{"start":{"line":42,"column":2},"end":{"line":42,"column":null}},"15":{"start":{"line":45,"column":2},"end":{"line":45,"column":null}},"16":{"start":{"line":51,"column":2},"end":{"line":51,"column":null}},"17":{"start":{"line":57,"column":2},"end":{"line":57,"column":null}},"18":{"start":{"line":60,"column":2},"end":{"line":60,"column":null}},"19":{"start":{"line":63,"column":2},"end":{"line":63,"column":null}},"20":{"start":{"line":19,"column":13},"end":{"line":64,"column":null}}},"fnMap":{"0":{"name":"(anonymous_2)","decl":{"start":{"line":12,"column":0},"end":{"line":12,"column":12}},"loc":{"start":{"line":12,"column":33},"end":{"line":16,"column":1}}},"1":{"name":"(anonymous_3)","decl":{"start":{"line":26,"column":12},"end":{"line":26,"column":15}},"loc":{"start":{"line":26,"column":18},"end":{"line":26,"column":22}}}},"branchMap":{"0":{"loc":{"start":{"line":12,"column":12},"end":{"line":12,"column":null}},"type":"binary-expr","locations":[{"start":{"line":12,"column":12},"end":{"line":12,"column":33}},{"start":{"line":12,"column":33},"end":{"line":12,"column":null}}]}},"s":{"0":24,"1":24,"2":24,"3":24,"4":24,"5":24,"6":24,"7":24,"8":24,"9":24,"10":24,"11":1,"12":24,"13":24,"14":24,"15":24,"16":24,"17":24,"18":24,"19":24,"20":24},"f":{"0":24,"1":1},"b":{"0":[24,24]}}
,"/Users/saeidrafiei/Desktop/NightBFF PRD/app/src/microservices/auth/entities/user.entity.ts": {"path":"/Users/saeidrafiei/Desktop/NightBFF PRD/app/src/microservices/auth/entities/user.entity.ts","statementMap":{"0":{"start":{"line":21,"column":0},"end":{"line":21,"column":null}},"1":{"start":{"line":29,"column":0},"end":{"line":29,"column":60}},"2":{"start":{"line":31,"column":0},"end":{"line":31,"column":null}},"3":{"start":{"line":32,"column":2},"end":{"line":32,"column":null}},"4":{"start":{"line":33,"column":2},"end":{"line":33,"column":null}},"5":{"start":{"line":34,"column":2},"end":{"line":34,"column":null}},"6":{"start":{"line":37,"column":0},"end":{"line":37,"column":null}},"7":{"start":{"line":38,"column":2},"end":{"line":38,"column":null}},"8":{"start":{"line":39,"column":2},"end":{"line":39,"column":null}},"9":{"start":{"line":40,"column":2},"end":{"line":40,"column":null}},"10":{"start":{"line":41,"column":2},"end":{"line":41,"column":null}},"11":{"start":{"line":45,"column":7},"end":{"line":139,"column":null}},"12":{"start":{"line":120,"column":4},"end":{"line":125,"column":5}},"13":{"start":{"line":121,"column":6},"end":{"line":124,"column":8}},"14":{"start":{"line":126,"column":4},"end":{"line":126,"column":16}},"15":{"start":{"line":131,"column":4},"end":{"line":137,"column":5}},"16":{"start":{"line":132,"column":6},"end":{"line":132,"column":52}},"17":{"start":{"line":133,"column":6},"end":{"line":133,"column":54}},"18":{"start":{"line":135,"column":6},"end":{"line":135,"column":40}},"19":{"start":{"line":136,"column":6},"end":{"line":136,"column":41}},"20":{"start":{"line":45,"column":13},"end":{"line":45,"column":17}},"21":{"start":{"line":47,"column":2},"end":{"line":47,"column":null}},"22":{"start":{"line":50,"column":2},"end":{"line":50,"column":null}},"23":{"start":{"line":53,"column":2},"end":{"line":53,"column":null}},"24":{"start":{"line":56,"column":2},"end":{"line":56,"column":null}},"25":{"start":{"line":59,"column":2},"end":{"line":59,"column":null}},"26":{"start":{"line":62,"column":2},"end":{"line":62,"column":null}},"27":{"start":{"line":65,"column":2},"end":{"line":65,"column":null}},"28":{"start":{"line":68,"column":2},"end":{"line":68,"column":null}},"29":{"start":{"line":71,"column":2},"end":{"line":71,"column":null}},"30":{"start":{"line":74,"column":2},"end":{"line":74,"column":null}},"31":{"start":{"line":77,"column":2},"end":{"line":77,"column":null}},"32":{"start":{"line":80,"column":2},"end":{"line":80,"column":null}},"33":{"start":{"line":83,"column":2},"end":{"line":83,"column":null}},"34":{"start":{"line":86,"column":2},"end":{"line":86,"column":null}},"35":{"start":{"line":93,"column":2},"end":{"line":93,"column":null}},"36":{"start":{"line":100,"column":2},"end":{"line":100,"column":null}},"37":{"start":{"line":105,"column":2},"end":{"line":105,"column":null}},"38":{"start":{"line":110,"column":2},"end":{"line":110,"column":null}},"39":{"start":{"line":116,"column":2},"end":{"line":116,"column":null}},"40":{"start":{"line":113,"column":10},"end":{"line":113,"column":25}},"41":{"start":{"line":114,"column":42},"end":{"line":114,"column":62}},"42":{"start":{"line":45,"column":13},"end":{"line":139,"column":null}}},"fnMap":{"0":{"name":"(anonymous_2)","decl":{"start":{"line":31,"column":0},"end":{"line":31,"column":12}},"loc":{"start":{"line":31,"column":22},"end":{"line":35,"column":1}}},"1":{"name":"(anonymous_3)","decl":{"start":{"line":37,"column":0},"end":{"line":37,"column":12}},"loc":{"start":{"line":37,"column":20},"end":{"line":42,"column":1}}},"2":{"name":"(anonymous_4)","decl":{"start":{"line":119,"column":2},"end":{"line":119,"column":6}},"loc":{"start":{"line":119,"column":14},"end":{"line":127,"column":3}}},"3":{"name":"(anonymous_5)","decl":{"start":{"line":130,"column":2},"end":{"line":130,"column":6}},"loc":{"start":{"line":130,"column":75},"end":{"line":138,"column":3}}},"4":{"name":"(anonymous_6)","decl":{"start":{"line":113,"column":4},"end":{"line":113,"column":7}},"loc":{"start":{"line":113,"column":10},"end":{"line":113,"column":25}}},"5":{"name":"(anonymous_7)","decl":{"start":{"line":114,"column":4},"end":{"line":114,"column":5}},"loc":{"start":{"line":114,"column":42},"end":{"line":114,"column":62}}}},"branchMap":{"0":{"loc":{"start":{"line":31,"column":12},"end":{"line":31,"column":null}},"type":"binary-expr","locations":[{"start":{"line":31,"column":12},"end":{"line":31,"column":22}},{"start":{"line":31,"column":22},"end":{"line":31,"column":null}}]},"1":{"loc":{"start":{"line":37,"column":12},"end":{"line":37,"column":null}},"type":"binary-expr","locations":[{"start":{"line":37,"column":12},"end":{"line":37,"column":20}},{"start":{"line":37,"column":20},"end":{"line":37,"column":null}}]},"2":{"loc":{"start":{"line":120,"column":4},"end":{"line":125,"column":5}},"type":"if","locations":[{"start":{"line":120,"column":4},"end":{"line":125,"column":5}}]},"3":{"loc":{"start":{"line":120,"column":8},"end":{"line":120,"column":55}},"type":"binary-expr","locations":[{"start":{"line":120,"column":8},"end":{"line":120,"column":29}},{"start":{"line":120,"column":33},"end":{"line":120,"column":55}}]},"4":{"loc":{"start":{"line":131,"column":4},"end":{"line":137,"column":5}},"type":"if","locations":[{"start":{"line":131,"column":4},"end":{"line":137,"column":5}},{"start":{"line":134,"column":11},"end":{"line":137,"column":5}}]}},"s":{"0":24,"1":24,"2":24,"3":24,"4":24,"5":24,"6":24,"7":24,"8":24,"9":24,"10":24,"11":24,"12":0,"13":0,"14":0,"15":0,"16":0,"17":0,"18":0,"19":0,"20":24,"21":24,"22":24,"23":24,"24":24,"25":24,"26":24,"27":24,"28":24,"29":24,"30":24,"31":24,"32":24,"33":24,"34":24,"35":24,"36":24,"37":24,"38":24,"39":24,"40":1,"41":1,"42":24},"f":{"0":24,"1":24,"2":0,"3":0,"4":1,"5":1},"b":{"0":[24,24],"1":[24,24],"2":[0],"3":[0,0],"4":[0,0]}}
,"/Users/saeidrafiei/Desktop/NightBFF PRD/app/src/microservices/auth/guards/jwt-auth.guard.ts": {"path":"/Users/saeidrafiei/Desktop/NightBFF PRD/app/src/microservices/auth/guards/jwt-auth.guard.ts","statementMap":{"0":{"start":{"line":1,"column":0},"end":{"line":1,"column":null}},"1":{"start":{"line":6,"column":0},"end":{"line":6,"column":45}},"2":{"start":{"line":10,"column":7},"end":{"line":23,"column":null}},"3":{"start":{"line":14,"column":4},"end":{"line":14,"column":38}},"4":{"start":{"line":18,"column":4},"end":{"line":20,"column":5}},"5":{"start":{"line":19,"column":6},"end":{"line":19,"column":72}},"6":{"start":{"line":21,"column":4},"end":{"line":21,"column":16}},"7":{"start":{"line":10,"column":13},"end":{"line":10,"column":25}},"8":{"start":{"line":10,"column":13},"end":{"line":23,"column":null}}},"fnMap":{"0":{"name":"(anonymous_1)","decl":{"start":{"line":11,"column":2},"end":{"line":11,"column":13}},"loc":{"start":{"line":12,"column":29},"end":{"line":15,"column":3}}},"1":{"name":"(anonymous_2)","decl":{"start":{"line":17,"column":2},"end":{"line":17,"column":15}},"loc":{"start":{"line":17,"column":35},"end":{"line":22,"column":3}}}},"branchMap":{"0":{"loc":{"start":{"line":18,"column":4},"end":{"line":20,"column":5}},"type":"if","locations":[{"start":{"line":18,"column":4},"end":{"line":20,"column":5}}]},"1":{"loc":{"start":{"line":18,"column":8},"end":{"line":18,"column":20}},"type":"binary-expr","locations":[{"start":{"line":18,"column":8},"end":{"line":18,"column":11}},{"start":{"line":18,"column":15},"end":{"line":18,"column":20}}]},"2":{"loc":{"start":{"line":19,"column":12},"end":{"line":19,"column":71}},"type":"binary-expr","locations":[{"start":{"line":19,"column":12},"end":{"line":19,"column":15}},{"start":{"line":19,"column":19},"end":{"line":19,"column":71}}]}},"s":{"0":6,"1":6,"2":6,"3":0,"4":0,"5":0,"6":0,"7":6,"8":6},"f":{"0":0,"1":0},"b":{"0":[0],"1":[0,0],"2":[0,0]}}
,"/Users/saeidrafiei/Desktop/NightBFF PRD/app/src/microservices/auth/guards/roles.guard.ts": {"path":"/Users/saeidrafiei/Desktop/NightBFF PRD/app/src/microservices/auth/guards/roles.guard.ts","statementMap":{"0":{"start":{"line":1,"column":0},"end":{"line":1,"column":null}},"1":{"start":{"line":7,"column":0},"end":{"line":7,"column":41}},"2":{"start":{"line":8,"column":0},"end":{"line":8,"column":58}},"3":{"start":{"line":12,"column":7},"end":{"line":37,"column":null}},"4":{"start":{"line":13,"column":22},"end":{"line":13,"column":33}},"5":{"start":{"line":16,"column":26},"end":{"line":18,"column":null}},"6":{"start":{"line":21,"column":4},"end":{"line":23,"column":5}},"7":{"start":{"line":22,"column":6},"end":{"line":22,"column":18}},"8":{"start":{"line":25,"column":21},"end":{"line":25,"column":56}},"9":{"start":{"line":27,"column":4},"end":{"line":29,"column":5}},"10":{"start":{"line":28,"column":6},"end":{"line":28,"column":61}},"11":{"start":{"line":31,"column":4},"end":{"line":33,"column":5}},"12":{"start":{"line":32,"column":6},"end":{"line":32,"column":64}},"13":{"start":{"line":35,"column":4},"end":{"line":35,"column":67}},"14":{"start":{"line":35,"column":40},"end":{"line":35,"column":65}},"15":{"start":{"line":12,"column":13},"end":{"line":12,"column":23}},"16":{"start":{"line":12,"column":13},"end":{"line":37,"column":null}}},"fnMap":{"0":{"name":"(anonymous_2)","decl":{"start":{"line":13,"column":2},"end":{"line":13,"column":22}},"loc":{"start":{"line":13,"column":42},"end":{"line":13,"column":46}}},"1":{"name":"(anonymous_3)","decl":{"start":{"line":15,"column":2},"end":{"line":15,"column":13}},"loc":{"start":{"line":15,"column":39},"end":{"line":36,"column":3}}},"2":{"name":"(anonymous_4)","decl":{"start":{"line":35,"column":30},"end":{"line":35,"column":31}},"loc":{"start":{"line":35,"column":40},"end":{"line":35,"column":65}}}},"branchMap":{"0":{"loc":{"start":{"line":21,"column":4},"end":{"line":23,"column":5}},"type":"if","locations":[{"start":{"line":21,"column":4},"end":{"line":23,"column":5}}]},"1":{"loc":{"start":{"line":27,"column":4},"end":{"line":29,"column":5}},"type":"if","locations":[{"start":{"line":27,"column":4},"end":{"line":29,"column":5}}]},"2":{"loc":{"start":{"line":31,"column":4},"end":{"line":33,"column":5}},"type":"if","locations":[{"start":{"line":31,"column":4},"end":{"line":33,"column":5}}]},"3":{"loc":{"start":{"line":31,"column":8},"end":{"line":31,"column":49}},"type":"binary-expr","locations":[{"start":{"line":31,"column":8},"end":{"line":31,"column":19}},{"start":{"line":31,"column":23},"end":{"line":31,"column":49}}]}},"s":{"0":2,"1":2,"2":2,"3":2,"4":0,"5":0,"6":0,"7":0,"8":0,"9":0,"10":0,"11":0,"12":0,"13":0,"14":0,"15":2,"16":2},"f":{"0":0,"1":0,"2":0},"b":{"0":[0],"1":[0],"2":[0],"3":[0,0]}}
,"/Users/saeidrafiei/Desktop/NightBFF PRD/app/src/microservices/auth/repositories/age-verification.repository.ts": {"path":"/Users/saeidrafiei/Desktop/NightBFF PRD/app/src/microservices/auth/repositories/age-verification.repository.ts","statementMap":{"0":{"start":{"line":1,"column":0},"end":{"line":1,"column":63}},"1":{"start":{"line":2,"column":0},"end":{"line":2,"column":51}},"2":{"start":{"line":3,"column":0},"end":{"line":3,"column":37}},"3":{"start":{"line":4,"column":0},"end":{"line":4,"column":null}},"4":{"start":{"line":10,"column":7},"end":{"line":83,"column":null}},"5":{"start":{"line":13,"column":21},"end":{"line":13,"column":48}},"6":{"start":{"line":17,"column":25},"end":{"line":17,"column":68}},"7":{"start":{"line":18,"column":4},"end":{"line":18,"column":61}},"8":{"start":{"line":22,"column":25},"end":{"line":25,"column":6}},"9":{"start":{"line":27,"column":4},"end":{"line":31,"column":5}},"10":{"start":{"line":28,"column":6},"end":{"line":30,"column":8}},"11":{"start":{"line":33,"column":4},"end":{"line":33,"column":24}},"12":{"start":{"line":37,"column":25},"end":{"line":40,"column":6}},"13":{"start":{"line":42,"column":4},"end":{"line":46,"column":5}},"14":{"start":{"line":43,"column":6},"end":{"line":45,"column":8}},"15":{"start":{"line":48,"column":4},"end":{"line":48,"column":24}},"16":{"start":{"line":56,"column":25},"end":{"line":58,"column":6}},"17":{"start":{"line":60,"column":4},"end":{"line":62,"column":5}},"18":{"start":{"line":61,"column":6},"end":{"line":61,"column":78}},"19":{"start":{"line":64,"column":4},"end":{"line":64,"column":33}},"20":{"start":{"line":66,"column":4},"end":{"line":68,"column":5}},"21":{"start":{"line":67,"column":6},"end":{"line":67,"column":43}},"22":{"start":{"line":70,"column":4},"end":{"line":72,"column":5}},"23":{"start":{"line":71,"column":6},"end":{"line":71,"column":53}},"24":{"start":{"line":74,"column":4},"end":{"line":74,"column":61}},"25":{"start":{"line":78,"column":18},"end":{"line":80,"column":6}},"26":{"start":{"line":81,"column":4},"end":{"line":81,"column":21}},"27":{"start":{"line":10,"column":13},"end":{"line":10,"column":38}},"28":{"start":{"line":10,"column":13},"end":{"line":83,"column":null}}},"fnMap":{"0":{"name":"(anonymous_4)","decl":{"start":{"line":11,"column":2},"end":{"line":11,"column":null}},"loc":{"start":{"line":13,"column":75},"end":{"line":14,"column":6}}},"1":{"name":"(anonymous_5)","decl":{"start":{"line":16,"column":2},"end":{"line":16,"column":7}},"loc":{"start":{"line":16,"column":45},"end":{"line":19,"column":3}}},"2":{"name":"(anonymous_6)","decl":{"start":{"line":21,"column":2},"end":{"line":21,"column":7}},"loc":{"start":{"line":21,"column":35},"end":{"line":34,"column":3}}},"3":{"name":"(anonymous_7)","decl":{"start":{"line":36,"column":2},"end":{"line":36,"column":7}},"loc":{"start":{"line":36,"column":43},"end":{"line":49,"column":3}}},"4":{"name":"(anonymous_8)","decl":{"start":{"line":51,"column":2},"end":{"line":51,"column":7}},"loc":{"start":{"line":54,"column":28},"end":{"line":75,"column":3}}},"5":{"name":"(anonymous_9)","decl":{"start":{"line":77,"column":2},"end":{"line":77,"column":7}},"loc":{"start":{"line":77,"column":29},"end":{"line":82,"column":3}}}},"branchMap":{"0":{"loc":{"start":{"line":27,"column":4},"end":{"line":31,"column":5}},"type":"if","locations":[{"start":{"line":27,"column":4},"end":{"line":31,"column":5}}]},"1":{"loc":{"start":{"line":42,"column":4},"end":{"line":46,"column":5}},"type":"if","locations":[{"start":{"line":42,"column":4},"end":{"line":46,"column":5}}]},"2":{"loc":{"start":{"line":60,"column":4},"end":{"line":62,"column":5}},"type":"if","locations":[{"start":{"line":60,"column":4},"end":{"line":62,"column":5}}]},"3":{"loc":{"start":{"line":66,"column":4},"end":{"line":68,"column":5}},"type":"if","locations":[{"start":{"line":66,"column":4},"end":{"line":68,"column":5}}]},"4":{"loc":{"start":{"line":70,"column":4},"end":{"line":72,"column":5}},"type":"if","locations":[{"start":{"line":70,"column":4},"end":{"line":72,"column":5}}]}},"s":{"0":1,"1":1,"2":1,"3":1,"4":1,"5":0,"6":0,"7":0,"8":0,"9":0,"10":0,"11":0,"12":0,"13":0,"14":0,"15":0,"16":0,"17":0,"18":0,"19":0,"20":0,"21":0,"22":0,"23":0,"24":0,"25":0,"26":0,"27":1,"28":1},"f":{"0":0,"1":0,"2":0,"3":0,"4":0,"5":0},"b":{"0":[0],"1":[0],"2":[0],"3":[0],"4":[0]}}
,"/Users/saeidrafiei/Desktop/NightBFF PRD/app/src/microservices/auth/repositories/auth.repository.ts": {"path":"/Users/saeidrafiei/Desktop/NightBFF PRD/app/src/microservices/auth/repositories/auth.repository.ts","statementMap":{"0":{"start":{"line":1,"column":0},"end":{"line":1,"column":74}},"1":{"start":{"line":2,"column":0},"end":{"line":2,"column":71}},"2":{"start":{"line":3,"column":0},"end":{"line":3,"column":47}},"3":{"start":{"line":4,"column":0},"end":{"line":4,"column":51}},"4":{"start":{"line":5,"column":0},"end":{"line":5,"column":37}},"5":{"start":{"line":9,"column":7},"end":{"line":159,"column":null}},"6":{"start":{"line":11,"column":21},"end":{"line":11,"column":39}},"7":{"start":{"line":13,"column":21},"end":{"line":13,"column":37}},"8":{"start":{"line":17,"column":4},"end":{"line":38,"column":5}},"9":{"start":{"line":18,"column":23},"end":{"line":18,"column":56}},"10":{"start":{"line":20,"column":30},"end":{"line":24,"column":17}},"11":{"start":{"line":26,"column":6},"end":{"line":30,"column":7}},"12":{"start":{"line":27,"column":8},"end":{"line":29,"column":10}},"13":{"start":{"line":32,"column":6},"end":{"line":32,"column":26}},"14":{"start":{"line":34,"column":6},"end":{"line":36,"column":7}},"15":{"start":{"line":35,"column":8},"end":{"line":35,"column":20}},"16":{"start":{"line":37,"column":6},"end":{"line":37,"column":70}},"17":{"start":{"line":42,"column":4},"end":{"line":44,"column":5}},"18":{"start":{"line":43,"column":6},"end":{"line":43,"column":18}},"19":{"start":{"line":46,"column":4},"end":{"line":60,"column":5}},"20":{"start":{"line":47,"column":19},"end":{"line":47,"column":79}},"21":{"start":{"line":48,"column":6},"end":{"line":50,"column":7}},"22":{"start":{"line":49,"column":8},"end":{"line":49,"column":20}},"23":{"start":{"line":51,"column":6},"end":{"line":51,"column":18}},"24":{"start":{"line":53,"column":6},"end":{"line":56,"column":8}},"25":{"start":{"line":57,"column":6},"end":{"line":59,"column":8}},"26":{"start":{"line":64,"column":4},"end":{"line":75,"column":5}},"27":{"start":{"line":65,"column":19},"end":{"line":65,"column":74}},"28":{"start":{"line":66,"column":6},"end":{"line":66,"column":18}},"29":{"start":{"line":68,"column":6},"end":{"line":71,"column":8}},"30":{"start":{"line":72,"column":6},"end":{"line":74,"column":8}},"31":{"start":{"line":80,"column":4},"end":{"line":80,"column":36}},"32":{"start":{"line":87,"column":4},"end":{"line":108,"column":5}},"33":{"start":{"line":88,"column":23},"end":{"line":88,"column":56}},"34":{"start":{"line":90,"column":30},"end":{"line":95,"column":17}},"35":{"start":{"line":97,"column":6},"end":{"line":101,"column":7}},"36":{"start":{"line":98,"column":8},"end":{"line":100,"column":10}},"37":{"start":{"line":103,"column":6},"end":{"line":103,"column":26}},"38":{"start":{"line":105,"column":6},"end":{"line":107,"column":8}},"39":{"start":{"line":115,"column":4},"end":{"line":134,"column":5}},"40":{"start":{"line":116,"column":23},"end":{"line":116,"column":56}},"41":{"start":{"line":118,"column":30},"end":{"line":123,"column":17}},"42":{"start":{"line":125,"column":6},"end":{"line":129,"column":7}},"43":{"start":{"line":126,"column":8},"end":{"line":128,"column":10}},"44":{"start":{"line":131,"column":6},"end":{"line":131,"column":26}},"45":{"start":{"line":133,"column":6},"end":{"line":133,"column":78}},"46":{"start":{"line":138,"column":4},"end":{"line":157,"column":5}},"47":{"start":{"line":139,"column":23},"end":{"line":139,"column":56}},"48":{"start":{"line":141,"column":30},"end":{"line":146,"column":17}},"49":{"start":{"line":148,"column":6},"end":{"line":152,"column":7}},"50":{"start":{"line":149,"column":8},"end":{"line":151,"column":10}},"51":{"start":{"line":154,"column":6},"end":{"line":154,"column":26}},"52":{"start":{"line":156,"column":6},"end":{"line":156,"column":76}},"53":{"start":{"line":9,"column":13},"end":{"line":9,"column":27}},"54":{"start":{"line":9,"column":13},"end":{"line":159,"column":null}}},"fnMap":{"0":{"name":"(anonymous_4)","decl":{"start":{"line":10,"column":2},"end":{"line":10,"column":null}},"loc":{"start":{"line":13,"column":53},"end":{"line":14,"column":6}}},"1":{"name":"(anonymous_5)","decl":{"start":{"line":16,"column":2},"end":{"line":16,"column":7}},"loc":{"start":{"line":16,"column":38},"end":{"line":39,"column":3}}},"2":{"name":"(anonymous_6)","decl":{"start":{"line":41,"column":2},"end":{"line":41,"column":7}},"loc":{"start":{"line":41,"column":35},"end":{"line":61,"column":3}}},"3":{"name":"(anonymous_7)","decl":{"start":{"line":63,"column":2},"end":{"line":63,"column":7}},"loc":{"start":{"line":63,"column":36},"end":{"line":76,"column":3}}},"4":{"name":"(anonymous_8)","decl":{"start":{"line":79,"column":2},"end":{"line":79,"column":7}},"loc":{"start":{"line":79,"column":31},"end":{"line":81,"column":3}}},"5":{"name":"(anonymous_9)","decl":{"start":{"line":83,"column":2},"end":{"line":83,"column":7}},"loc":{"start":{"line":85,"column":23},"end":{"line":109,"column":3}}},"6":{"name":"(anonymous_10)","decl":{"start":{"line":111,"column":2},"end":{"line":111,"column":7}},"loc":{"start":{"line":113,"column":30},"end":{"line":135,"column":3}}},"7":{"name":"(anonymous_11)","decl":{"start":{"line":137,"column":2},"end":{"line":137,"column":7}},"loc":{"start":{"line":137,"column":62},"end":{"line":158,"column":3}}}},"branchMap":{"0":{"loc":{"start":{"line":26,"column":6},"end":{"line":30,"column":7}},"type":"if","locations":[{"start":{"line":26,"column":6},"end":{"line":30,"column":7}}]},"1":{"loc":{"start":{"line":34,"column":6},"end":{"line":36,"column":7}},"type":"if","locations":[{"start":{"line":34,"column":6},"end":{"line":36,"column":7}}]},"2":{"loc":{"start":{"line":42,"column":4},"end":{"line":44,"column":5}},"type":"if","locations":[{"start":{"line":42,"column":4},"end":{"line":44,"column":5}}]},"3":{"loc":{"start":{"line":48,"column":6},"end":{"line":50,"column":7}},"type":"if","locations":[{"start":{"line":48,"column":6},"end":{"line":50,"column":7}}]},"4":{"loc":{"start":{"line":97,"column":6},"end":{"line":101,"column":7}},"type":"if","locations":[{"start":{"line":97,"column":6},"end":{"line":101,"column":7}}]},"5":{"loc":{"start":{"line":125,"column":6},"end":{"line":129,"column":7}},"type":"if","locations":[{"start":{"line":125,"column":6},"end":{"line":129,"column":7}}]},"6":{"loc":{"start":{"line":148,"column":6},"end":{"line":152,"column":7}},"type":"if","locations":[{"start":{"line":148,"column":6},"end":{"line":152,"column":7}}]}},"s":{"0":2,"1":2,"2":2,"3":2,"4":2,"5":2,"6":0,"7":0,"8":0,"9":0,"10":0,"11":0,"12":0,"13":0,"14":0,"15":0,"16":0,"17":0,"18":0,"19":0,"20":0,"21":0,"22":0,"23":0,"24":0,"25":0,"26":0,"27":0,"28":0,"29":0,"30":0,"31":0,"32":0,"33":0,"34":0,"35":0,"36":0,"37":0,"38":0,"39":0,"40":0,"41":0,"42":0,"43":0,"44":0,"45":0,"46":0,"47":0,"48":0,"49":0,"50":0,"51":0,"52":0,"53":2,"54":2},"f":{"0":0,"1":0,"2":0,"3":0,"4":0,"5":0,"6":0,"7":0},"b":{"0":[0],"1":[0],"2":[0],"3":[0],"4":[0],"5":[0],"6":[0]}}
,"/Users/saeidrafiei/Desktop/NightBFF PRD/app/src/microservices/auth/services/age-verification.service.ts": {"path":"/Users/saeidrafiei/Desktop/NightBFF PRD/app/src/microservices/auth/services/age-verification.service.ts","statementMap":{"0":{"start":{"line":1,"column":0},"end":{"line":1,"column":null}},"1":{"start":{"line":7,"column":0},"end":{"line":7,"column":88}},"2":{"start":{"line":8,"column":0},"end":{"line":8,"column":65}},"3":{"start":{"line":9,"column":0},"end":{"line":9,"column":49}},"4":{"start":{"line":10,"column":0},"end":{"line":10,"column":76}},"5":{"start":{"line":13,"column":35},"end":{"line":187,"column":null}},"6":{"start":{"line":17,"column":21},"end":{"line":17,"column":48}},"7":{"start":{"line":18,"column":21},"end":{"line":18,"column":37}},"8":{"start":{"line":19,"column":21},"end":{"line":19,"column":36}},"9":{"start":{"line":14,"column":19},"end":{"line":14,"column":68}},"10":{"start":{"line":31,"column":6},"end":{"line":31,"column":57}},"11":{"start":{"line":32,"column":4},"end":{"line":36,"column":5}},"12":{"start":{"line":33,"column":6},"end":{"line":35,"column":8}},"13":{"start":{"line":39,"column":17},"end":{"line":39,"column":59}},"14":{"start":{"line":40,"column":4},"end":{"line":42,"column":5}},"15":{"start":{"line":41,"column":6},"end":{"line":41,"column":70}},"16":{"start":{"line":45,"column":24},"end":{"line":48,"column":null}},"17":{"start":{"line":52,"column":4},"end":{"line":57,"column":6}},"18":{"start":{"line":60,"column":4},"end":{"line":62,"column":5}},"19":{"start":{"line":61,"column":6},"end":{"line":61,"column":76}},"20":{"start":{"line":65,"column":20},"end":{"line":65,"column":69}},"21":{"start":{"line":68,"column":25},"end":{"line":74,"column":6}},"22":{"start":{"line":76,"column":4},"end":{"line":80,"column":6}},"23":{"start":{"line":84,"column":4},"end":{"line":133,"column":5}},"24":{"start":{"line":86,"column":8},"end":{"line":86,"column":65}},"25":{"start":{"line":89,"column":6},"end":{"line":116,"column":7}},"26":{"start":{"line":93,"column":28},"end":{"line":94,"column":null}},"27":{"start":{"line":98,"column":8},"end":{"line":115,"column":9}},"28":{"start":{"line":99,"column":10},"end":{"line":114,"column":11}},"29":{"start":{"line":100,"column":12},"end":{"line":104,"column":14}},"30":{"start":{"line":105,"column":12},"end":{"line":105,"column":65}},"31":{"start":{"line":107,"column":12},"end":{"line":112,"column":14}},"32":{"start":{"line":113,"column":12},"end":{"line":113,"column":65}},"33":{"start":{"line":118,"column":6},"end":{"line":124,"column":8}},"34":{"start":{"line":126,"column":6},"end":{"line":131,"column":7}},"35":{"start":{"line":127,"column":8},"end":{"line":130,"column":10}},"36":{"start":{"line":132,"column":6},"end":{"line":132,"column":18}},"37":{"start":{"line":137,"column":4},"end":{"line":167,"column":5}},"38":{"start":{"line":139,"column":8},"end":{"line":139,"column":73}},"39":{"start":{"line":140,"column":26},"end":{"line":140,"column":74}},"40":{"start":{"line":142,"column":6},"end":{"line":157,"column":7}},"41":{"start":{"line":143,"column":8},"end":{"line":156,"column":9}},"42":{"start":{"line":144,"column":10},"end":{"line":148,"column":12}},"43":{"start":{"line":150,"column":10},"end":{"line":155,"column":12}},"44":{"start":{"line":159,"column":6},"end":{"line":159,"column":31}},"45":{"start":{"line":161,"column":6},"end":{"line":164,"column":8}},"46":{"start":{"line":166,"column":6},"end":{"line":166,"column":31}},"47":{"start":{"line":176,"column":4},"end":{"line":180,"column":6}},"48":{"start":{"line":183,"column":4},"end":{"line":185,"column":5}},"49":{"start":{"line":184,"column":6},"end":{"line":184,"column":74}},"50":{"start":{"line":13,"column":13},"end":{"line":13,"column":35}},"51":{"start":{"line":13,"column":13},"end":{"line":187,"column":null}}},"fnMap":{"0":{"name":"(anonymous_2)","decl":{"start":{"line":16,"column":2},"end":{"line":16,"column":null}},"loc":{"start":{"line":19,"column":49},"end":{"line":20,"column":6}}},"1":{"name":"(anonymous_3)","decl":{"start":{"line":22,"column":2},"end":{"line":22,"column":7}},"loc":{"start":{"line":27,"column":30},"end":{"line":81,"column":3}}},"2":{"name":"(anonymous_4)","decl":{"start":{"line":83,"column":2},"end":{"line":83,"column":7}},"loc":{"start":{"line":83,"column":44},"end":{"line":134,"column":3}}},"3":{"name":"(anonymous_5)","decl":{"start":{"line":136,"column":2},"end":{"line":136,"column":7}},"loc":{"start":{"line":136,"column":51},"end":{"line":168,"column":3}}},"4":{"name":"(anonymous_6)","decl":{"start":{"line":170,"column":10},"end":{"line":170,"column":15}},"loc":{"start":{"line":174,"column":28},"end":{"line":186,"column":3}}}},"branchMap":{"0":{"loc":{"start":{"line":32,"column":4},"end":{"line":36,"column":5}},"type":"if","locations":[{"start":{"line":32,"column":4},"end":{"line":36,"column":5}}]},"1":{"loc":{"start":{"line":40,"column":4},"end":{"line":42,"column":5}},"type":"if","locations":[{"start":{"line":40,"column":4},"end":{"line":42,"column":5}}]},"2":{"loc":{"start":{"line":46,"column":6},"end":{"line":46,"column":46}},"type":"binary-expr","locations":[{"start":{"line":46,"column":6},"end":{"line":46,"column":36}},{"start":{"line":46,"column":40},"end":{"line":46,"column":46}}]},"3":{"loc":{"start":{"line":47,"column":6},"end":{"line":47,"column":62}},"type":"binary-expr","locations":[{"start":{"line":47,"column":6},"end":{"line":47,"column":52}},{"start":{"line":47,"column":56},"end":{"line":47,"column":62}}]},"4":{"loc":{"start":{"line":60,"column":4},"end":{"line":62,"column":5}},"type":"if","locations":[{"start":{"line":60,"column":4},"end":{"line":62,"column":5}}]},"5":{"loc":{"start":{"line":89,"column":6},"end":{"line":116,"column":7}},"type":"if","locations":[{"start":{"line":89,"column":6},"end":{"line":116,"column":7}}]},"6":{"loc":{"start":{"line":90,"column":8},"end":{"line":91,"column":34}},"type":"binary-expr","locations":[{"start":{"line":90,"column":8},"end":{"line":90,"column":61}},{"start":{"line":91,"column":8},"end":{"line":91,"column":34}}]},"7":{"loc":{"start":{"line":98,"column":8},"end":{"line":115,"column":9}},"type":"if","locations":[{"start":{"line":98,"column":8},"end":{"line":115,"column":9}}]},"8":{"loc":{"start":{"line":99,"column":10},"end":{"line":114,"column":11}},"type":"if","locations":[{"start":{"line":99,"column":10},"end":{"line":114,"column":11}},{"start":{"line":106,"column":17},"end":{"line":114,"column":11}}]},"9":{"loc":{"start":{"line":126,"column":6},"end":{"line":131,"column":7}},"type":"if","locations":[{"start":{"line":126,"column":6},"end":{"line":131,"column":7}}]},"10":{"loc":{"start":{"line":142,"column":6},"end":{"line":157,"column":7}},"type":"if","locations":[{"start":{"line":142,"column":6},"end":{"line":157,"column":7}}]},"11":{"loc":{"start":{"line":143,"column":8},"end":{"line":156,"column":9}},"type":"if","locations":[{"start":{"line":143,"column":8},"end":{"line":156,"column":9}},{"start":{"line":149,"column":15},"end":{"line":156,"column":9}}]},"12":{"loc":{"start":{"line":183,"column":4},"end":{"line":185,"column":5}},"type":"if","locations":[{"start":{"line":183,"column":4},"end":{"line":185,"column":5}}]}},"s":{"0":1,"1":1,"2":1,"3":1,"4":1,"5":1,"6":0,"7":0,"8":0,"9":0,"10":0,"11":0,"12":0,"13":0,"14":0,"15":0,"16":0,"17":0,"18":0,"19":0,"20":0,"21":0,"22":0,"23":0,"24":0,"25":0,"26":0,"27":0,"28":0,"29":0,"30":0,"31":0,"32":0,"33":0,"34":0,"35":0,"36":0,"37":0,"38":0,"39":0,"40":0,"41":0,"42":0,"43":0,"44":0,"45":0,"46":0,"47":0,"48":0,"49":0,"50":1,"51":1},"f":{"0":0,"1":0,"2":0,"3":0,"4":0},"b":{"0":[0],"1":[0],"2":[0,0],"3":[0,0],"4":[0],"5":[0],"6":[0,0],"7":[0],"8":[0,0],"9":[0],"10":[0],"11":[0,0],"12":[0]}}
,"/Users/saeidrafiei/Desktop/NightBFF PRD/app/src/microservices/auth/services/onfido.service.ts": {"path":"/Users/saeidrafiei/Desktop/NightBFF PRD/app/src/microservices/auth/services/onfido.service.ts","statementMap":{"0":{"start":{"line":1,"column":0},"end":{"line":1,"column":null}},"1":{"start":{"line":6,"column":0},"end":{"line":6,"column":47}},"2":{"start":{"line":7,"column":0},"end":{"line":7,"column":26}},"3":{"start":{"line":35,"column":26},"end":{"line":239,"column":null}},"4":{"start":{"line":40,"column":31},"end":{"line":40,"column":46}},"5":{"start":{"line":37,"column":19},"end":{"line":37,"column":57}},"6":{"start":{"line":38,"column":19},"end":{"line":38,"column":59}},"7":{"start":{"line":41,"column":4},"end":{"line":41,"column":73}},"8":{"start":{"line":42,"column":4},"end":{"line":46,"column":5}},"9":{"start":{"line":43,"column":6},"end":{"line":45,"column":8}},"10":{"start":{"line":61,"column":4},"end":{"line":86,"column":5}},"11":{"start":{"line":62,"column":23},"end":{"line":74,"column":null}},"12":{"start":{"line":77,"column":6},"end":{"line":77,"column":30}},"13":{"start":{"line":79,"column":6},"end":{"line":82,"column":8}},"14":{"start":{"line":83,"column":6},"end":{"line":85,"column":8}},"15":{"start":{"line":103,"column":4},"end":{"line":134,"column":5}},"16":{"start":{"line":104,"column":31},"end":{"line":108,"column":8}},"17":{"start":{"line":110,"column":6},"end":{"line":112,"column":7}},"18":{"start":{"line":111,"column":8},"end":{"line":111,"column":53}},"19":{"start":{"line":114,"column":23},"end":{"line":122,"column":null}},"20":{"start":{"line":125,"column":6},"end":{"line":125,"column":30}},"21":{"start":{"line":127,"column":6},"end":{"line":130,"column":8}},"22":{"start":{"line":131,"column":6},"end":{"line":133,"column":8}},"23":{"start":{"line":147,"column":4},"end":{"line":171,"column":5}},"24":{"start":{"line":148,"column":23},"end":{"line":159,"column":null}},"25":{"start":{"line":162,"column":6},"end":{"line":162,"column":30}},"26":{"start":{"line":164,"column":6},"end":{"line":167,"column":8}},"27":{"start":{"line":168,"column":6},"end":{"line":170,"column":8}},"28":{"start":{"line":180,"column":4},"end":{"line":204,"column":5}},"29":{"start":{"line":181,"column":23},"end":{"line":192,"column":null}},"30":{"start":{"line":195,"column":6},"end":{"line":195,"column":30}},"31":{"start":{"line":197,"column":6},"end":{"line":200,"column":8}},"32":{"start":{"line":201,"column":6},"end":{"line":203,"column":8}},"33":{"start":{"line":215,"column":4},"end":{"line":237,"column":5}},"34":{"start":{"line":216,"column":23},"end":{"line":222,"column":null}},"35":{"start":{"line":225,"column":6},"end":{"line":228,"column":8}},"36":{"start":{"line":230,"column":6},"end":{"line":233,"column":8}},"37":{"start":{"line":234,"column":6},"end":{"line":236,"column":8}},"38":{"start":{"line":35,"column":13},"end":{"line":35,"column":26}},"39":{"start":{"line":35,"column":13},"end":{"line":239,"column":null}}},"fnMap":{"0":{"name":"(anonymous_3)","decl":{"start":{"line":40,"column":2},"end":{"line":40,"column":31}},"loc":{"start":{"line":40,"column":59},"end":{"line":47,"column":3}}},"1":{"name":"(anonymous_4)","decl":{"start":{"line":56,"column":2},"end":{"line":56,"column":7}},"loc":{"start":{"line":59,"column":17},"end":{"line":87,"column":3}}},"2":{"name":"(anonymous_5)","decl":{"start":{"line":97,"column":2},"end":{"line":97,"column":7}},"loc":{"start":{"line":101,"column":28},"end":{"line":135,"column":3}}},"3":{"name":"(anonymous_6)","decl":{"start":{"line":143,"column":2},"end":{"line":143,"column":7}},"loc":{"start":{"line":145,"column":29},"end":{"line":172,"column":3}}},"4":{"name":"(anonymous_7)","decl":{"start":{"line":179,"column":2},"end":{"line":179,"column":7}},"loc":{"start":{"line":179,"column":39},"end":{"line":205,"column":3}}},"5":{"name":"(anonymous_8)","decl":{"start":{"line":212,"column":2},"end":{"line":212,"column":7}},"loc":{"start":{"line":213,"column":19},"end":{"line":238,"column":3}}}},"branchMap":{"0":{"loc":{"start":{"line":41,"column":18},"end":{"line":41,"column":72}},"type":"binary-expr","locations":[{"start":{"line":41,"column":18},"end":{"line":41,"column":66}},{"start":{"line":41,"column":70},"end":{"line":41,"column":72}}]},"1":{"loc":{"start":{"line":42,"column":4},"end":{"line":46,"column":5}},"type":"if","locations":[{"start":{"line":42,"column":4},"end":{"line":46,"column":5}}]},"2":{"loc":{"start":{"line":110,"column":6},"end":{"line":112,"column":7}},"type":"if","locations":[{"start":{"line":110,"column":6},"end":{"line":112,"column":7}}]}},"s":{"0":1,"1":1,"2":1,"3":1,"4":1,"5":1,"6":1,"7":1,"8":1,"9":1,"10":0,"11":0,"12":0,"13":0,"14":0,"15":0,"16":0,"17":0,"18":0,"19":0,"20":0,"21":0,"22":0,"23":0,"24":0,"25":0,"26":0,"27":0,"28":0,"29":0,"30":0,"31":0,"32":0,"33":0,"34":0,"35":0,"36":0,"37":0,"38":1,"39":1},"f":{"0":1,"1":0,"2":0,"3":0,"4":0,"5":0},"b":{"0":[1,1],"1":[1],"2":[0]}}
,"/Users/saeidrafiei/Desktop/NightBFF PRD/app/src/microservices/auth/strategies/jwt.strategy.ts": {"path":"/Users/saeidrafiei/Desktop/NightBFF PRD/app/src/microservices/auth/strategies/jwt.strategy.ts","statementMap":{"0":{"start":{"line":1,"column":0},"end":{"line":1,"column":67}},"1":{"start":{"line":2,"column":0},"end":{"line":2,"column":52}},"2":{"start":{"line":3,"column":0},"end":{"line":3,"column":52}},"3":{"start":{"line":4,"column":0},"end":{"line":4,"column":47}},"4":{"start":{"line":5,"column":0},"end":{"line":5,"column":65}},"5":{"start":{"line":8,"column":7},"end":{"line":63,"column":null}},"6":{"start":{"line":13,"column":19},"end":{"line":13,"column":64}},"7":{"start":{"line":14,"column":4},"end":{"line":16,"column":5}},"8":{"start":{"line":15,"column":6},"end":{"line":15,"column":75}},"9":{"start":{"line":17,"column":4},"end":{"line":21,"column":7}},"10":{"start":{"line":10,"column":21},"end":{"line":10,"column":36}},"11":{"start":{"line":11,"column":21},"end":{"line":11,"column":37}},"12":{"start":{"line":25,"column":4},"end":{"line":28,"column":6}},"13":{"start":{"line":29,"column":28},"end":{"line":29,"column":35}},"14":{"start":{"line":30,"column":4},"end":{"line":33,"column":5}},"15":{"start":{"line":31,"column":6},"end":{"line":31,"column":69}},"16":{"start":{"line":32,"column":6},"end":{"line":32,"column":63}},"17":{"start":{"line":35,"column":4},"end":{"line":35,"column":71}},"18":{"start":{"line":36,"column":4},"end":{"line":61,"column":5}},"19":{"start":{"line":37,"column":19},"end":{"line":37,"column":64}},"20":{"start":{"line":38,"column":6},"end":{"line":40,"column":8}},"21":{"start":{"line":42,"column":6},"end":{"line":47,"column":7}},"22":{"start":{"line":43,"column":8},"end":{"line":45,"column":10}},"23":{"start":{"line":46,"column":8},"end":{"line":46,"column":75}},"24":{"start":{"line":49,"column":6},"end":{"line":51,"column":8}},"25":{"start":{"line":52,"column":6},"end":{"line":52,"column":18}},"26":{"start":{"line":54,"column":6},"end":{"line":57,"column":8}},"27":{"start":{"line":58,"column":6},"end":{"line":60,"column":8}},"28":{"start":{"line":8,"column":13},"end":{"line":8,"column":24}},"29":{"start":{"line":8,"column":13},"end":{"line":63,"column":null}}},"fnMap":{"0":{"name":"(anonymous_2)","decl":{"start":{"line":9,"column":2},"end":{"line":9,"column":null}},"loc":{"start":{"line":11,"column":51},"end":{"line":22,"column":3}}},"1":{"name":"(anonymous_3)","decl":{"start":{"line":24,"column":2},"end":{"line":24,"column":7}},"loc":{"start":{"line":24,"column":29},"end":{"line":62,"column":3}}}},"branchMap":{"0":{"loc":{"start":{"line":13,"column":19},"end":{"line":13,"column":64}},"type":"binary-expr","locations":[{"start":{"line":13,"column":19},"end":{"line":13,"column":58}},{"start":{"line":13,"column":62},"end":{"line":13,"column":64}}]},"1":{"loc":{"start":{"line":14,"column":4},"end":{"line":16,"column":5}},"type":"if","locations":[{"start":{"line":14,"column":4},"end":{"line":16,"column":5}}]},"2":{"loc":{"start":{"line":30,"column":4},"end":{"line":33,"column":5}},"type":"if","locations":[{"start":{"line":30,"column":4},"end":{"line":33,"column":5}}]},"3":{"loc":{"start":{"line":39,"column":48},"end":{"line":39,"column":71}},"type":"cond-expr","locations":[{"start":{"line":39,"column":55},"end":{"line":39,"column":62}},{"start":{"line":39,"column":65},"end":{"line":39,"column":71}}]},"4":{"loc":{"start":{"line":42,"column":6},"end":{"line":47,"column":7}},"type":"if","locations":[{"start":{"line":42,"column":6},"end":{"line":47,"column":7}}]}},"s":{"0":1,"1":1,"2":1,"3":1,"4":1,"5":1,"6":0,"7":0,"8":0,"9":0,"10":0,"11":0,"12":0,"13":0,"14":0,"15":0,"16":0,"17":0,"18":0,"19":0,"20":0,"21":0,"22":0,"23":0,"24":0,"25":0,"26":0,"27":0,"28":1,"29":1},"f":{"0":0,"1":0},"b":{"0":[0,0],"1":[0],"2":[0],"3":[0,0],"4":[0]}}
,"/Users/saeidrafiei/Desktop/NightBFF PRD/app/src/microservices/chat/chat.module.ts": {"path":"/Users/saeidrafiei/Desktop/NightBFF PRD/app/src/microservices/chat/chat.module.ts","statementMap":{"0":{"start":{"line":1,"column":0},"end":{"line":1,"column":40}},"1":{"start":{"line":4,"column":0},"end":{"line":4,"column":40}},"2":{"start":{"line":5,"column":0},"end":{"line":5,"column":61}},"3":{"start":{"line":6,"column":0},"end":{"line":6,"column":59}},"4":{"start":{"line":13,"column":0},"end":{"line":13,"column":63}},"5":{"start":{"line":14,"column":0},"end":{"line":14,"column":69}},"6":{"start":{"line":15,"column":0},"end":{"line":15,"column":88}},"7":{"start":{"line":16,"column":0},"end":{"line":16,"column":78}},"8":{"start":{"line":19,"column":0},"end":{"line":19,"column":54}},"9":{"start":{"line":20,"column":0},"end":{"line":20,"column":60}},"10":{"start":{"line":21,"column":0},"end":{"line":21,"column":69}},"11":{"start":{"line":22,"column":0},"end":{"line":22,"column":88}},"12":{"start":{"line":25,"column":0},"end":{"line":25,"column":54}},"13":{"start":{"line":26,"column":0},"end":{"line":26,"column":67}},"14":{"start":{"line":29,"column":0},"end":{"line":29,"column":52}},"15":{"start":{"line":30,"column":0},"end":{"line":30,"column":49}},"16":{"start":{"line":31,"column":0},"end":{"line":31,"column":71}},"17":{"start":{"line":83,"column":7},"end":{"line":83,"column":null}},"18":{"start":{"line":83,"column":13},"end":{"line":83,"column":23}},"19":{"start":{"line":83,"column":13},"end":{"line":83,"column":null}},"20":{"start":{"line":56,"column":53},"end":{"line":61,"column":8}}},"fnMap":{"0":{"name":"(anonymous_1)","decl":{"start":{"line":56,"column":18},"end":{"line":56,"column":19}},"loc":{"start":{"line":56,"column":53},"end":{"line":61,"column":8}}}},"branchMap":{},"s":{"0":1,"1":1,"2":1,"3":1,"4":1,"5":1,"6":1,"7":1,"8":1,"9":1,"10":1,"11":1,"12":1,"13":1,"14":1,"15":1,"16":1,"17":1,"18":1,"19":1,"20":1},"f":{"0":1},"b":{}}
,"/Users/saeidrafiei/Desktop/NightBFF PRD/app/src/microservices/chat/chat.repository.ts": {"path":"/Users/saeidrafiei/Desktop/NightBFF PRD/app/src/microservices/chat/chat.repository.ts","statementMap":{"0":{"start":{"line":1,"column":0},"end":{"line":1,"column":44}},"1":{"start":{"line":2,"column":0},"end":{"line":2,"column":51}},"2":{"start":{"line":3,"column":0},"end":{"line":3,"column":54}},"3":{"start":{"line":4,"column":0},"end":{"line":4,"column":56}},"4":{"start":{"line":5,"column":0},"end":{"line":5,"column":67}},"5":{"start":{"line":12,"column":7},"end":{"line":183,"column":null}},"6":{"start":{"line":15,"column":12},"end":{"line":15,"column":28}},"7":{"start":{"line":17,"column":12},"end":{"line":17,"column":31}},"8":{"start":{"line":24,"column":17},"end":{"line":32,"column":6}},"9":{"start":{"line":34,"column":4},"end":{"line":34,"column":42}},"10":{"start":{"line":38,"column":4},"end":{"line":41,"column":7}},"11":{"start":{"line":45,"column":4},"end":{"line":51,"column":17}},"12":{"start":{"line":55,"column":4},"end":{"line":61,"column":7}},"13":{"start":{"line":65,"column":4},"end":{"line":68,"column":6}},"14":{"start":{"line":72,"column":4},"end":{"line":72,"column":74}},"15":{"start":{"line":79,"column":20},"end":{"line":89,"column":6}},"16":{"start":{"line":91,"column":25},"end":{"line":91,"column":67}},"17":{"start":{"line":94,"column":4},"end":{"line":94,"column":57}},"18":{"start":{"line":96,"column":4},"end":{"line":96,"column":24}},"19":{"start":{"line":104,"column":4},"end":{"line":112,"column":7}},"20":{"start":{"line":116,"column":4},"end":{"line":118,"column":7}},"21":{"start":{"line":125,"column":20},"end":{"line":125,"column":74}},"22":{"start":{"line":127,"column":4},"end":{"line":129,"column":5}},"23":{"start":{"line":128,"column":6},"end":{"line":128,"column":18}},"24":{"start":{"line":131,"column":4},"end":{"line":131,"column":66}},"25":{"start":{"line":132,"column":4},"end":{"line":132,"column":69}},"26":{"start":{"line":133,"column":4},"end":{"line":133,"column":28}},"27":{"start":{"line":134,"column":4},"end":{"line":134,"column":35}},"28":{"start":{"line":136,"column":4},"end":{"line":136,"column":48}},"29":{"start":{"line":142,"column":19},"end":{"line":144,"column":null}},"30":{"start":{"line":147,"column":4},"end":{"line":147,"column":57}},"31":{"start":{"line":151,"column":20},"end":{"line":151,"column":57}},"32":{"start":{"line":153,"column":4},"end":{"line":155,"column":5}},"33":{"start":{"line":154,"column":6},"end":{"line":154,"column":19}},"34":{"start":{"line":157,"column":4},"end":{"line":157,"column":35}},"35":{"start":{"line":158,"column":4},"end":{"line":158,"column":47}},"36":{"start":{"line":159,"column":4},"end":{"line":159,"column":16}},"37":{"start":{"line":163,"column":4},"end":{"line":166,"column":7}},"38":{"start":{"line":170,"column":4},"end":{"line":177,"column":7}},"39":{"start":{"line":181,"column":4},"end":{"line":181,"column":42}},"40":{"start":{"line":12,"column":13},"end":{"line":12,"column":27}},"41":{"start":{"line":12,"column":13},"end":{"line":183,"column":null}}},"fnMap":{"0":{"name":"(anonymous_4)","decl":{"start":{"line":13,"column":2},"end":{"line":13,"column":null}},"loc":{"start":{"line":17,"column":50},"end":{"line":18,"column":6}}},"1":{"name":"(anonymous_5)","decl":{"start":{"line":20,"column":2},"end":{"line":20,"column":7}},"loc":{"start":{"line":22,"column":21},"end":{"line":35,"column":3}}},"2":{"name":"(anonymous_6)","decl":{"start":{"line":37,"column":2},"end":{"line":37,"column":7}},"loc":{"start":{"line":37,"column":31},"end":{"line":42,"column":3}}},"3":{"name":"(anonymous_7)","decl":{"start":{"line":44,"column":2},"end":{"line":44,"column":7}},"loc":{"start":{"line":44,"column":40},"end":{"line":52,"column":3}}},"4":{"name":"(anonymous_8)","decl":{"start":{"line":54,"column":2},"end":{"line":54,"column":7}},"loc":{"start":{"line":54,"column":37},"end":{"line":62,"column":3}}},"5":{"name":"(anonymous_9)","decl":{"start":{"line":64,"column":2},"end":{"line":64,"column":7}},"loc":{"start":{"line":64,"column":41},"end":{"line":69,"column":3}}},"6":{"name":"(anonymous_10)","decl":{"start":{"line":71,"column":2},"end":{"line":71,"column":7}},"loc":{"start":{"line":71,"column":37},"end":{"line":73,"column":3}}},"7":{"name":"(anonymous_11)","decl":{"start":{"line":75,"column":2},"end":{"line":75,"column":7}},"loc":{"start":{"line":77,"column":20},"end":{"line":97,"column":3}}},"8":{"name":"(anonymous_12)","decl":{"start":{"line":99,"column":2},"end":{"line":99,"column":7}},"loc":{"start":{"line":102,"column":22},"end":{"line":113,"column":3}}},"9":{"name":"(anonymous_13)","decl":{"start":{"line":115,"column":2},"end":{"line":115,"column":7}},"loc":{"start":{"line":115,"column":34},"end":{"line":119,"column":3}}},"10":{"name":"(anonymous_14)","decl":{"start":{"line":121,"column":2},"end":{"line":121,"column":7}},"loc":{"start":{"line":123,"column":18},"end":{"line":137,"column":3}}},"11":{"name":"(anonymous_15)","decl":{"start":{"line":139,"column":2},"end":{"line":139,"column":7}},"loc":{"start":{"line":140,"column":43},"end":{"line":148,"column":3}}},"12":{"name":"(anonymous_16)","decl":{"start":{"line":150,"column":2},"end":{"line":150,"column":7}},"loc":{"start":{"line":150,"column":59},"end":{"line":160,"column":3}}},"13":{"name":"(anonymous_17)","decl":{"start":{"line":162,"column":2},"end":{"line":162,"column":7}},"loc":{"start":{"line":162,"column":37},"end":{"line":167,"column":3}}},"14":{"name":"(anonymous_18)","decl":{"start":{"line":169,"column":2},"end":{"line":169,"column":7}},"loc":{"start":{"line":169,"column":58},"end":{"line":178,"column":3}}},"15":{"name":"(anonymous_19)","decl":{"start":{"line":180,"column":2},"end":{"line":180,"column":7}},"loc":{"start":{"line":180,"column":23},"end":{"line":182,"column":3}}}},"branchMap":{"0":{"loc":{"start":{"line":101,"column":4},"end":{"line":101,"column":22}},"type":"default-arg","locations":[{"start":{"line":101,"column":20},"end":{"line":101,"column":22}}]},"1":{"loc":{"start":{"line":102,"column":4},"end":{"line":102,"column":22}},"type":"default-arg","locations":[{"start":{"line":102,"column":21},"end":{"line":102,"column":22}}]},"2":{"loc":{"start":{"line":127,"column":4},"end":{"line":129,"column":5}},"type":"if","locations":[{"start":{"line":127,"column":4},"end":{"line":129,"column":5}}]},"3":{"loc":{"start":{"line":127,"column":8},"end":{"line":127,"column":47}},"type":"binary-expr","locations":[{"start":{"line":127,"column":8},"end":{"line":127,"column":16}},{"start":{"line":127,"column":20},"end":{"line":127,"column":47}}]},"4":{"loc":{"start":{"line":131,"column":22},"end":{"line":131,"column":65}},"type":"binary-expr","locations":[{"start":{"line":131,"column":22},"end":{"line":131,"column":46}},{"start":{"line":131,"column":50},"end":{"line":131,"column":65}}]},"5":{"loc":{"start":{"line":132,"column":23},"end":{"line":132,"column":68}},"type":"binary-expr","locations":[{"start":{"line":132,"column":23},"end":{"line":132,"column":48}},{"start":{"line":132,"column":52},"end":{"line":132,"column":68}}]},"6":{"loc":{"start":{"line":147,"column":11},"end":{"line":147,"column":56}},"type":"cond-expr","locations":[{"start":{"line":147,"column":29},"end":{"line":147,"column":48}},{"start":{"line":147,"column":51},"end":{"line":147,"column":56}}]},"7":{"loc":{"start":{"line":153,"column":4},"end":{"line":155,"column":5}},"type":"if","locations":[{"start":{"line":153,"column":4},"end":{"line":155,"column":5}}]},"8":{"loc":{"start":{"line":153,"column":8},"end":{"line":153,"column":47}},"type":"binary-expr","locations":[{"start":{"line":153,"column":8},"end":{"line":153,"column":16}},{"start":{"line":153,"column":20},"end":{"line":153,"column":47}}]}},"s":{"0":1,"1":1,"2":1,"3":1,"4":1,"5":1,"6":0,"7":0,"8":0,"9":0,"10":0,"11":0,"12":0,"13":0,"14":0,"15":0,"16":0,"17":0,"18":0,"19":0,"20":0,"21":0,"22":0,"23":0,"24":0,"25":0,"26":0,"27":0,"28":0,"29":0,"30":0,"31":0,"32":0,"33":0,"34":0,"35":0,"36":0,"37":0,"38":0,"39":0,"40":1,"41":1},"f":{"0":0,"1":0,"2":0,"3":0,"4":0,"5":0,"6":0,"7":0,"8":0,"9":0,"10":0,"11":0,"12":0,"13":0,"14":0,"15":0},"b":{"0":[0],"1":[0],"2":[0],"3":[0,0],"4":[0,0],"5":[0,0],"6":[0,0],"7":[0],"8":[0,0]}}
,"/Users/saeidrafiei/Desktop/NightBFF PRD/app/src/microservices/chat/chat.service.ts": {"path":"/Users/saeidrafiei/Desktop/NightBFF PRD/app/src/microservices/chat/chat.service.ts","statementMap":{"0":{"start":{"line":1,"column":0},"end":{"line":1,"column":null}},"1":{"start":{"line":7,"column":0},"end":{"line":7,"column":51}},"2":{"start":{"line":13,"column":0},"end":{"line":13,"column":64}},"3":{"start":{"line":14,"column":0},"end":{"line":14,"column":51}},"4":{"start":{"line":15,"column":0},"end":{"line":15,"column":41}},"5":{"start":{"line":16,"column":0},"end":{"line":16,"column":56}},"6":{"start":{"line":17,"column":0},"end":{"line":17,"column":80}},"7":{"start":{"line":18,"column":0},"end":{"line":18,"column":65}},"8":{"start":{"line":19,"column":0},"end":{"line":19,"column":68}},"9":{"start":{"line":55,"column":7},"end":{"line":502,"column":null}},"10":{"start":{"line":57,"column":21},"end":{"line":57,"column":37}},"11":{"start":{"line":59,"column":21},"end":{"line":59,"column":37}},"12":{"start":{"line":61,"column":21},"end":{"line":61,"column":38}},"13":{"start":{"line":69,"column":4},"end":{"line":138,"column":5}},"14":{"start":{"line":70,"column":6},"end":{"line":74,"column":7}},"15":{"start":{"line":71,"column":8},"end":{"line":73,"column":10}},"16":{"start":{"line":77,"column":24},"end":{"line":79,"column":8}},"17":{"start":{"line":80,"column":6},"end":{"line":84,"column":7}},"18":{"start":{"line":81,"column":8},"end":{"line":83,"column":10}},"19":{"start":{"line":87,"column":28},"end":{"line":87,"column":79}},"20":{"start":{"line":88,"column":33},"end":{"line":93,"column":null}},"21":{"start":{"line":90,"column":10},"end":{"line":92,"column":null}},"22":{"start":{"line":92,"column":19},"end":{"line":92,"column":59}},"23":{"start":{"line":96,"column":6},"end":{"line":99,"column":7}},"24":{"start":{"line":98,"column":8},"end":{"line":98,"column":75}},"25":{"start":{"line":100,"column":11},"end":{"line":138,"column":5}},"26":{"start":{"line":101,"column":6},"end":{"line":105,"column":7}},"27":{"start":{"line":102,"column":8},"end":{"line":104,"column":10}},"28":{"start":{"line":107,"column":6},"end":{"line":109,"column":7}},"29":{"start":{"line":108,"column":8},"end":{"line":108,"column":70}},"30":{"start":{"line":110,"column":11},"end":{"line":138,"column":5}},"31":{"start":{"line":111,"column":6},"end":{"line":113,"column":7}},"32":{"start":{"line":112,"column":8},"end":{"line":112,"column":74}},"33":{"start":{"line":116,"column":20},"end":{"line":118,"column":8}},"34":{"start":{"line":119,"column":6},"end":{"line":123,"column":7}},"35":{"start":{"line":120,"column":8},"end":{"line":122,"column":10}},"36":{"start":{"line":126,"column":32},"end":{"line":127,"column":null}},"37":{"start":{"line":129,"column":6},"end":{"line":132,"column":7}},"38":{"start":{"line":131,"column":8},"end":{"line":131,"column":74}},"39":{"start":{"line":135,"column":6},"end":{"line":137,"column":7}},"40":{"start":{"line":136,"column":8},"end":{"line":136,"column":42}},"41":{"start":{"line":141,"column":20},"end":{"line":141,"column":79}},"42":{"start":{"line":144,"column":27},"end":{"line":144,"column":68}},"43":{"start":{"line":145,"column":4},"end":{"line":145,"column":65}},"44":{"start":{"line":148,"column":25},"end":{"line":148,"column":75}},"45":{"start":{"line":149,"column":4},"end":{"line":153,"column":5}},"46":{"start":{"line":150,"column":6},"end":{"line":152,"column":8}},"47":{"start":{"line":155,"column":4},"end":{"line":155,"column":65}},"48":{"start":{"line":159,"column":17},"end":{"line":159,"column":63}},"49":{"start":{"line":160,"column":4},"end":{"line":162,"column":5}},"50":{"start":{"line":161,"column":6},"end":{"line":161,"column":70}},"51":{"start":{"line":165,"column":4},"end":{"line":167,"column":5}},"52":{"start":{"line":166,"column":6},"end":{"line":166,"column":80}},"53":{"start":{"line":169,"column":4},"end":{"line":169,"column":57}},"54":{"start":{"line":173,"column":18},"end":{"line":173,"column":69}},"55":{"start":{"line":175,"column":45},"end":{"line":175,"column":47}},"56":{"start":{"line":176,"column":4},"end":{"line":178,"column":5}},"57":{"start":{"line":177,"column":6},"end":{"line":177,"column":72}},"58":{"start":{"line":180,"column":4},"end":{"line":180,"column":25}},"59":{"start":{"line":188,"column":17},"end":{"line":188,"column":78}},"60":{"start":{"line":189,"column":4},"end":{"line":193,"column":5}},"61":{"start":{"line":190,"column":6},"end":{"line":192,"column":8}},"62":{"start":{"line":196,"column":4},"end":{"line":198,"column":5}},"63":{"start":{"line":197,"column":6},"end":{"line":197,"column":80}},"64":{"start":{"line":201,"column":4},"end":{"line":216,"column":5}},"65":{"start":{"line":202,"column":6},"end":{"line":202,"column":70}},"66":{"start":{"line":203,"column":11},"end":{"line":216,"column":5}},"67":{"start":{"line":207,"column":6},"end":{"line":207,"column":75}},"68":{"start":{"line":208,"column":11},"end":{"line":216,"column":5}},"69":{"start":{"line":213,"column":6},"end":{"line":215,"column":8}},"70":{"start":{"line":219,"column":20},"end":{"line":221,"column":null}},"71":{"start":{"line":225,"column":19},"end":{"line":225,"column":79}},"72":{"start":{"line":226,"column":4},"end":{"line":229,"column":6}},"73":{"start":{"line":239,"column":17},"end":{"line":239,"column":63}},"74":{"start":{"line":240,"column":4},"end":{"line":242,"column":5}},"75":{"start":{"line":241,"column":6},"end":{"line":241,"column":70}},"76":{"start":{"line":245,"column":4},"end":{"line":247,"column":5}},"77":{"start":{"line":246,"column":6},"end":{"line":246,"column":80}},"78":{"start":{"line":250,"column":21},"end":{"line":253,"column":null}},"79":{"start":{"line":257,"column":22},"end":{"line":257,"column":67}},"80":{"start":{"line":257,"column":54},"end":{"line":257,"column":64}},"81":{"start":{"line":260,"column":4},"end":{"line":264,"column":5}},"82":{"start":{"line":261,"column":6},"end":{"line":263,"column":8}},"83":{"start":{"line":262,"column":8},"end":{"line":262,"column":61}},"84":{"start":{"line":267,"column":20},"end":{"line":269,"column":6}},"85":{"start":{"line":272,"column":22},"end":{"line":272,"column":47}},"86":{"start":{"line":273,"column":4},"end":{"line":276,"column":7}},"87":{"start":{"line":275,"column":6},"end":{"line":275,"column":69}},"88":{"start":{"line":279,"column":4},"end":{"line":284,"column":6}},"89":{"start":{"line":280,"column":6},"end":{"line":282,"column":null}},"90":{"start":{"line":292,"column":27},"end":{"line":294,"column":null}},"91":{"start":{"line":297,"column":4},"end":{"line":301,"column":5}},"92":{"start":{"line":298,"column":6},"end":{"line":300,"column":8}},"93":{"start":{"line":304,"column":19},"end":{"line":304,"column":79}},"94":{"start":{"line":305,"column":4},"end":{"line":308,"column":6}},"95":{"start":{"line":316,"column":20},"end":{"line":317,"column":null}},"96":{"start":{"line":319,"column":4},"end":{"line":323,"column":5}},"97":{"start":{"line":320,"column":6},"end":{"line":322,"column":8}},"98":{"start":{"line":326,"column":17},"end":{"line":326,"column":71}},"99":{"start":{"line":327,"column":4},"end":{"line":329,"column":5}},"100":{"start":{"line":328,"column":6},"end":{"line":328,"column":78}},"101":{"start":{"line":332,"column":4},"end":{"line":334,"column":5}},"102":{"start":{"line":333,"column":6},"end":{"line":333,"column":80}},"103":{"start":{"line":337,"column":4},"end":{"line":345,"column":5}},"104":{"start":{"line":344,"column":6},"end":{"line":344,"column":71}},"105":{"start":{"line":347,"column":4},"end":{"line":347,"column":68}},"106":{"start":{"line":351,"column"
[...]
"loc":{"start":{"line":743,"column":8},"end":{"line":743,"column":42}},"type":"binary-expr","locations":[{"start":{"line":743,"column":8},"end":{"line":743,"column":17}},{"start":{"line":743,"column":21},"end":{"line":743,"column":42}}]},"37":{"loc":{"start":{"line":798,"column":10},"end":{"line":800,"column":33}},"type":"cond-expr","locations":[{"start":{"line":799,"column":14},"end":{"line":799,"column":53}},{"start":{"line":800,"column":14},"end":{"line":800,"column":33}}]},"38":{"loc":{"start":{"line":806,"column":8},"end":{"line":808,"column":14}},"type":"cond-expr","locations":[{"start":{"line":807,"column":12},"end":{"line":807,"column":38}},{"start":{"line":808,"column":12},"end":{"line":808,"column":14}}]},"39":{"loc":{"start":{"line":810,"column":8},"end":{"line":818,"column":14}},"type":"cond-expr","locations":[{"start":{"line":811,"column":12},"end":{"line":811,"column":38}},{"start":{"line":812,"column":12},"end":{"line":818,"column":14}}]},"40":{"loc":{"start":{"line":816,"column":21},"end":{"line":816,"column":48}},"type":"binary-expr","locations":[{"start":{"line":816,"column":21},"end":{"line":816,"column":42}},{"start":{"line":816,"column":46},"end":{"line":816,"column":48}}]},"41":{"loc":{"start":{"line":821,"column":6},"end":{"line":825,"column":7}},"type":"if","locations":[{"start":{"line":821,"column":6},"end":{"line":825,"column":7}}]},"42":{"loc":{"start":{"line":826,"column":6},"end":{"line":830,"column":7}},"type":"if","locations":[{"start":{"line":826,"column":6},"end":{"line":830,"column":7}}]},"43":{"loc":{"start":{"line":852,"column":17},"end":{"line":852,"column":44}},"type":"binary-expr","locations":[{"start":{"line":852,"column":17},"end":{"line":852,"column":38}},{"start":{"line":852,"column":42},"end":{"line":852,"column":44}}]},"44":{"loc":{"start":{"line":871,"column":4},"end":{"line":877,"column":5}},"type":"if","locations":[{"start":{"line":871,"column":4},"end":{"line":877,"column":5}}]},"45":{"loc":{"start":{"line":921,"column":4},"end":{"line":957,"column":5}},"type":"if","locations":[{"start":{"line":921,"column":4},"end":{"line":957,"column":5}},{"start":{"line":952,"column":11},"end":{"line":957,"column":5}}]},"46":{"loc":{"start":{"line":921,"column":8},"end":{"line":921,"column":58}},"type":"binary-expr","locations":[{"start":{"line":921,"column":8},"end":{"line":921,"column":29}},{"start":{"line":921,"column":33},"end":{"line":921,"column":58}}]},"47":{"loc":{"start":{"line":972,"column":6},"end":{"line":982,"column":7}},"type":"if","locations":[{"start":{"line":972,"column":6},"end":{"line":982,"column":7}}]},"48":{"loc":{"start":{"line":972,"column":10},"end":{"line":972,"column":30}},"type":"binary-expr","locations":[{"start":{"line":972,"column":10},"end":{"line":972,"column":14}},{"start":{"line":972,"column":18},"end":{"line":972,"column":30}}]},"49":{"loc":{"start":{"line":998,"column":6},"end":{"line":1010,"column":7}},"type":"if","locations":[{"start":{"line":998,"column":6},"end":{"line":1010,"column":7}}]},"50":{"loc":{"start":{"line":998,"column":10},"end":{"line":998,"column":30}},"type":"binary-expr","locations":[{"start":{"line":998,"column":10},"end":{"line":998,"column":14}},{"start":{"line":998,"column":18},"end":{"line":998,"column":30}}]},"51":{"loc":{"start":{"line":1115,"column":6},"end":{"line":1126,"column":7}},"type":"if","locations":[{"start":{"line":1115,"column":6},"end":{"line":1126,"column":7}}]},"52":{"loc":{"start":{"line":1120,"column":8},"end":{"line":1125,"column":9}},"type":"if","locations":[{"start":{"line":1120,"column":8},"end":{"line":1125,"column":9}}]},"53":{"loc":{"start":{"line":1128,"column":6},"end":{"line":1141,"column":7}},"type":"if","locations":[{"start":{"line":1128,"column":6},"end":{"line":1141,"column":7}}]},"54":{"loc":{"start":{"line":1167,"column":4},"end":{"line":1219,"column":5}},"type":"if","locations":[{"start":{"line":1167,"column":4},"end":{"line":1219,"column":5}}]},"55":{"loc":{"start":{"line":1172,"column":6},"end":{"line":1183,"column":7}},"type":"if","locations":[{"start":{"line":1172,"column":6},"end":{"line":1183,"column":7}}]},"56":{"loc":{"start":{"line":1180,"column":17},"end":{"line":1180,"column":45}},"type":"binary-expr","locations":[{"start":{"line":1180,"column":17},"end":{"line":1180,"column":39}},{"start":{"line":1180,"column":43},"end":{"line":1180,"column":45}}]},"57":{"loc":{"start":{"line":1188,"column":8},"end":{"line":1205,"column":9}},"type":"if","locations":[{"start":{"line":1188,"column":8},"end":{"line":1205,"column":9}},{"start":{"line":1194,"column":15},"end":{"line":1205,"column":9}}]},"58":{"loc":{"start":{"line":1188,"column":12},"end":{"line":1188,"column":53}},"type":"binary-expr","locations":[{"start":{"line":1188,"column":12},"end":{"line":1188,"column":25}},{"start":{"line":1188,"column":29},"end":{"line":1188,"column":53}}]},"59":{"loc":{"start":{"line":1202,"column":19},"end":{"line":1202,"column":47}},"type":"binary-expr","locations":[{"start":{"line":1202,"column":19},"end":{"line":1202,"column":41}},{"start":{"line":1202,"column":45},"end":{"line":1202,"column":47}}]},"60":{"loc":{"start":{"line":1215,"column":17},"end":{"line":1215,"column":45}},"type":"binary-expr","locations":[{"start":{"line":1215,"column":17},"end":{"line":1215,"column":39}},{"start":{"line":1215,"column":43},"end":{"line":1215,"column":45}}]},"61":{"loc":{"start":{"line":1242,"column":4},"end":{"line":1295,"column":5}},"type":"if","locations":[{"start":{"line":1242,"column":4},"end":{"line":1295,"column":5}}]},"62":{"loc":{"start":{"line":1248,"column":8},"end":{"line":1259,"column":9}},"type":"if","locations":[{"start":{"line":1248,"column":8},"end":{"line":1259,"column":9}}]},"63":{"loc":{"start":{"line":1256,"column":19},"end":{"line":1256,"column":47}},"type":"binary-expr","locations":[{"start":{"line":1256,"column":19},"end":{"line":1256,"column":41}},{"start":{"line":1256,"column":45},"end":{"line":1256,"column":47}}]},"64":{"loc":{"start":{"line":1269,"column":44},"end":{"line":1269,"column":75}},"type":"binary-expr","locations":[{"start":{"line":1269,"column":44},"end":{"line":1269,"column":55}},{"start":{"line":1269,"column":59},"end":{"line":1269,"column":75}}]},"65":{"loc":{"start":{"line":1272,"column":8},"end":{"line":1283,"column":9}},"type":"if","locations":[{"start":{"line":1272,"column":8},"end":{"line":1283,"column":9}}]},"66":{"loc":{"start":{"line":1280,"column":19},"end":{"line":1280,"column":47}},"type":"binary-expr","locations":[{"start":{"line":1280,"column":19},"end":{"line":1280,"column":41}},{"start":{"line":1280,"column":45},"end":{"line":1280,"column":47}}]},"67":{"loc":{"start":{"line":1298,"column":4},"end":{"line":1302,"column":5}},"type":"if","locations":[{"start":{"line":1298,"column":4},"end":{"line":1302,"column":5}}]},"68":{"loc":{"start":{"line":1314,"column":4},"end":{"line":1342,"column":5}},"type":"if","locations":[{"start":{"line":1314,"column":4},"end":{"line":1342,"column":5}}]},"69":{"loc":{"start":{"line":1314,"column":8},"end":{"line":1314,"column":56}},"type":"binary-expr","locations":[{"start":{"line":1314,"column":8},"end":{"line":1314,"column":24}},{"start":{"line":1314,"column":28},"end":{"line":1314,"column":56}}]},"70":{"loc":{"start":{"line":1322,"column":8},"end":{"line":1327,"column":9}},"type":"if","locations":[{"start":{"line":1322,"column":8},"end":{"line":1327,"column":9}}]},"71":{"loc":{"start":{"line":1322,"column":12},"end":{"line":1322,"column":48}},"type":"binary-expr","locations":[{"start":{"line":1322,"column":12},"end":{"line":1322,"column":25}},{"start":{"line":1322,"column":29},"end":{"line":1322,"column":48}}]},"72":{"loc":{"start":{"line":1325,"column":13},"end":{"line":1325,"column":48}},"type":"binary-expr","locations":[{"start":{"line":1325,"column":13},"end":{"line":1325,"column":43}},{"start":{"line":1325,"column":47},"end":{"line":1325,"column":48}}]},"73":{"loc":{"start":{"line":1332,"column":23},"end":{"line":1332,"column":49}},"type":"binary-expr","locations":[{"start":{"line":1332,"column":23},"end":{"line":1332,"column":44}},{"start":{"line":1332,"column":48},"end":{"line":1332,"column":49}}]},"74":{"loc":{"start":{"line":1333,"column":23},"end":{"line":1333,"column":49}},"type":"binary-expr","locations":[{"start":{"line":1333,"column":23},"end":{"line":1333,"column":44}},{"start":{"line":1333,"column":48},"end":{"line":1333,"column":49}}]},"75":{"loc":{"start":{"line":1339,"column":20},"end":{"line":1339,"column":48}},"type":"binary-expr","locations":[{"start":{"line":1339,"column":20},"end":{"line":1339,"column":42}},{"start":{"line":1339,"column":46},"end":{"line":1339,"column":48}}]},"76":{"loc":{"start":{"line":1340,"column":21},"end":{"line":1340,"column":49}},"type":"binary-expr","locations":[{"start":{"line":1340,"column":21},"end":{"line":1340,"column":44}},{"start":{"line":1340,"column":48},"end":{"line":1340,"column":49}}]},"77":{"loc":{"start":{"line":1351,"column":27},"end":{"line":1351,"column":55}},"type":"binary-expr","locations":[{"start":{"line":1351,"column":27},"end":{"line":1351,"column":49}},{"start":{"line":1351,"column":53},"end":{"line":1351,"column":55}}]},"78":{"loc":{"start":{"line":1352,"column":28},"end":{"line":1352,"column":56}},"type":"binary-expr","locations":[{"start":{"line":1352,"column":28},"end":{"line":1352,"column":51}},{"start":{"line":1352,"column":55},"end":{"line":1352,"column":56}}]},"79":{"loc":{"start":{"line":1400,"column":6},"end":{"line":1403,"column":7}},"type":"if","locations":[{"start":{"line":1400,"column":6},"end":{"line":1403,"column":7}}]}},"s":{"0":2,"1":2,"2":2,"3":2,"4":2,"5":2,"6":2,"7":2,"8":2,"9":2,"10":2,"11":2,"12":2,"13":2,"14":2,"15":2,"16":2,"17":2,"18":2,"19":2,"20":2,"21":2,"22":9,"23":9,"24":9,"25":9,"26":9,"27":9,"28":9,"29":9,"30":9,"31":9,"32":9,"33":9,"34":9,"35":9,"36":9,"37":0,"38":0,"39":0,"40":0,"41":0,"42":0,"43":0,"44":0,"45":0,"46":0,"47":0,"48":0,"49":0,"50":0,"51":0,"52":0,"53":0,"54":0,"55":0,"56":0,"57":0,"58":0,"59":0,"60":0,"61":0,"62":0,"63":0,"64":0,"65":0,"66":0,"67":0,"68":0,"69":0,"70":0,"71":0,"72":0,"73":0,"74":0,"75":0,"76":0,"77":0,"78":0,"79":0,"80":0,"81":0,"82":0,"83":0,"84":0,"85":0,"86":0,"87":0,"88":0,"89":0,"90":0,"91":0,"92":0,"93":0,"94":0,"95":0,"96":0,"97":0,"98":0,"99":0,"100":0,"101":0,"102":0,"103":0,"104":0,"105":0,"106":0,"107":0,"108":0,"109":0,"110":0,"111":0,"112":0,"113":0,"114":0,"115":0,"116":0,"117":0,"118":0,"119":0,"120":0,"121":0,"122":0,"123":0,"124":0,"125":0,"126":0,"127":0,"128":0,"129":0,"130":0,"131":0,"132":0,"133":0,"134":0,"135":0,"136":0,"137":0,"138":0,"139":0,"140":0,"141":0,"142":0,"143":0,"144":0,"145":0,"146":0,"147":0,"148":0,"149":0,"150":0,"151":0,"152":0,"153":0,"154":0,"155":0,"156":0,"157":0,"158":0,"159":0,"160":0,"161":0,"162":0,"163":0,"164":0,"165":0,"166":0,"167":0,"168":0,"169":0,"170":0,"171":0,"172":0,"173":0,"174":0,"175":0,"176":0,"177":0,"178":0,"179":0,"180":0,"181":0,"182":0,"183":0,"184":0,"185":0,"186":0,"187":0,"188":0,"189":0,"190":0,"191":0,"192":0,"193":0,"194":0,"195":0,"196":0,"197":0,"198":0,"199":0,"200":0,"201":0,"202":0,"203":0,"204":0,"205":0,"206":0,"207":0,"208":0,"209":0,"210":0,"211":0,"212":0,"213":0,"214":0,"215":0,"216":0,"217":0,"218":0,"219":0,"220":0,"221":0,"222":0,"223":0,"224":0,"225":0,"226":0,"227":0,"228":0,"229":0,"230":0,"231":0,"232":0,"233":0,"234":0,"235":0,"236":0,"237":0,"238":0,"239":0,"240":0,"241":0,"242":0,"243":0,"244":0,"245":0,"246":0,"247":0,"248":0,"249":0,"250":0,"251":0,"252":0,"253":0,"254":0,"255":0,"256":0,"257":0,"258":0,"259":0,"260":0,"261":0,"262":0,"263":0,"264":0,"265":0,"266":0,"267":0,"268":0,"269":0,"270":0,"271":0,"272":0,"273":0,"274":0,"275":0,"276":0,"277":0,"278":0,"279":0,"280":0,"281":0,"282":0,"283":0,"284":0,"285":0,"286":0,"287":0,"288":0,"289":0,"290":0,"291":0,"292":0,"293":0,"294":0,"295":0,"296":0,"297":0,"298":0,"299":0,"300":0,"301":0,"302":0,"303":0,"304":0,"305":0,"306":0,"307":0,"308":0,"309":0,"310":0,"311":0,"312":0,"313":0,"314":0,"315":0,"316":0,"317":0,"318":0,"319":0,"320":0,"321":0,"322":8,"323":8,"324":8,"325":8,"326":3,"327":3,"328":0,"329":0,"330":3,"331":3,"332":2,"333":1,"334":1,"335":1,"336":1,"337":1,"338":1,"339":6,"340":6,"341":6,"342":6,"343":6,"344":5,"345":5,"346":5,"347":4,"348":1,"349":1,"350":3,"351":3,"352":9,"353":9,"354":3,"355":1,"356":1,"357":2,"358":2,"359":1,"360":1,"361":4,"362":2,"363":2,"364":4,"365":4,"366":4,"367":4,"368":2,"369":2,"370":2,"371":7,"372":7,"373":2,"374":3,"375":3,"376":3,"377":2,"378":2,"379":2,"380":2,"381":4,"382":7,"383":4,"384":4,"385":4,"386":0,"387":0,"388":0,"389":0,"390":0,"391":0,"392":0,"393":0,"394":0,"395":0,"396":0,"397":0,"398":0,"399":0,"400":2,"401":2,"402":2,"403":2,"404":2,"405":2,"406":2},"f":{"0":9,"1":0,"2":0,"3":0,"4":0,"5":0,"6":0,"7":0,"8":0,"9":0,"10":0,"11":0,"12":0,"13":0,"14":0,"15":0,"16":0,"17":0,"18":0,"19":0,"20":0,"21":0,"22":0,"23":0,"24":0,"25":0,"26":0,"27":0,"28":0,"29":0,"30":0,"31":0,"32":0,"33":0,"34":0,"35":0,"36":0,"37":0,"38":0,"39":0,"40":0,"41":0,"42":0,"43":0,"44":0,"45":0,"46":0,"47":0,"48":0,"49":0,"50":0,"51":0,"52":0,"53":0,"54":0,"55":0,"56":0,"57":0,"58":0,"59":0,"60":0,"61":0,"62":8,"63":9,"64":9,"65":3,"66":7,"67":0,"68":0},"b":{"0":[0],"1":[0],"2":[0],"3":[0],"4":[0,0],"5":[0],"6":[0],"7":[0],"8":[0],"9":[0],"10":[0],"11":[0],"12":[0],"13":[0],"14":[0],"15":[0],"16":[0],"17":[0],"18":[0],"19":[0,0],"20":[0],"21":[0,0],"22":[0],"23":[0],"24":[0],"25":[0],"26":[0,0],"27":[0],"28":[0],"29":[0,0],"30":[0],"31":[0,0,0],"32":[0,0],"33":[0],"34":[0,0],"35":[0],"36":[0,0],"37":[0,0],"38":[0,0],"39":[0,0],"40":[0,0],"41":[0],"42":[0],"43":[0,0],"44":[0],"45":[0,0],"46":[0,0],"47":[0],"48":[0,0],"49":[0],"50":[0,0],"51":[0],"52":[0],"53":[0],"54":[3],"55":[0],"56":[0,0],"57":[1,1],"58":[2,2],"59":[1,0],"60":[1,0],"61":[5],"62":[1],"63":[1,0],"64":[9,8],"65":[1],"66":[1,0],"67":[2],"68":[2],"69":[4,2],"70":[7],"71":[7,7],"72":[7,5],"73":[3,0],"74":[3,0],"75":[2,0],"76":[2,0],"77":[4,0],"78":[4,0],"79":[0]}}
,"/Users/saeidrafiei/Desktop/NightBFF PRD/app/test/factories/scanned-area.factory.ts": {"path":"/Users/saeidrafiei/Desktop/NightBFF PRD/app/test/factories/scanned-area.factory.ts","statementMap":{"0":{"start":{"line":9,"column":0},"end":{"line":9,"column":16}},"1":{"start":{"line":38,"column":0},"end":{"line":38,"column":16}},"2":{"start":{"line":1,"column":0},"end":{"line":1,"column":40}},"3":{"start":{"line":12,"column":42},"end":{"line":24,"column":4}},"4":{"start":{"line":26,"column":2},"end":{"line":29,"column":4}},"5":{"start":{"line":42,"column":2},"end":{"line":42,"column":79}},"6":{"start":{"line":42,"column":45},"end":{"line":42,"column":77}}},"fnMap":{"0":{"name":"createMockScannedArea","decl":{"start":{"line":9,"column":16},"end":{"line":9,"column":37}},"loc":{"start":{"line":10,"column":34},"end":{"line":30,"column":1}}},"1":{"name":"createMockScannedAreaList","decl":{"start":{"line":38,"column":16},"end":{"line":38,"column":41}},"loc":{"start":{"line":40,"column":34},"end":{"line":43,"column":1}}},"2":{"name":"(anonymous_2)","decl":{"start":{"line":42,"column":39},"end":{"line":42,"column":42}},"loc":{"start":{"line":42,"column":45},"end":{"line":42,"column":77}}}},"branchMap":{},"s":{"0":1,"1":1,"2":1,"3":2,"4":2,"5":0,"6":0},"f":{"0":2,"1":0,"2":0},"b":{}}
,"/Users/saeidrafiei/Desktop/NightBFF PRD/app/test/factories/venue.factory.ts": {"path":"/Users/saeidrafiei/Desktop/NightBFF PRD/app/test/factories/venue.factory.ts","statementMap":{"0":{"start":{"line":13,"column":0},"end":{"line":13,"column":16}},"1":{"start":{"line":69,"column":0},"end":{"line":69,"column":16}},"2":{"start":{"line":1,"column":0},"end":{"line":1,"column":40}},"3":{"start":{"line":2,"column":0},"end":{"line":2,"column":null}},"4":{"start":{"line":14,"column":19},"end":{"line":14,"column":65}},"5":{"start":{"line":15,"column":20},"end":{"line":15,"column":69}},"6":{"start":{"line":17,"column":30},"end":{"line":52,"column":4}},"7":{"start":{"line":57,"column":2},"end":{"line":60,"column":13}},"8":{"start":{"line":73,"column":2},"end":{"line":73,"column":73}},"9":{"start":{"line":73,"column":45},"end":{"line":73,"column":71}}},"fnMap":{"0":{"name":"createMockVenue","decl":{"start":{"line":13,"column":16},"end":{"line":13,"column":31}},"loc":{"start":{"line":13,"column":58},"end":{"line":61,"column":1}}},"1":{"name":"createMockVenueList","decl":{"start":{"line":69,"column":16},"end":{"line":69,"column":35}},"loc":{"start":{"line":71,"column":28},"end":{"line":74,"column":1}}},"2":{"name":"(anonymous_2)","decl":{"start":{"line":73,"column":39},"end":{"line":73,"column":42}},"loc":{"start":{"line":73,"column":45},"end":{"line":73,"column":71}}}},"branchMap":{},"s":{"0":3,"1":3,"2":3,"3":3,"4":15,"5":15,"6":15,"7":15,"8":0,"9":0},"f":{"0":15,"1":0,"2":0},"b":{}}
,"/Users/saeidrafiei/Desktop/NightBFF PRD/app/test/utils/db-test.utils.ts": {"path":"/Users/saeidrafiei/Desktop/NightBFF PRD/app/test/utils/db-test.utils.ts","statementMap":{"0":{"start":{"line":28,"column":0},"end":{"line":28,"column":7}},"1":{"start":{"line":79,"column":0},"end":{"line":79,"column":7}},"2":{"start":{"line":1,"column":0},"end":{"line":1,"column":null}},"3":{"start":{"line":6,"column":0},"end":{"line":6,"column":73}},"4":{"start":{"line":7,"column":0},"end":{"line":7,"column":96}},"5":{"start":{"line":8,"column":0},"end":{"line":8,"column":88}},"6":{"start":{"line":9,"column":0},"end":{"line":9,"column":98}},"7":{"start":{"line":10,"column":0},"end":{"line":10,"column":88}},"8":{"start":{"line":11,"column":0},"end":{"line":11,"column":73}},"9":{"start":{"line":12,"column":0},"end":{"line":12,"column":79}},"10":{"start":{"line":13,"column":0},"end":{"line":13,"column":76}},"11":{"start":{"line":14,"column":0},"end":{"line":14,"column":93}},"12":{"start":{"line":15,"column":0},"end":{"line":15,"column":85}},"13":{"start":{"line":16,"column":0},"end":{"line":16,"column":94}},"14":{"start":{"line":17,"column":0},"end":{"line":17,"column":96}},"15":{"start":{"line":22,"column":51},"end":{"line":22,"column":55}},"16":{"start":{"line":32,"column":2},"end":{"line":43,"column":3}},"17":{"start":{"line":36,"column":4},"end":{"line":36,"column":74}},"18":{"start":{"line":40,"column":4},"end":{"line":40,"column":49}},"19":{"start":{"line":41,"column":4},"end":{"line":41,"column":69}},"20":{"start":{"line":42,"column":4},"end":{"line":42,"column":46}},"21":{"start":{"line":45,"column":40},"end":{"line":71,"column":4}},"22":{"start":{"line":72,"column":2},"end":{"line":72,"column":48}},"23":{"start":{"line":80,"column":2},"end":{"line":90,"column":3}},"24":{"start":{"line":81,"column":4},"end":{"line":81,"column":49}},"25":{"start":{"line":82,"column":4},"end":{"line":89,"column":5}},"26":{"start":{"line":83,"column":6},"end":{"line":83,"column":29}},"27":{"start":{"line":84,"column":6},"end":{"line":84,"column":48}},"28":{"start":{"line":86,"column":6},"end":{"line":86,"column":64}},"29":{"start":{"line":88,"column":6},"end":{"line":88,"column":23}}},"fnMap":{"0":{"name":"setupTestDatabase","decl":{"start":{"line":28,"column":22},"end":{"line":28,"column":39}},"loc":{"start":{"line":28,"column":39},"end":{"line":73,"column":1}}},"1":{"name":"teardownTestDatabase","decl":{"start":{"line":79,"column":22},"end":{"line":79,"column":42}},"loc":{"start":{"line":79,"column":42},"end":{"line":91,"column":1}}}},"branchMap":{"0":{"loc":{"start":{"line":32,"column":2},"end":{"line":43,"column":3}},"type":"if","locations":[{"start":{"line":32,"column":2},"end":{"line":43,"column":3}},{"start":{"line":39,"column":9},"end":{"line":43,"column":3}}]},"1":{"loc":{"start":{"line":80,"column":2},"end":{"line":90,"column":3}},"type":"if","locations":[{"start":{"line":80,"column":2},"end":{"line":90,"column":3}}]}},"s":{"0":2,"1":2,"2":2,"3":2,"4":2,"5":2,"6":2,"7":2,"8":2,"9":2,"10":2,"11":2,"12":2,"13":2,"14":2,"15":2,"16":2,"17":0,"18":2,"19":2,"20":2,"21":2,"22":2,"23":2,"24":2,"25":2,"26":2,"27":2,"28":0,"29":2},"f":{"0":2,"1":2},"b":{"0":[0,2],"1":[2]}}
}
