TN:
SF:app/src/common/database/database.module.ts
FNF:0
FNH:0
DA:1,1
DA:2,1
DA:3,1
DA:6,1
DA:9,1
DA:10,1
DA:13,1
DA:14,1
DA:15,1
DA:18,1
DA:19,1
DA:51,1
LF:12
LH:12
BRF:0
BRH:0
end_of_record
TN:
SF:app/src/common/database/supabase.provider.ts
FN:17,(anonymous_2)
FN:35,(anonymous_3)
FNF:2
FNH:1
FNDA:1,(anonymous_2)
FNDA:0,(anonymous_3)
DA:1,2
DA:2,2
DA:3,2
DA:13,2
DA:15,1
DA:17,1
DA:18,1
DA:19,1
DA:21,1
DA:22,1
DA:23,1
DA:27,1
DA:36,0
LF:13
LH:12
BRDA:24,0,0,0
BRDA:24,0,1,1
BRDA:27,1,0,1
BRDA:27,1,1,1
BRDA:27,2,0,1
BRDA:27,2,1,1
BRF:6
BRH:5
end_of_record
TN:
SF:app/src/common/guards/optional-jwt-auth.guard.ts
FN:6,(anonymous_1)
FN:11,(anonymous_2)
FNF:2
FNH:0
FNDA:0,(anonymous_1)
FNDA:0,(anonymous_2)
DA:1,3
DA:2,3
DA:5,3
DA:8,0
DA:13,0
DA:14,0
DA:16,0
LF:7
LH:3
BRDA:13,0,0,0
BRDA:13,1,0,0
BRDA:13,1,1,0
BRF:3
BRH:0
end_of_record
TN:
SF:app/src/common/utils/date.utils.ts
FN:11,calculateAge
FNF:1
FNH:1
FNDA:8,calculateAge
DA:1,2
DA:11,2
DA:14,8
DA:20,3
DA:23,5
DA:25,5
DA:28,5
DA:31,5
DA:34,0
DA:35,0
LF:10
LH:8
BRDA:14,0,0,3
BRDA:15,1,0,8
BRDA:15,1,1,6
BRDA:15,1,2,6
BRDA:31,2,0,5
BRDA:31,2,1,0
BRF:6
BRH:5
end_of_record
TN:
SF:app/src/microservices/auth/auth.controller.ts
FN:8,(anonymous_4)
FN:11,(anonymous_5)
FN:17,(anonymous_6)
FN:23,(anonymous_7)
FNF:4
FNH:0
FNDA:0,(anonymous_4)
FNDA:0,(anonymous_5)
FNDA:0,(anonymous_6)
FNDA:0,(anonymous_7)
DA:1,1
DA:2,1
DA:3,1
DA:4,1
DA:7,1
DA:8,0
DA:11,1
DA:12,0
DA:17,1
DA:18,0
DA:23,1
DA:24,0
LF:12
LH:8
BRF:0
BRH:0
end_of_record
TN:
SF:app/src/microservices/auth/auth.module.ts
FN:25,(anonymous_1)
FNF:1
FNH:1
FNDA:1,(anonymous_1)
DA:1,1
DA:2,1
DA:3,1
DA:4,1
DA:5,1
DA:7,1
DA:8,1
DA:9,1
DA:10,1
DA:11,1
DA:12,1
DA:13,1
DA:14,1
DA:15,1
DA:16,1
DA:25,1
DA:51,1
LF:17
LH:17
BRF:0
BRH:0
end_of_record
TN:
SF:app/src/microservices/auth/auth.service.ts
FN:22,(anonymous_2)
FN:39,(anonymous_3)
FN:101,(anonymous_4)
FN:148,(anonymous_5)
FNF:4
FNH:2
FNDA:4,(anonymous_2)
FNDA:3,(anonymous_3)
FNDA:0,(anonymous_4)
FNDA:0,(anonymous_5)
DA:1,2
DA:7,2
DA:8,2
DA:11,2
DA:21,2
DA:23,4
DA:24,4
DA:25,4
DA:40,3
DA:41,3
DA:43,3
DA:54,3
DA:55,1
DA:59,2
DA:70,1
DA:83,2
DA:84,1
DA:86,1
DA:102,0
DA:103,0
DA:105,0
DA:110,0
DA:111,0
DA:115,0
DA:117,0
DA:133,0
DA:134,0
DA:136,0
DA:149,0
DA:150,0
DA:152,0
DA:154,0
DA:155,0
DA:158,0
DA:163,0
LF:35
LH:18
BRDA:54,0,0,1
BRDA:83,1,0,1
BRDA:110,2,0,0
BRDA:133,3,0,0
BRDA:154,4,0,0
BRF:5
BRH:2
end_of_record
TN:
SF:app/src/microservices/auth/controllers/age-verification.controller.ts
FN:19,(anonymous_4)
FN:26,(anonymous_5)
FN:41,(anonymous_6)
FN:46,(anonymous_7)
FNF:4
FNH:0
FNDA:0,(anonymous_4)
FNDA:0,(anonymous_5)
FNDA:0,(anonymous_6)
FNDA:0,(anonymous_7)
DA:1,1
DA:11,1
DA:12,1
DA:13,1
DA:14,1
DA:15,1
DA:18,1
DA:20,0
DA:26,1
DA:30,0
DA:41,1
DA:42,0
DA:46,1
DA:47,0
LF:14
LH:10
BRF:0
BRH:0
end_of_record
TN:
SF:app/src/microservices/auth/decorators/current-user.decorator.ts
FN:4,(anonymous_0)
FNF:1
FNH:0
FNDA:0,(anonymous_0)
DA:1,5
DA:3,5
DA:5,0
DA:6,0
LF:4
LH:2
BRF:0
BRH:0
end_of_record
TN:
SF:app/src/microservices/auth/decorators/roles.decorator.ts
FN:5,(anonymous_0)
FNF:1
FNH:1
FNDA:2,(anonymous_0)
DA:1,2
DA:4,2
DA:5,2
LF:3
LH:3
BRF:0
BRH:0
end_of_record
TN:
SF:app/src/microservices/auth/dto/age-verification.dto.ts
FNF:0
FNH:0
DA:1,1
DA:3,1
DA:6,1
DA:10,1
DA:13,1
DA:17,1
DA:21,1
LF:7
LH:7
BRF:0
BRH:0
end_of_record
TN:
SF:app/src/microservices/auth/dto/sign-in.dto.ts
FNF:0
FNH:0
DA:1,1
DA:3,1
DA:6,1
DA:10,1
LF:4
LH:4
BRF:0
BRH:0
end_of_record
TN:
SF:app/src/microservices/auth/dto/sign-up.dto.ts
FNF:0
FNH:0
DA:1,1
DA:9,1
DA:12,1
DA:19,1
DA:23,1
DA:32,1
LF:6
LH:6
BRF:0
BRH:0
end_of_record
TN:
SF:app/src/microservices/auth/entities/age-verification.entity.ts
FN:12,(anonymous_2)
FN:26,(anonymous_3)
FNF:2
FNH:2
FNDA:24,(anonymous_2)
FNDA:1,(anonymous_3)
DA:1,24
DA:10,24
DA:12,24
DA:13,24
DA:14,24
DA:15,24
DA:19,24
DA:21,24
DA:24,24
DA:26,1
DA:28,24
DA:31,24
DA:34,24
DA:42,24
DA:45,24
DA:51,24
DA:57,24
DA:60,24
DA:63,24
LF:19
LH:19
BRDA:12,0,0,24
BRDA:12,0,1,24
BRF:2
BRH:2
end_of_record
TN:
SF:app/src/microservices/auth/entities/user.entity.ts
FN:31,(anonymous_2)
FN:37,(anonymous_3)
FN:119,(anonymous_4)
FN:130,(anonymous_5)
FN:113,(anonymous_6)
FN:114,(anonymous_7)
FNF:6
FNH:4
FNDA:24,(anonymous_2)
FNDA:24,(anonymous_3)
FNDA:0,(anonymous_4)
FNDA:0,(anonymous_5)
FNDA:1,(anonymous_6)
FNDA:1,(anonymous_7)
DA:21,24
DA:29,24
DA:31,24
DA:32,24
DA:33,24
DA:34,24
DA:37,24
DA:38,24
DA:39,24
DA:40,24
DA:41,24
DA:45,24
DA:47,24
DA:50,24
DA:53,24
DA:56,24
DA:59,24
DA:62,24
DA:65,24
DA:68,24
DA:71,24
DA:74,24
DA:77,24
DA:80,24
DA:83,24
DA:86,24
DA:93,24
DA:100,24
DA:105,24
DA:110,24
DA:113,1
DA:114,1
DA:116,24
DA:120,0
DA:121,0
DA:126,0
DA:131,0
DA:132,0
DA:133,0
DA:135,0
DA:136,0
LF:41
LH:33
BRDA:31,0,0,24
BRDA:31,0,1,24
BRDA:37,1,0,24
BRDA:37,1,1,24
BRDA:120,2,0,0
BRDA:120,3,0,0
BRDA:120,3,1,0
BRDA:131,4,0,0
BRDA:131,4,1,0
BRF:9
BRH:4
end_of_record
TN:
SF:app/src/microservices/auth/guards/jwt-auth.guard.ts
FN:11,(anonymous_1)
FN:17,(anonymous_2)
FNF:2
FNH:0
FNDA:0,(anonymous_1)
FNDA:0,(anonymous_2)
DA:1,6
DA:6,6
DA:10,6
DA:14,0
DA:18,0
DA:19,0
DA:21,0
LF:7
LH:3
BRDA:18,0,0,0
BRDA:18,1,0,0
BRDA:18,1,1,0
BRDA:19,2,0,0
BRDA:19,2,1,0
BRF:5
BRH:0
end_of_record
TN:
SF:app/src/microservices/auth/guards/roles.guard.ts
FN:13,(anonymous_2)
FN:15,(anonymous_3)
FN:35,(anonymous_4)
FNF:3
FNH:0
FNDA:0,(anonymous_2)
FNDA:0,(anonymous_3)
FNDA:0,(anonymous_4)
DA:1,2
DA:7,2
DA:8,2
DA:12,2
DA:13,0
DA:16,0
DA:21,0
DA:22,0
DA:25,0
DA:27,0
DA:28,0
DA:31,0
DA:32,0
DA:35,0
LF:14
LH:4
BRDA:21,0,0,0
BRDA:27,1,0,0
BRDA:31,2,0,0
BRDA:31,3,0,0
BRDA:31,3,1,0
BRF:5
BRH:0
end_of_record
TN:
SF:app/src/microservices/auth/repositories/age-verification.repository.ts
FN:11,(anonymous_4)
FN:16,(anonymous_5)
FN:21,(anonymous_6)
FN:36,(anonymous_7)
FN:51,(anonymous_8)
FN:77,(anonymous_9)
FNF:6
FNH:0
FNDA:0,(anonymous_4)
FNDA:0,(anonymous_5)
FNDA:0,(anonymous_6)
FNDA:0,(anonymous_7)
FNDA:0,(anonymous_8)
FNDA:0,(anonymous_9)
DA:1,1
DA:2,1
DA:3,1
DA:4,1
DA:10,1
DA:13,0
DA:17,0
DA:18,0
DA:22,0
DA:27,0
DA:28,0
DA:33,0
DA:37,0
DA:42,0
DA:43,0
DA:48,0
DA:56,0
DA:60,0
DA:61,0
DA:64,0
DA:66,0
DA:67,0
DA:70,0
DA:71,0
DA:74,0
DA:78,0
DA:81,0
LF:27
LH:5
BRDA:27,0,0,0
BRDA:42,1,0,0
BRDA:60,2,0,0
BRDA:66,3,0,0
BRDA:70,4,0,0
BRF:5
BRH:0
end_of_record
TN:
SF:app/src/microservices/auth/repositories/auth.repository.ts
FN:10,(anonymous_4)
FN:16,(anonymous_5)
FN:41,(anonymous_6)
FN:63,(anonymous_7)
FN:79,(anonymous_8)
FN:83,(anonymous_9)
FN:111,(anonymous_10)
FN:137,(anonymous_11)
FNF:8
FNH:0
FNDA:0,(anonymous_4)
FNDA:0,(anonymous_5)
FNDA:0,(anonymous_6)
FNDA:0,(anonymous_7)
FNDA:0,(anonymous_8)
FNDA:0,(anonymous_9)
FNDA:0,(anonymous_10)
FNDA:0,(anonymous_11)
DA:1,2
DA:2,2
DA:3,2
DA:4,2
DA:5,2
DA:9,2
DA:11,0
DA:13,0
DA:17,0
DA:18,0
DA:20,0
DA:26,0
DA:27,0
DA:32,0
DA:34,0
DA:35,0
DA:37,0
DA:42,0
DA:43,0
DA:46,0
DA:47,0
DA:48,0
DA:49,0
DA:51,0
DA:53,0
DA:57,0
DA:64,0
DA:65,0
DA:66,0
DA:68,0
DA:72,0
DA:80,0
DA:87,0
DA:88,0
DA:90,0
DA:97,0
DA:98,0
DA:103,0
DA:105,0
DA:115,0
DA:116,0
DA:118,0
DA:125,0
DA:126,0
DA:131,0
DA:133,0
DA:138,0
DA:139,0
DA:141,0
DA:148,0
DA:149,0
DA:154,0
DA:156,0
LF:53
LH:6
BRDA:26,0,0,0
BRDA:34,1,0,0
BRDA:42,2,0,0
BRDA:48,3,0,0
BRDA:97,4,0,0
BRDA:125,5,0,0
BRDA:148,6,0,0
BRF:7
BRH:0
end_of_record
TN:
SF:app/src/microservices/auth/services/age-verification.service.ts
FN:16,(anonymous_2)
FN:22,(anonymous_3)
FN:83,(anonymous_4)
FN:136,(anonymous_5)
FN:170,(anonymous_6)
FNF:5
FNH:0
FNDA:0,(anonymous_2)
FNDA:0,(anonymous_3)
FNDA:0,(anonymous_4)
FNDA:0,(anonymous_5)
FNDA:0,(anonymous_6)
DA:1,1
DA:7,1
DA:8,1
DA:9,1
DA:10,1
DA:13,1
DA:14,0
DA:17,0
DA:18,0
DA:19,0
DA:31,0
DA:32,0
DA:33,0
DA:39,0
DA:40,0
DA:41,0
DA:45,0
DA:52,0
DA:60,0
DA:61,0
DA:65,0
DA:68,0
DA:76,0
DA:84,0
DA:86,0
DA:89,0
DA:93,0
DA:98,0
DA:99,0
DA:100,0
DA:105,0
DA:107,0
DA:113,0
DA:118,0
DA:126,0
DA:127,0
DA:132,0
DA:137,0
DA:139,0
DA:140,0
DA:142,0
DA:143,0
DA:144,0
DA:150,0
DA:159,0
DA:161,0
DA:166,0
DA:176,0
DA:183,0
DA:184,0
LF:50
LH:6
BRDA:32,0,0,0
BRDA:40,1,0,0
BRDA:46,2,0,0
BRDA:46,2,1,0
BRDA:47,3,0,0
BRDA:47,3,1,0
BRDA:60,4,0,0
BRDA:89,5,0,0
BRDA:90,6,0,0
BRDA:90,6,1,0
BRDA:98,7,0,0
BRDA:99,8,0,0
BRDA:99,8,1,0
BRDA:126,9,0,0
BRDA:142,10,0,0
BRDA:143,11,0,0
BRDA:143,11,1,0
BRDA:183,12,0,0
BRF:18
BRH:0
end_of_record
TN:
SF:app/src/microservices/auth/services/onfido.service.ts
FN:40,(anonymous_3)
FN:56,(anonymous_4)
FN:97,(anonymous_5)
FN:143,(anonymous_6)
FN:179,(anonymous_7)
FN:212,(anonymous_8)
FNF:6
FNH:1
FNDA:1,(anonymous_3)
FNDA:0,(anonymous_4)
FNDA:0,(anonymous_5)
FNDA:0,(anonymous_6)
FNDA:0,(anonymous_7)
FNDA:0,(anonymous_8)
DA:1,1
DA:6,1
DA:7,1
DA:35,1
DA:37,1
DA:38,1
DA:40,1
DA:41,1
DA:42,1
DA:43,1
DA:61,0
DA:62,0
DA:77,0
DA:79,0
DA:83,0
DA:103,0
DA:104,0
DA:110,0
DA:111,0
DA:114,0
DA:125,0
DA:127,0
DA:131,0
DA:147,0
DA:148,0
DA:162,0
DA:164,0
DA:168,0
DA:180,0
DA:181,0
DA:195,0
DA:197,0
DA:201,0
DA:215,0
DA:216,0
DA:225,0
DA:230,0
DA:234,0
LF:38
LH:10
BRDA:41,0,0,1
BRDA:41,0,1,1
BRDA:42,1,0,1
BRDA:110,2,0,0
BRF:4
BRH:3
end_of_record
TN:
SF:app/src/microservices/auth/strategies/jwt.strategy.ts
FN:9,(anonymous_2)
FN:24,(anonymous_3)
FNF:2
FNH:0
FNDA:0,(anonymous_2)
FNDA:0,(anonymous_3)
DA:1,1
DA:2,1
DA:3,1
DA:4,1
DA:5,1
DA:8,1
DA:10,0
DA:11,0
DA:13,0
DA:14,0
DA:15,0
DA:17,0
DA:25,0
DA:29,0
DA:30,0
DA:31,0
DA:32,0
DA:35,0
DA:36,0
DA:37,0
DA:38,0
DA:42,0
DA:43,0
DA:46,0
DA:49,0
DA:52,0
DA:54,0
DA:58,0
LF:28
LH:6
BRDA:13,0,0,0
BRDA:13,0,1,0
BRDA:14,1,0,0
BRDA:30,2,0,0
BRDA:39,3,0,0
BRDA:39,3,1,0
BRDA:42,4,0,0
BRF:7
BRH:0
end_of_record
TN:
SF:app/src/microservices/chat/chat.module.ts
FN:56,(anonymous_1)
FNF:1
FNH:1
FNDA:1,(anonymous_1)
DA:1,1
DA:4,1
DA:5,1
DA:6,1
DA:13,1
DA:14,1
DA:15,1
DA:16,1
DA:19,1
DA:20,1
DA:21,1
DA:22,1
DA:25,1
DA:26,1
DA:29,1
DA:30,1
DA:31,1
DA:56,1
DA:83,1
LF:19
LH:19
BRF:0
BRH:0
end_of_record
TN:
SF:app/src/microservices/chat/chat.repository.ts
FN:13,(anonymous_4)
FN:20,(anonymous_5)
FN:37,(anonymous_6)
FN:44,(anonymous_7)
FN:54,(anonymous_8)
FN:64,(anonymous_9)
FN:71,(anonymous_10)
FN:75,(anonymous_11)
FN:99,(anonymous_12)
FN:115,(anonymous_13)
FN:121,(anonymous_14)
FN:139,(anonymous_15)
FN:150,(anonymous_16)
FN:162,(anonymous_17)
FN:169,(anonymous_18)
FN:180,(anonymous_19)
FNF:16
FNH:0
FNDA:0,(anonymous_4)
FNDA:0,(anonymous_5)
FNDA:0,(anonymous_6)
FNDA:0,(anonymous_7)
FNDA:0,(anonymous_8)
FNDA:0,(anonymous_9)
FNDA:0,(anonymous_10)
FNDA:0,(anonymous_11)
FNDA:0,(anonymous_12)
FNDA:0,(anonymous_13)
FNDA:0,(anonymous_14)
FNDA:0,(anonymous_15)
FNDA:0,(anonymous_16)
FNDA:0,(anonymous_17)
FNDA:0,(anonymous_18)
FNDA:0,(anonymous_19)
DA:1,1
DA:2,1
DA:3,1
DA:4,1
DA:5,1
DA:12,1
DA:15,0
DA:17,0
DA:24,0
DA:34,0
DA:38,0
DA:45,0
DA:55,0
DA:65,0
DA:72,0
DA:79,0
DA:91,0
DA:94,0
DA:96,0
DA:104,0
DA:116,0
DA:125,0
DA:127,0
DA:128,0
DA:131,0
DA:132,0
DA:133,0
DA:134,0
DA:136,0
DA:142,0
DA:147,0
DA:151,0
DA:153,0
DA:154,0
DA:157,0
DA:158,0
DA:159,0
DA:163,0
DA:170,0
DA:181,0
LF:40
LH:6
BRDA:101,0,0,0
BRDA:102,1,0,0
BRDA:127,2,0,0
BRDA:127,3,0,0
BRDA:127,3,1,0
BRDA:131,4,0,0
BRDA:131,4,1,0
BRDA:132,5,0,0
BRDA:132,5,1,0
BRDA:147,6,0,0
BRDA:147,6,1,0
BRDA:153,7,0,0
BRDA:153,8,0,0
BRDA:153,8,1,0
BRF:14
BRH:0
end_of_record
TN:
SF:app/src/microservices/chat/chat.service.ts
FN:56,(anonymous_4)
FN:64,(anonymous_5)
FN:89,(anonymous_6)
FN:92,(anonymous_7)
FN:158,(anonymous_8)
FN:172,(anonymous_9)
FN:183,(anonymous_10)
FN:232,(anonymous_11)
FN:257,(anonymous_12)
FN:261,(anonymous_13)
FN:273,(anonymous_14)
FN:279,(anonymous_15)
FN:287,(anonymous_16)
FN:311,(anonymous_17)
FN:350,(anonymous_18)
FN:354,(anonymous_19)
FN:356,(anonymous_20)
FN:361,(anonymous_21)
FN:391,(anonymous_22)
FN:408,(anonymous_23)
FN:429,(anonymous_24)
FN:452,(anonymous_25)
FN:455,(anonymous_26)
FN:473,(anonymous_27)
FN:485,(anonymous_28)
FN:489,(anonymous_29)
FN:496,(anonymous_30)
FN:498,(anonymous_31)
FNF:28
FNH:14
FNDA:13,(anonymous_4)
FNDA:5,(anonymous_5)
FNDA:1,(anonymous_6)
FNDA:2,(anonymous_7)
FNDA:3,(anonymous_8)
FNDA:0,(anonymous_9)
FNDA:4,(anonymous_10)
FNDA:0,(anonymous_11)
FNDA:0,(anonymous_12)
FNDA:0,(anonymous_13)
FNDA:0,(anonymous_14)
FNDA:0,(anonymous_15)
FNDA:0,(anonymous_16)
FNDA:0,(anonymous_17)
FNDA:0,(anonymous_18)
FNDA:5,(anonymous_19)
FNDA:7,(anonymous_20)
FNDA:4,(anonymous_21)
FNDA:8,(anonymous_22)
FNDA:5,(anonymous_23)
FNDA:2,(anonymous_24)
FNDA:4,(anonymous_25)
FNDA:2,(anonymous_26)
FNDA:0,(anonymous_27)
FNDA:0,(anonymous_28)
FNDA:0,(anonymous_29)
FNDA:0,(anonymous_30)
FNDA:0,(anonymous_31)
DA:1,1
DA:7,1
DA:13,1
DA:14,1
DA:15,1
DA:16,1
DA:17,1
DA:18,1
DA:19,1
DA:55,1
DA:57,13
DA:59,13
DA:61,13
DA:69,5
DA:70,5
DA:71,1
DA:77,4
DA:80,4
DA:81,1
DA:87,3
DA:88,3
DA:90,1
DA:92,2
DA:96,3
DA:98,1
DA:100,0
DA:101,0
DA:102,0
DA:107,0
DA:108,0
DA:110,0
DA:111,0
DA:112,0
DA:116,0
DA:119,0
DA:120,0
DA:126,0
DA:129,0
DA:131,0
DA:135,0
DA:136,0
DA:141,2
DA:144,2
DA:145,2
DA:148,2
DA:149,2
DA:150,0
DA:155,2
DA:159,3
DA:160,3
DA:161,1
DA:165,2
DA:166,1
DA:169,1
DA:173,0
DA:175,0
DA:176,0
DA:177,0
DA:180,0
DA:188,4
DA:189,4
DA:190,1
DA:196,3
DA:197,1
DA:201,2
DA:202,1
DA:203,1
DA:207,0
DA:208,1
DA:213,0
DA:219,1
DA:225,1
DA:226,1
DA:239,0
DA:240,0
DA:241,0
DA:245,0
DA:246,0
DA:250,0
DA:257,0
DA:260,0
DA:261,0
DA:262,0
DA:267,0
DA:272,0
DA:273,0
DA:275,0
DA:279,0
DA:280,0
DA:292,0
DA:297,0
DA:298,0
DA:304,0
DA:305,0
DA:316,0
DA:319,0
DA:320,0
DA:326,0
DA:327,0
DA:328,0
DA:332,0
DA:333,0
DA:337,0
DA:344,0
DA:347,0
DA:351,0
DA:355,5
DA:356,7
DA:365,4
DA:366,0
DA:368,4
DA:369,4
DA:374,4
DA:375,4
DA:376,4
DA:379,4
DA:385,4
DA:391,8
DA:412,5
DA:433,2
DA:436,2
DA:437,2
DA:438,0
DA:442,2
DA:444,2
DA:447,2
DA:448,2
DA:451,2
DA:452,4
DA:454,2
DA:455,2
DA:458,2
DA:459,1
DA:463,1
DA:464,0
DA:468,1
DA:474,0
DA:475,0
DA:476,0
DA:478,0
DA:479,0
DA:481,0
DA:486,0
DA:493,0
DA:494,0
DA:497,0
DA:498,0
LF:147
LH:76
BRDA:69,0,0,5
BRDA:69,0,1,0
BRDA:70,1,0,1
BRDA:80,2,0,1
BRDA:90,3,0,1
BRDA:90,3,1,1
BRDA:96,4,0,1
BRDA:100,5,0,0
BRDA:100,5,1,0
BRDA:101,6,0,0
BRDA:107,7,0,0
BRDA:110,8,0,0
BRDA:111,9,0,0
BRDA:119,10,0,0
BRDA:129,11,0,0
BRDA:135,12,0,0
BRDA:149,13,0,0
BRDA:160,14,0,1
BRDA:165,15,0,1
BRDA:189,16,0,1
BRDA:196,17,0,1
BRDA:201,18,0,1
BRDA:201,18,1,1
BRDA:201,19,0,2
BRDA:201,19,1,2
BRDA:203,20,0,0
BRDA:203,20,1,1
BRDA:204,21,0,1
BRDA:204,21,1,0
BRDA:208,22,0,0
BRDA:209,23,0,1
BRDA:209,23,1,0
BRDA:209,23,2,0
BRDA:228,24,0,1
BRDA:228,24,1,0
BRDA:235,25,0,0
BRDA:236,26,0,0
BRDA:240,27,0,0
BRDA:245,28,0,0
BRDA:260,29,0,0
BRDA:275,30,0,0
BRDA:275,30,1,0
BRDA:282,31,0,0
BRDA:282,31,1,0
BRDA:297,32,0,0
BRDA:307,33,0,0
BRDA:307,33,1,0
BRDA:307,33,2,0
BRDA:319,34,0,0
BRDA:327,35,0,0
BRDA:332,36,0,0
BRDA:337,37,0,0
BRDA:338,38,0,0
BRDA:338,38,1,0
BRDA:338,38,2,0
BRDA:338,38,3,0
BRDA:338,38,4,0
BRDA:356,39,0,5
BRDA:356,39,1,0
BRDA:365,40,0,0
BRDA:375,41,0,4
BRDA:381,42,0,4
BRDA:381,42,1,1
BRDA:391,43,0,4
BRDA:391,43,1,0
BRDA:399,44,0,4
BRDA:399,44,1,0
BRDA:437,45,0,0
BRDA:442,46,0,0
BRDA:447,47,0,2
BRDA:452,48,0,2
BRDA:452,48,1,0
BRDA:458,49,0,1
BRDA:460,50,0,1
BRDA:460,50,1,0
BRDA:463,51,0,0
BRDA:475,52,0,0
BRDA:478,53,0,0
BRDA:495,54,0,0
BRDA:495,54,1,0
BRDA:497,55,0,0
BRDA:497,55,1,0
BRF:82
BRH:28
end_of_record
TN:
SF:app/src/microservices/chat/controllers/chat-participants.controller.ts
FN:35,(anonymous_4)
FN:44,(anonymous_5)
FN:52,(anonymous_6)
FN:67,(anonymous_7)
FN:88,(anonymous_8)
FNF:5
FNH:0
FNDA:0,(anonymous_4)
FNDA:0,(anonymous_5)
FNDA:0,(anonymous_6)
FNDA:0,(anonymous_7)
FNDA:0,(anonymous_8)
DA:1,1
DA:13,1
DA:14,1
DA:15,1
DA:16,1
DA:17,1
DA:23,1
DA:34,1
DA:35,0
DA:44,1
DA:48,0
DA:52,0
DA:67,1
DA:72,0
DA:74,0
DA:79,0
DA:88,1
DA:93,0
DA:99,0
LF:19
LH:11
BRDA:55,0,0,0
BRDA:55,0,1,0
BRDA:57,1,0,0
BRDA:57,1,1,0
BRF:4
BRH:0
end_of_record
TN:
SF:app/src/microservices/chat/controllers/chat.controller.ts
FN:34,(anonymous_4)
FN:46,(anonymous_5)
FN:63,(anonymous_6)
FN:118,(anonymous_7)
FN:166,(anonymous_8)
FNF:5
FNH:0
FNDA:0,(anonymous_4)
FNDA:0,(anonymous_5)
FNDA:0,(anonymous_6)
FNDA:0,(anonymous_7)
FNDA:0,(anonymous_8)
DA:1,1
DA:14,1
DA:15,1
DA:16,1
DA:17,1
DA:18,1
DA:19,1
DA:20,1
DA:26,1
DA:33,1
DA:35,0
DA:36,0
DA:46,1
DA:50,0
DA:63,1
DA:66,0
DA:67,0
DA:72,0
DA:73,0
DA:75,0
DA:81,0
DA:82,0
DA:83,0
DA:86,0
DA:105,0
DA:108,0
DA:118,1
DA:122,0
DA:125,0
DA:127,0
DA:133,0
DA:134,0
DA:135,0
DA:138,0
DA:156,0
DA:166,1
DA:170,0
DA:171,0
LF:38
LH:14
BRDA:73,0,0,0
BRDA:82,1,0,0
BRDA:90,2,0,0
BRDA:90,2,1,0
BRDA:125,3,0,0
BRDA:134,4,0,0
BRDA:142,5,0,0
BRDA:142,5,1,0
BRF:8
BRH:0
end_of_record
TN:
SF:app/src/microservices/chat/controllers/media-upload.controller.ts
FN:30,(anonymous_4)
FN:60,(anonymous_5)
FN:87,(anonymous_6)
FNF:3
FNH:0
FNDA:0,(anonymous_4)
FNDA:0,(anonymous_5)
FNDA:0,(anonymous_6)
DA:1,1
DA:12,1
DA:13,1
DA:14,1
DA:15,1
DA:16,1
DA:29,1
DA:30,0
DA:60,1
DA:64,0
DA:65,0
DA:68,0
DA:69,0
DA:87,1
DA:93,0
DA:94,0
DA:98,0
DA:99,0
DA:102,0
DA:103,0
LF:20
LH:9
BRDA:64,0,0,0
BRDA:93,1,0,0
BRDA:93,1,1,0
BRDA:98,2,0,0
BRF:4
BRH:0
end_of_record
TN:
SF:app/src/microservices/chat/controllers/message.controller.ts
FN:38,(anonymous_4)
FN:47,(anonymous_5)
FN:68,(anonymous_6)
FN:89,(anonymous_7)
FN:110,(anonymous_8)
FN:133,(anonymous_9)
FNF:6
FNH:0
FNDA:0,(anonymous_4)
FNDA:0,(anonymous_5)
FNDA:0,(anonymous_6)
FNDA:0,(anonymous_7)
FNDA:0,(anonymous_8)
FNDA:0,(anonymous_9)
DA:1,1
DA:16,1
DA:20,1
DA:21,1
DA:22,1
DA:23,1
DA:24,1
DA:25,1
DA:37,1
DA:38,0
DA:47,1
DA:53,0
DA:58,0
DA:68,1
DA:74,0
DA:89,1
DA:95,0
DA:100,0
DA:110,1
DA:114,0
DA:119,0
DA:123,0
DA:133,1
DA:137,0
DA:141,0
LF:25
LH:14
BRF:0
BRH:0
end_of_record
TN:
SF:app/src/microservices/chat/dto/chat-response.dto.ts
FN:53,(anonymous_2)
FN:28,(anonymous_3)
FN:44,(anonymous_4)
FNF:3
FNH:0
FNDA:0,(anonymous_2)
FNDA:0,(anonymous_3)
FNDA:0,(anonymous_4)
DA:1,3
DA:2,3
DA:3,3
DA:5,3
DA:14,3
DA:16,3
DA:19,3
DA:22,3
DA:25,3
DA:28,0
DA:29,3
DA:32,3
DA:35,3
DA:38,3
DA:41,3
DA:44,0
DA:45,3
DA:48,3
DA:51,3
DA:54,0
LF:20
LH:17
BRF:0
BRH:0
end_of_record
TN:
SF:app/src/microservices/chat/dto/create-chat.dto.ts
FN:19,(anonymous_2)
FN:32,(anonymous_3)
FNF:2
FNH:0
FNDA:0,(anonymous_2)
FNDA:0,(anonymous_3)
DA:1,1
DA:10,1
DA:12,1
DA:15,1
DA:19,0
DA:20,1
DA:24,1
DA:28,1
DA:32,0
DA:33,1
LF:10
LH:8
BRDA:19,0,0,0
BRDA:19,0,1,0
BRF:2
BRH:0
end_of_record
TN:
SF:app/src/microservices/chat/dto/message-response.dto.ts
FN:45,(anonymous_2)
FNF:1
FNH:1
FNDA:5,(anonymous_2)
DA:1,4
DA:2,4
DA:5,4
DA:7,4
DA:10,4
DA:13,4
DA:16,4
DA:19,4
DA:22,4
DA:25,4
DA:28,4
DA:31,4
DA:34,4
DA:37,4
DA:40,4
DA:43,4
DA:46,5
LF:17
LH:17
BRF:0
BRH:0
end_of_record
TN:
SF:app/src/microservices/chat/entities/chat.entity.ts
FN:14,(anonymous_2)
FN:60,(anonymous_3)
FN:60,(anonymous_4)
FN:63,(anonymous_5)
FNF:4
FNH:4
FNDA:5,(anonymous_2)
FNDA:1,(anonymous_3)
FNDA:1,(anonymous_4)
FNDA:1,(anonymous_5)
DA:1,5
DA:11,5
DA:12,5
DA:14,5
DA:15,5
DA:16,5
DA:17,5
DA:21,5
DA:23,5
DA:30,5
DA:33,5
DA:36,5
DA:39,5
DA:42,5
DA:45,5
DA:50,5
DA:55,5
DA:58,5
DA:60,1
DA:61,5
DA:63,1
DA:69,5
LF:22
LH:22
BRDA:14,0,0,5
BRDA:14,0,1,5
BRF:2
BRH:2
end_of_record
TN:
SF:app/src/microservices/chat/entities/message.entity.ts
FN:15,(anonymous_2)
FN:21,(anonymous_3)
FN:36,(anonymous_4)
FN:43,(anonymous_5)
FNF:4
FNH:4
FNDA:5,(anonymous_2)
FNDA:5,(anonymous_3)
FNDA:1,(anonymous_4)
FNDA:1,(anonymous_5)
DA:1,5
DA:12,5
DA:13,5
DA:15,5
DA:16,5
DA:17,5
DA:18,5
DA:21,5
DA:22,5
DA:23,5
DA:24,5
DA:29,5
DA:31,5
DA:34,5
DA:36,1
DA:38,5
DA:41,5
DA:43,1
DA:45,5
DA:52,5
DA:55,5
DA:58,5
DA:61,5
DA:64,5
DA:71,5
DA:74,5
DA:77,5
DA:80,5
DA:83,5
LF:29
LH:29
BRDA:15,0,0,5
BRDA:15,0,1,5
BRDA:21,1,0,5
BRDA:21,1,1,5
BRF:4
BRH:4
end_of_record
TN:
SF:app/src/microservices/chat/gateways/chat.gateway.ts
FN:42,(anonymous_4)
FN:48,(anonymous_5)
FN:52,(anonymous_6)
FN:72,(anonymous_7)
FN:91,(anonymous_8)
FN:99,(anonymous_9)
FN:115,(anonymous_10)
FN:122,(anonymous_11)
FN:129,(anonymous_12)
FN:136,(anonymous_13)
FN:145,(anonymous_14)
FN:148,(anonymous_15)
FN:157,(anonymous_16)
FN:163,(anonymous_17)
FN:172,(anonymous_18)
FN:176,(anonymous_19)
FN:185,(anonymous_20)
FN:200,(anonymous_21)
FN:210,(anonymous_22)
FN:225,(anonymous_23)
FN:239,(anonymous_24)
FN:246,(anonymous_25)
FNF:22
FNH:0
FNDA:0,(anonymous_4)
FNDA:0,(anonymous_5)
FNDA:0,(anonymous_6)
FNDA:0,(anonymous_7)
FNDA:0,(anonymous_8)
FNDA:0,(anonymous_9)
FNDA:0,(anonymous_10)
FNDA:0,(anonymous_11)
FNDA:0,(anonymous_12)
FNDA:0,(anonymous_13)
FNDA:0,(anonymous_14)
FNDA:0,(anonymous_15)
FNDA:0,(anonymous_16)
FNDA:0,(anonymous_17)
FNDA:0,(anonymous_18)
FNDA:0,(anonymous_19)
FNDA:0,(anonymous_20)
FNDA:0,(anonymous_21)
FNDA:0,(anonymous_22)
FNDA:0,(anonymous_23)
FNDA:0,(anonymous_24)
FNDA:0,(anonymous_25)
DA:1,1
DA:11,1
DA:12,1
DA:13,1
DA:15,1
DA:16,1
DA:31,1
DA:35,1
DA:38,0
DA:40,0
DA:43,0
DA:44,0
DA:45,0
DA:49,0
DA:53,0
DA:55,0
DA:57,0
DA:58,0
DA:59,0
DA:63,0
DA:65,0
DA:66,0
DA:68,0
DA:71,0
DA:72,0
DA:74,0
DA:75,0
DA:77,0
DA:80,0
DA:84,0
DA:86,0
DA:87,0
DA:92,0
DA:93,0
DA:94,0
DA:97,0
DA:98,0
DA:99,0
DA:102,0
DA:103,0
DA:105,0
DA:108,0
DA:115,1
DA:116,0
DA:122,1
DA:123,0
DA:129,1
DA:130,0
DA:136,1
DA:141,0
DA:145,1
DA:147,0
DA:148,0
DA:150,0
DA:151,0
DA:153,0
DA:156,0
DA:157,0
DA:158,0
DA:162,0
DA:163,0
DA:164,0
DA:172,1
DA:176,0
DA:178,0
DA:179,0
DA:181,0
DA:184,0
DA:185,0
DA:186,0
DA:187,0
DA:192,0
DA:200,1
DA:206,0
DA:209,0
DA:210,0
DA:211,0
DA:212,0
DA:216,0
DA:225,1
DA:229,0
DA:231,0
DA:239,1
DA:243,0
DA:246,0
DA:247,0
DA:251,0
DA:254,0
LF:88
LH:17
BRDA:57,0,0,0
BRDA:65,1,0,0
BRDA:74,2,0,0
BRDA:93,3,0,0
BRDA:97,4,0,0
BRDA:97,4,1,0
BRDA:102,5,0,0
BRDA:102,5,1,0
BRDA:147,6,0,0
BRDA:150,7,0,0
BRDA:156,8,0,0
BRDA:156,8,1,0
BRDA:162,9,0,0
BRDA:178,10,0,0
BRDA:184,11,0,0
BRDA:184,11,1,0
BRDA:209,12,0,0
BRDA:209,12,1,0
BRDA:229,13,0,0
BRDA:243,14,0,0
BRF:20
BRH:0
end_of_record
TN:
SF:app/src/microservices/chat/pipes/parse-socket-jwt.pipe.ts
FN:7,(anonymous_2)
FN:9,(anonymous_3)
FN:28,(anonymous_4)
FN:47,(anonymous_5)
FNF:4
FNH:1
FNDA:1,(anonymous_2)
FNDA:0,(anonymous_3)
FNDA:0,(anonymous_4)
FNDA:0,(anonymous_5)
DA:1,1
DA:3,1
DA:6,1
DA:7,1
DA:10,0
DA:12,0
DA:14,0
DA:15,0
DA:19,0
DA:21,0
DA:23,0
DA:24,0
DA:30,0
DA:31,0
DA:35,0
DA:36,0
DA:37,0
DA:39,0
DA:40,0
DA:45,0
DA:46,0
DA:47,0
DA:49,0
DA:50,0
DA:54,0
LF:25
LH:4
BRDA:14,0,0,0
BRDA:30,1,0,0
BRDA:30,2,0,0
BRDA:30,2,1,0
BRDA:35,3,0,0
BRDA:39,4,0,0
BRDA:39,5,0,0
BRDA:39,5,1,0
BRDA:45,6,0,0
BRDA:49,7,0,0
BRF:10
BRH:0
end_of_record
TN:
SF:app/src/microservices/chat/services/chat.service.ts
FN:19,(anonymous_4)
FN:27,(anonymous_5)
FN:39,(anonymous_6)
FN:95,(anonymous_7)
FN:102,(anonymous_8)
FN:107,(anonymous_9)
FN:118,(anonymous_10)
FN:125,(anonymous_11)
FN:146,(anonymous_12)
FN:178,(anonymous_13)
FN:198,(anonymous_14)
FN:219,(anonymous_15)
FN:234,(anonymous_16)
FN:241,(anonymous_17)
FN:266,(anonymous_18)
FN:277,(anonymous_19)
FN:280,(anonymous_20)
FN:284,(anonymous_21)
FN:295,(anonymous_22)
FN:307,(anonymous_23)
FN:329,(anonymous_24)
FN:345,(anonymous_25)
FNF:22
FNH:0
FNDA:0,(anonymous_4)
FNDA:0,(anonymous_5)
FNDA:0,(anonymous_6)
FNDA:0,(anonymous_7)
FNDA:0,(anonymous_8)
FNDA:0,(anonymous_9)
FNDA:0,(anonymous_10)
FNDA:0,(anonymous_11)
FNDA:0,(anonymous_12)
FNDA:0,(anonymous_13)
FNDA:0,(anonymous_14)
FNDA:0,(anonymous_15)
FNDA:0,(anonymous_16)
FNDA:0,(anonymous_17)
FNDA:0,(anonymous_18)
FNDA:0,(anonymous_19)
FNDA:0,(anonymous_20)
FNDA:0,(anonymous_21)
FNDA:0,(anonymous_22)
FNDA:0,(anonymous_23)
FNDA:0,(anonymous_24)
FNDA:0,(anonymous_25)
DA:1,3
DA:8,3
DA:9,3
DA:10,3
DA:11,3
DA:13,3
DA:14,3
DA:18,3
DA:21,0
DA:23,0
DA:24,0
DA:32,0
DA:33,0
DA:34,0
DA:37,0
DA:39,0
DA:42,0
DA:43,0
DA:49,0
DA:53,0
DA:54,0
DA:58,0
DA:59,0
DA:64,0
DA:74,0
DA:77,0
DA:82,0
DA:83,0
DA:84,0
DA:86,0
DA:88,0
DA:92,0
DA:95,0
DA:99,0
DA:103,0
DA:104,0
DA:108,0
DA:110,0
DA:111,0
DA:112,0
DA:115,0
DA:119,0
DA:126,0
DA:129,0
DA:130,0
DA:135,0
DA:138,0
DA:143,0
DA:150,0
DA:151,0
DA:152,0
DA:155,0
DA:159,0
DA:160,0
DA:164,0
DA:165,0
DA:168,0
DA:169,0
DA:172,0
DA:183,0
DA:186,0
DA:187,0
DA:193,0
DA:194,0
DA:197,0
DA:198,0
DA:200,0
DA:201,0
DA:206,0
DA:207,0
DA:210,0
DA:216,0
DA:220,0
DA:221,0
DA:222,0
DA:226,0
DA:227,0
DA:230,0
DA:235,0
DA:242,0
DA:245,0
DA:253,0
DA:258,0
DA:259,0
DA:263,0
DA:267,0
DA:278,0
DA:280,0
DA:290,0
DA:291,0
DA:294,0
DA:295,0
DA:305,0
DA:306,0
DA:307,0
DA:308,0
DA:309,0
DA:313,0
DA:334,0
DA:342,0
DA:350,0
DA:351,0
DA:352,0
DA:356,0
DA:357,0
DA:363,0
DA:364,0
DA:368,0
DA:372,0
DA:373,0
DA:377,0
DA:380,0
DA:383,0
DA:389,0
LF:114
LH:8
BRDA:42,0,0,0
BRDA:53,1,0,0
BRDA:53,2,0,0
BRDA:53,2,1,0
BRDA:58,3,0,0
BRDA:129,4,0,0
BRDA:151,5,0,0
BRDA:159,6,0,0
BRDA:164,7,0,0
BRDA:186,8,0,0
BRDA:186,9,0,0
BRDA:186,9,1,0
BRDA:193,10,0,0
BRDA:200,11,0,0
BRDA:221,12,0,0
BRDA:226,13,0,0
BRDA:279,14,0,0
BRDA:279,14,1,0
BRDA:294,15,0,0
BRDA:294,15,1,0
BRDA:298,16,0,0
BRDA:298,16,1,0
BRDA:300,17,0,0
BRDA:300,17,1,0
BRDA:306,18,0,0
BRDA:306,19,0,0
BRDA:306,19,1,0
BRDA:306,19,2,0
BRDA:308,20,0,0
BRDA:309,21,0,0
BRDA:309,21,1,0
BRDA:351,22,0,0
BRDA:356,23,0,0
BRDA:356,24,0,0
BRDA:356,24,1,0
BRDA:363,25,0,0
BRDA:372,26,0,0
BRF:37
BRH:0
end_of_record
TN:
SF:app/src/microservices/chat/services/event-chat-integration.service.ts
FN:16,(anonymous_4)
FN:28,(anonymous_5)
FN:58,(anonymous_6)
FN:83,(anonymous_7)
FN:101,(anonymous_8)
FN:116,(anonymous_9)
FN:136,(anonymous_10)
FNF:7
FNH:7
FNDA:17,(anonymous_4)
FNDA:3,(anonymous_5)
FNDA:3,(anonymous_6)
FNDA:2,(anonymous_7)
FNDA:6,(anonymous_8)
FNDA:1,(anonymous_9)
FNDA:2,(anonymous_10)
DA:1,3
DA:2,3
DA:3,3
DA:5,3
DA:6,3
DA:7,3
DA:8,3
DA:15,3
DA:17,17
DA:19,17
DA:28,3
DA:34,3
DA:36,3
DA:38,3
DA:40,2
DA:47,2
DA:58,3
DA:63,3
DA:65,3
DA:67,3
DA:69,2
DA:83,3
DA:84,2
DA:86,2
DA:88,2
DA:90,2
DA:101,3
DA:106,6
DA:108,6
DA:110,6
DA:113,6
DA:115,4
DA:116,1
DA:119,4
DA:121,3
DA:136,3
DA:137,2
DA:139,2
DA:141,2
DA:144,2
LF:40
LH:40
BRDA:38,0,0,2
BRDA:67,1,0,2
BRDA:67,2,0,3
BRDA:67,2,1,3
BRDA:88,3,0,2
BRDA:110,4,0,6
BRDA:113,5,0,4
BRDA:113,6,0,6
BRDA:113,6,1,4
BRDA:119,7,0,3
BRDA:141,8,0,2
BRF:11
BRH:11
end_of_record
TN:
SF:app/src/microservices/chat/services/media-upload.service.ts
FN:29,(anonymous_11)
FN:39,(anonymous_12)
FN:49,(anonymous_13)
FN:65,(anonymous_14)
FN:83,(anonymous_15)
FN:92,(anonymous_16)
FNF:6
FNH:2
FNDA:1,(anonymous_11)
FNDA:1,(anonymous_12)
FNDA:0,(anonymous_13)
FNDA:0,(anonymous_14)
FNDA:0,(anonymous_15)
FNDA:0,(anonymous_16)
DA:1,1
DA:2,1
DA:3,1
DA:4,1
DA:5,1
DA:6,1
DA:7,1
DA:9,1
DA:10,1
DA:11,1
DA:13,1
DA:21,1
DA:24,1
DA:29,1
DA:30,1
DA:31,1
DA:33,1
DA:36,1
DA:40,1
DA:41,1
DA:42,1
DA:45,0
DA:51,0
DA:52,0
DA:58,0
DA:59,0
DA:67,0
DA:70,0
DA:72,0
DA:73,0
DA:74,0
DA:77,0
DA:80,0
DA:84,0
DA:86,0
DA:87,0
DA:90,0
DA:92,0
DA:93,0
DA:94,0
DA:97,0
DA:100,0
DA:102,0
DA:103,0
LF:44
LH:21
BRDA:30,0,0,1
BRDA:30,0,1,1
BRDA:32,1,0,1
BRDA:32,1,1,1
BRDA:33,2,0,1
BRDA:33,2,1,1
BRDA:41,3,0,1
BRDA:51,4,0,0
BRDA:58,5,0,0
BRDA:90,6,0,0
BRDA:93,7,0,0
BRF:11
BRH:7
end_of_record
TN:
SF:app/src/microservices/chat/services/message.service.ts
FN:33,(anonymous_4)
FN:42,(anonymous_5)
FN:99,(anonymous_6)
FN:124,(anonymous_7)
FN:128,(anonymous_8)
FN:140,(anonymous_9)
FN:145,(anonymous_10)
FN:153,(anonymous_11)
FN:159,(anonymous_12)
FN:194,(anonymous_13)
FN:238,(anonymous_14)
FN:262,(anonymous_15)
FN:269,(anonymous_16)
FN:280,(anonymous_17)
FN:295,(anonymous_18)
FNF:15
FNH:0
FNDA:0,(anonymous_4)
FNDA:0,(anonymous_5)
FNDA:0,(anonymous_6)
FNDA:0,(anonymous_7)
FNDA:0,(anonymous_8)
FNDA:0,(anonymous_9)
FNDA:0,(anonymous_10)
FNDA:0,(anonymous_11)
FNDA:0,(anonymous_12)
FNDA:0,(anonymous_13)
FNDA:0,(anonymous_14)
FNDA:0,(anonymous_15)
FNDA:0,(anonymous_16)
FNDA:0,(anonymous_17)
FNDA:0,(anonymous_18)
DA:1,1
DA:7,1
DA:8,1
DA:9,1
DA:14,1
DA:15,1
DA:19,1
DA:20,1
DA:32,1
DA:35,0
DA:37,0
DA:38,0
DA:39,0
DA:47,0
DA:50,0
DA:51,0
DA:52,0
DA:56,0
DA:57,0
DA:62,0
DA:68,0
DA:80,0
DA:83,0
DA:86,0
DA:92,0
DA:93,0
DA:106,0
DA:109,0
DA:110,0
DA:113,0
DA:124,0
DA:127,0
DA:128,0
DA:129,0
DA:134,0
DA:139,0
DA:140,0
DA:141,0
DA:145,0
DA:146,0
DA:154,0
DA:163,0
DA:165,0
DA:166,0
DA:169,0
DA:170,0
DA:173,0
DA:174,0
DA:175,0
DA:176,0
DA:178,0
DA:181,0
DA:187,0
DA:188,0
DA:199,0
DA:200,0
DA:201,0
DA:207,0
DA:210,0
DA:217,0
DA:220,0
DA:225,0
DA:227,0
DA:232,0
DA:235,0
DA:239,0
DA:241,0
DA:242,0
DA:246,0
DA:247,0
DA:250,0
DA:251,0
DA:254,0
DA:259,0
DA:263,0
DA:270,0
DA:281,0
DA:282,0
DA:283,0
DA:286,0
DA:299,0
LF:81
LH:9
BRDA:50,0,0,0
BRDA:50,0,1,0
BRDA:50,1,0,0
BRDA:50,1,1,0
BRDA:52,2,0,0
BRDA:52,2,1,0
BRDA:53,3,0,0
BRDA:53,3,1,0
BRDA:57,4,0,0
BRDA:58,5,0,0
BRDA:58,5,1,0
BRDA:58,5,2,0
BRDA:95,6,0,0
BRDA:95,6,1,0
BRDA:102,7,0,0
BRDA:103,8,0,0
BRDA:109,9,0,0
BRDA:109,9,1,0
BRDA:110,10,0,0
BRDA:110,10,1,0
BRDA:127,11,0,0
BRDA:141,12,0,0
BRDA:141,12,1,0
BRDA:148,13,0,0
BRDA:148,13,1,0
BRDA:165,14,0,0
BRDA:169,15,0,0
BRDA:173,16,0,0
BRDA:173,16,1,0
BRDA:174,17,0,0
BRDA:174,17,1,0
BRDA:190,18,0,0
BRDA:190,18,1,0
BRDA:200,19,0,0
BRDA:210,20,0,0
BRDA:211,21,0,0
BRDA:211,21,1,0
BRDA:211,21,2,0
BRDA:211,21,3,0
BRDA:211,21,4,0
BRDA:225,22,0,0
BRDA:225,23,0,0
BRDA:225,23,1,0
BRDA:241,24,0,0
BRDA:246,25,0,0
BRDA:282,26,0,0
BRDA:289,27,0,0
BRDA:289,27,1,0
BRDA:290,28,0,0
BRDA:290,28,1,0
BRF:50
BRH:0
end_of_record
TN:
SF:app/src/microservices/event/event.controller.ts
FN:47,(anonymous_4)
FN:58,(anonymous_5)
FN:93,(anonymous_6)
FN:133,(anonymous_7)
FN:162,(anonymous_8)
FN:185,(anonymous_9)
FN:204,(anonymous_10)
FN:223,(anonymous_11)
FN:243,(anonymous_12)
FN:272,(anonymous_13)
FN:294,(anonymous_14)
FN:308,(anonymous_15)
FN:328,(anonymous_16)
FNF:13
FNH:5
FNDA:10,(anonymous_4)
FNDA:2,(anonymous_5)
FNDA:3,(anonymous_6)
FNDA:0,(anonymous_7)
FNDA:0,(anonymous_8)
FNDA:0,(anonymous_9)
FNDA:0,(anonymous_10)
FNDA:0,(anonymous_11)
FNDA:0,(anonymous_12)
FNDA:1,(anonymous_13)
FNDA:0,(anonymous_14)
FNDA:0,(anonymous_15)
FNDA:1,(anonymous_16)
DA:1,2
DA:15,2
DA:16,2
DA:17,2
DA:18,2
DA:19,2
DA:20,2
DA:21,2
DA:22,2
DA:24,2
DA:25,2
DA:27,2
DA:28,2
DA:46,2
DA:47,10
DA:58,2
DA:62,2
DA:63,1
DA:65,1
DA:93,2
DA:103,3
DA:111,3
DA:112,1
DA:115,3
DA:116,1
DA:119,3
DA:133,2
DA:138,0
DA:139,0
DA:141,0
DA:162,2
DA:167,0
DA:168,0
DA:170,0
DA:185,2
DA:189,0
DA:190,0
DA:204,2
DA:209,0
DA:210,0
DA:212,0
DA:223,2
DA:227,0
DA:228,0
DA:230,0
DA:243,2
DA:248,0
DA:272,2
DA:277,1
DA:278,0
DA:280,1
DA:294,2
DA:298,0
DA:299,0
DA:301,0
DA:308,2
DA:312,0
DA:313,0
DA:328,2
DA:332,1
DA:342,1
DA:343,1
DA:344,1
DA:346,1
LF:64
LH:43
BRDA:62,0,0,1
BRDA:104,1,0,1
BRDA:104,1,1,2
BRDA:105,2,0,0
BRDA:105,2,1,3
BRDA:111,3,0,1
BRDA:115,4,0,1
BRDA:138,5,0,0
BRDA:143,6,0,0
BRDA:143,6,1,0
BRDA:144,7,0,0
BRDA:144,7,1,0
BRDA:167,8,0,0
BRDA:171,9,0,0
BRDA:171,9,1,0
BRDA:172,10,0,0
BRDA:172,10,1,0
BRDA:209,11,0,0
BRDA:227,12,0,0
BRDA:249,13,0,0
BRDA:249,13,1,0
BRDA:250,14,0,0
BRDA:250,14,1,0
BRDA:277,15,0,0
BRDA:298,16,0,0
BRDA:342,17,0,1
BRDA:342,17,1,1
BRDA:342,18,0,1
BRDA:342,18,1,0
BRDA:343,19,0,1
BRDA:343,19,1,0
BRDA:344,20,0,1
BRDA:344,20,1,1
BRF:33
BRH:12
end_of_record
TN:
SF:app/src/microservices/event/event.module.ts
FNF:0
FNH:0
DA:1,1
DA:2,1
DA:3,1
DA:4,1
DA:5,1
DA:6,1
DA:10,1
DA:11,1
DA:12,1
DA:31,1
LF:10
LH:10
BRF:0
BRH:0
end_of_record
TN:
SF:app/src/microservices/event/event.service.ts
FN:60,(anonymous_4)
FN:68,(anonymous_5)
FN:101,(anonymous_6)
FN:204,(anonymous_7)
FN:214,(anonymous_8)
FN:242,(anonymous_9)
FN:249,(anonymous_10)
FN:300,(anonymous_11)
FN:334,(anonymous_12)
FN:352,(anonymous_13)
FN:362,(anonymous_14)
FN:414,(anonymous_15)
FN:424,(anonymous_16)
FN:456,(anonymous_17)
FN:466,(anonymous_18)
FN:477,(anonymous_19)
FN:495,(anonymous_20)
FN:518,(anonymous_21)
FN:530,(anonymous_22)
FN:542,(anonymous_23)
FN:549,(anonymous_24)
FN:561,(anonymous_25)
FN:568,(anonymous_26)
FN:594,(anonymous_27)
FN:620,(anonymous_28)
FN:637,(anonymous_29)
FNF:26
FNH:8
FNDA:25,(anonymous_4)
FNDA:3,(anonymous_5)
FNDA:12,(anonymous_6)
FNDA:5,(anonymous_7)
FNDA:6,(anonymous_8)
FNDA:0,(anonymous_9)
FNDA:0,(anonymous_10)
FNDA:0,(anonymous_11)
FNDA:0,(anonymous_12)
FNDA:0,(anonymous_13)
FNDA:4,(anonymous_14)
FNDA:0,(anonymous_15)
FNDA:0,(anonymous_16)
FNDA:0,(anonymous_17)
FNDA:0,(anonymous_18)
FNDA:0,(anonymous_19)
FNDA:0,(anonymous_20)
FNDA:0,(anonymous_21)
FNDA:2,(anonymous_22)
FNDA:0,(anonymous_23)
FNDA:2,(anonymous_24)
FNDA:0,(anonymous_25)
FNDA:0,(anonymous_26)
FNDA:0,(anonymous_27)
FNDA:0,(anonymous_28)
FNDA:0,(anonymous_29)
DA:1,6
DA:8,6
DA:9,6
DA:10,6
DA:19,6
DA:20,6
DA:21,6
DA:22,6
DA:23,6
DA:24,6
DA:25,6
DA:57,6
DA:58,25
DA:61,25
DA:62,25
DA:63,25
DA:64,25
DA:65,25
DA:73,3
DA:75,3
DA:76,2
DA:83,3
DA:91,3
DA:98,3
DA:105,12
DA:109,12
DA:110,11
DA:112,1
DA:116,12
DA:117,12
DA:120,12
DA:121,4
DA:125,4
DA:126,1
DA:129,1
DA:132,3
DA:134,3
DA:135,2
DA:137,1
DA:138,1
DA:142,1
DA:145,1
DA:148,1
DA:152,1
DA:159,9
DA:161,6
DA:163,6
DA:164,6
DA:168,6
DA:170,4
DA:171,3
DA:174,1
DA:177,1
DA:182,2
DA:184,1
DA:187,1
DA:190,1
DA:194,1
DA:201,6
DA:204,6
DA:205,5
DA:208,6
DA:215,6
DA:217,6
DA:218,2
DA:222,4
DA:228,2
DA:234,2
DA:237,2
DA:240,2
DA:243,0
DA:246,2
DA:255,0
DA:256,0
DA:257,0
DA:261,0
DA:262,0
DA:268,0
DA:270,0
DA:271,0
DA:273,0
DA:275,0
DA:276,0
DA:282,0
DA:283,0
DA:291,0
DA:297,0
DA:302,0
DA:303,0
DA:304,0
DA:308,0
DA:309,0
DA:314,0
DA:317,0
DA:319,0
DA:320,0
DA:327,0
DA:339,0
DA:341,0
DA:342,0
DA:345,0
DA:352,0
DA:353,0
DA:356,0
DA:368,4
DA:370,4
DA:371,0
DA:375,4
DA:378,0
DA:384,4
DA:386,2
DA:387,2
DA:388,2
DA:395,2
DA:402,2
DA:409,2
DA:412,2
DA:415,0
DA:421,2
DA:426,0
DA:428,0
DA:429,0
DA:433,0
DA:435,0
DA:436,0
DA:440,0
DA:441,0
DA:447,0
DA:450,0
DA:460,0
DA:466,0
DA:467,0
DA:470,0
DA:481,0
DA:484,0
DA:494,0
DA:495,0
DA:499,0
DA:500,0
DA:503,0
DA:519,0
DA:520,0
DA:522,0
DA:524,0
DA:525,0
DA:526,0
DA:536,2
DA:542,0
DA:546,2
DA:554,2
DA:562,0
DA:568,6
DA:571,0
DA:574,0
DA:575,0
DA:581,0
DA:583,0
DA:587,0
DA:594,6
DA:597,0
DA:600,0
DA:601,0
DA:602,0
DA:604,0
DA:608,0
DA:621,0
DA:622,0
DA:623,0
DA:625,0
DA:627,0
DA:638,0
DA:639,0
DA:640,0
DA:641,0
DA:642,0
DA:643,0
DA:645,0
DA:647,0
DA:649,0
LF:179
LH:88
BRDA:75,0,0,2
BRDA:102,1,0,0
BRDA:109,2,0,11
BRDA:109,2,1,1
BRDA:120,3,0,4
BRDA:125,4,0,1
BRDA:135,5,0,1
BRDA:135,5,1,1
BRDA:135,6,0,2
BRDA:135,6,1,2
BRDA:159,7,0,6
BRDA:159,8,0,9
BRDA:159,8,1,6
BRDA:170,9,0,3
BRDA:170,9,1,1
BRDA:182,10,0,1
BRDA:182,10,1,1
BRDA:217,11,0,2
BRDA:222,12,0,2
BRDA:223,13,0,4
BRDA:223,13,1,2
BRDA:223,13,2,2
BRDA:223,13,3,2
BRDA:256,14,0,0
BRDA:261,15,0,0
BRDA:273,16,0,0
BRDA:275,17,0,0
BRDA:282,18,0,0
BRDA:303,19,0,0
BRDA:308,20,0,0
BRDA:319,21,0,0
BRDA:336,22,0,0
BRDA:341,23,0,0
BRDA:370,24,0,0
BRDA:375,25,0,0
BRDA:375,26,0,4
BRDA:375,26,1,0
BRDA:384,27,0,2
BRDA:387,28,0,2
BRDA:428,29,0,0
BRDA:435,30,0,0
BRDA:440,31,0,0
BRDA:458,32,0,0
BRDA:481,33,0,0
BRDA:481,34,0,0
BRDA:499,35,0,0
BRDA:499,36,0,0
BRDA:499,36,1,0
BRDA:519,37,0,0
BRDA:519,38,0,0
BRDA:519,38,1,0
BRDA:539,39,0,0
BRDA:539,39,1,2
BRDA:540,40,0,2
BRDA:540,40,1,2
BRDA:541,41,0,2
BRDA:541,41,1,0
BRDA:542,42,0,2
BRDA:542,42,1,2
BRDA:576,43,0,0
BRDA:576,43,1,0
BRDA:577,44,0,0
BRDA:577,44,1,0
BRDA:588,45,0,0
BRDA:588,45,1,0
BRDA:609,46,0,0
BRDA:609,46,1,0
BRDA:641,47,0,0
BRF:68
BRH:31
end_of_record
TN:
SF:app/src/microservices/event/dto/attendee-response.dto.ts
FN:24,(anonymous_2)
FNF:1
FNH:1
FNDA:2,(anonymous_2)
DA:1,6
DA:2,6
DA:5,6
DA:7,6
DA:10,6
DA:13,6
DA:16,6
DA:19,6
DA:22,6
DA:25,2
LF:10
LH:10
BRF:0
BRH:0
end_of_record
TN:
SF:app/src/microservices/event/dto/create-event.dto.ts
FN:17,(anonymous_2)
FN:36,(anonymous_3)
FN:41,(anonymous_4)
FNF:3
FNH:0
FNDA:0,(anonymous_2)
FNDA:0,(anonymous_3)
FNDA:0,(anonymous_4)
DA:1,2
DA:14,2
DA:15,2
DA:17,2
DA:21,2
DA:25,2
DA:29,2
DA:33,2
DA:36,0
DA:37,2
DA:41,0
DA:42,2
DA:46,2
DA:52,2
DA:55,2
DA:59,2
LF:16
LH:14
BRF:0
BRH:0
end_of_record
TN:
SF:app/src/microservices/event/dto/event-backfill.dto.ts
FN:16,(anonymous_2)
FN:42,(anonymous_3)
FNF:2
FNH:0
FNDA:0,(anonymous_2)
FNDA:0,(anonymous_3)
DA:1,8
DA:10,8
DA:11,8
DA:14,8
DA:16,8
DA:27,8
DA:37,8
DA:40,8
DA:42,0
DA:45,8
DA:52,8
DA:56,8
DA:58,8
DA:62,8
DA:70,8
DA:73,8
DA:78,8
LF:17
LH:16
BRF:0
BRH:0
end_of_record
TN:
SF:app/src/microservices/event/dto/event-response.dto.ts
FN:68,(anonymous_2)
FN:50,(anonymous_3)
FNF:2
FNH:1
FNDA:2,(anonymous_2)
FNDA:0,(anonymous_3)
DA:1,6
DA:2,6
DA:3,6
DA:6,6
DA:8,6
DA:11,6
DA:14,6
DA:17,6
DA:20,6
DA:23,6
DA:26,6
DA:29,6
DA:32,6
DA:35,6
DA:38,6
DA:41,6
DA:44,6
DA:47,6
DA:50,0
DA:51,6
DA:54,6
DA:57,6
DA:60,6
DA:63,6
DA:66,6
DA:69,2
LF:26
LH:25
BRF:0
BRH:0
end_of_record
TN:
SF:app/src/microservices/event/dto/join-event.dto.ts
FN:4,(anonymous_2)
FNF:1
FNH:0
FNDA:0,(anonymous_2)
DA:1,2
DA:2,2
DA:4,2
DA:6,2
DA:11,2
LF:5
LH:5
BRF:0
BRH:0
end_of_record
TN:
SF:app/src/microservices/event/dto/plan-search.dto.ts
FN:4,(anonymous_2)
FN:13,(anonymous_3)
FN:19,(anonymous_4)
FNF:3
FNH:0
FNDA:0,(anonymous_2)
FNDA:0,(anonymous_3)
FNDA:0,(anonymous_4)
DA:1,2
DA:2,2
DA:4,2
DA:7,2
DA:13,0
DA:14,2
DA:19,0
DA:20,2
LF:8
LH:6
BRF:0
BRH:0
end_of_record
TN:
SF:app/src/microservices/event/dto/trending-plans-request.dto.ts
FN:11,(anonymous_2)
FN:28,(anonymous_3)
FN:33,(anonymous_4)
FN:39,(anonymous_5)
FN:43,(anonymous_6)
FN:48,(anonymous_7)
FN:54,(anonymous_8)
FNF:7
FNH:0
FNDA:0,(anonymous_2)
FNDA:0,(anonymous_3)
FNDA:0,(anonymous_4)
FNDA:0,(anonymous_5)
FNDA:0,(anonymous_6)
FNDA:0,(anonymous_7)
FNDA:0,(anonymous_8)
DA:1,2
DA:9,2
DA:11,2
DA:15,2
DA:20,2
DA:25,2
DA:28,2
DA:33,0
DA:34,2
DA:39,0
DA:40,2
DA:43,0
DA:45,2
DA:48,0
DA:50,2
DA:54,0
DA:55,2
LF:17
LH:12
BRDA:43,0,0,0
BRDA:43,0,1,0
BRDA:48,1,0,0
BRDA:48,1,1,0
BRF:4
BRH:0
end_of_record
TN:
SF:app/src/microservices/event/dto/update-event.dto.ts
FN:36,(anonymous_2)
FN:41,(anonymous_3)
FNF:2
FNH:0
FNDA:0,(anonymous_2)
FNDA:0,(anonymous_3)
DA:1,2
DA:13,2
DA:14,2
DA:16,2
DA:20,2
DA:24,2
DA:28,2
DA:32,2
DA:36,0
DA:37,2
DA:41,0
DA:42,2
DA:46,2
DA:52,2
DA:56,2
DA:60,2
LF:16
LH:14
BRF:0
BRH:0
end_of_record
TN:
SF:app/src/microservices/event/entities/event-attendee.entity.ts
FNF:0
FNH:0
DA:1,11
DA:10,11
DA:11,11
DA:15,11
DA:17,11
DA:21,11
DA:25,11
DA:33,11
DA:39,11
DA:43,11
LF:10
LH:10
BRF:0
BRH:0
end_of_record
TN:
SF:app/src/microservices/event/entities/event.entity.ts
FNF:0
FNH:0
DA:1,14
DA:10,14
DA:13,14
DA:15,14
DA:19,14
DA:22,14
DA:26,14
DA:30,14
DA:34,14
DA:37,14
DA:43,14
DA:46,14
DA:49,14
DA:52,14
DA:60,14
DA:63,14
DA:67,14
DA:70,14
DA:73,14
DA:79,14
DA:85,14
LF:21
LH:21
BRF:0
BRH:0
end_of_record
TN:
SF:app/src/microservices/event/enums/event-attendee-status.enum.ts
FN:1,(anonymous_0)
FNF:1
FNH:1
FNDA:11,(anonymous_0)
DA:1,11
DA:2,11
DA:3,11
DA:4,11
DA:5,11
LF:5
LH:5
BRDA:1,0,0,11
BRDA:1,0,1,11
BRF:2
BRH:2
end_of_record
TN:
SF:app/src/microservices/event/enums/event-visibility.enum.ts
FN:1,(anonymous_0)
FNF:1
FNH:1
FNDA:14,(anonymous_0)
DA:1,14
DA:2,14
DA:3,14
DA:4,14
LF:4
LH:4
BRDA:1,0,0,14
BRDA:1,0,1,14
BRF:2
BRH:2
end_of_record
TN:
SF:app/src/microservices/event/repositories/event.repository.ts
FN:35,(anonymous_4)
FN:42,(anonymous_5)
FN:69,(anonymous_6)
FN:219,(anonymous_7)
FN:228,(anonymous_8)
FN:236,(anonymous_9)
FN:245,(anonymous_10)
FN:249,(anonymous_11)
FN:263,(anonymous_12)
FN:288,(anonymous_13)
FN:292,(anonymous_14)
FN:299,(anonymous_15)
FN:305,(anonymous_16)
FN:318,(anonymous_17)
FN:325,(anonymous_18)
FN:332,(anonymous_19)
FN:395,(anonymous_20)
FN:411,(anonymous_21)
FN:431,(anonymous_22)
FN:441,(anonymous_23)
FN:452,(anonymous_24)
FN:471,(anonymous_25)
FNF:22
FNH:5
FNDA:11,(anonymous_4)
FNDA:2,(anonymous_5)
FNDA:5,(anonymous_6)
FNDA:0,(anonymous_7)
FNDA:2,(anonymous_8)
FNDA:0,(anonymous_9)
FNDA:0,(anonymous_10)
FNDA:0,(anonymous_11)
FNDA:4,(anonymous_12)
FNDA:0,(anonymous_13)
FNDA:0,(anonymous_14)
FNDA:0,(anonymous_15)
FNDA:0,(anonymous_16)
FNDA:0,(anonymous_17)
FNDA:0,(anonymous_18)
FNDA:0,(anonymous_19)
FNDA:0,(anonymous_20)
FNDA:0,(anonymous_21)
FNDA:0,(anonymous_22)
FNDA:0,(anonymous_23)
FNDA:0,(anonymous_24)
FNDA:0,(anonymous_25)
DA:1,10
DA:2,10
DA:3,10
DA:4,10
DA:5,10
DA:6,10
DA:34,10
DA:37,11
DA:39,11
DA:46,2
DA:51,2
DA:54,2
DA:60,2
DA:62,2
DA:63,2
DA:64,0
DA:66,2
DA:83,5
DA:85,5
DA:88,5
DA:89,0
DA:92,5
DA:93,2
DA:96,5
DA:97,0
DA:102,5
DA:103,0
DA:108,5
DA:109,0
DA:112,5
DA:113,0
DA:119,5
DA:120,0
DA:126,5
DA:127,0
DA:130,0
DA:131,0
DA:133,0
DA:134,0
DA:136,0
DA:143,5
DA:144,1
DA:153,5
DA:154,0
DA:157,0
DA:160,0
DA:176,0
DA:185,0
DA:186,0
DA:189,0
DA:190,0
DA:192,0
DA:196,5
DA:203,5
DA:204,5
DA:207,5
DA:210,5
DA:215,5
DA:218,5
DA:219,0
DA:225,5
DA:230,2
DA:237,0
DA:238,0
DA:239,0
DA:240,0
DA:242,0
DA:246,0
DA:253,0
DA:255,0
DA:269,4
DA:273,4
DA:275,2
DA:276,2
DA:279,2
DA:284,2
DA:289,0
DA:293,0
DA:296,0
DA:300,0
DA:309,0
DA:319,0
DA:326,0
DA:353,0
DA:355,0
DA:364,0
DA:365,0
DA:368,0
DA:369,0
DA:373,0
DA:374,0
DA:377,0
DA:394,0
DA:395,0
DA:396,0
DA:404,0
DA:415,0
DA:416,0
DA:418,0
DA:422,0
DA:432,0
DA:433,0
DA:435,0
DA:441,0
DA:453,0
DA:472,0
LF:106
LH:45
BRDA:63,0,0,0
BRDA:69,1,0,2
BRDA:78,2,0,5
BRDA:79,3,0,5
BRDA:81,4,0,5
BRDA:82,5,0,5
BRDA:88,6,0,0
BRDA:92,7,0,2
BRDA:96,8,0,0
BRDA:102,9,0,0
BRDA:108,10,0,0
BRDA:112,11,0,0
BRDA:112,12,0,5
BRDA:112,12,1,0
BRDA:119,13,0,0
BRDA:119,14,0,5
BRDA:119,14,1,0
BRDA:126,15,0,0
BRDA:130,16,0,0
BRDA:131,17,0,0
BRDA:131,17,1,0
BRDA:133,18,0,0
BRDA:133,18,1,0
BRDA:134,19,0,0
BRDA:134,19,1,0
BRDA:143,20,0,1
BRDA:153,21,0,0
BRDA:153,21,1,5
BRDA:189,22,0,0
BRDA:189,22,1,0
BRDA:197,23,0,0
BRDA:197,23,1,5
BRDA:218,24,0,0
BRDA:239,25,0,0
BRDA:251,26,0,0
BRDA:253,27,0,0
BRDA:253,28,0,0
BRDA:273,29,0,2
BRDA:273,29,1,2
BRDA:307,30,0,0
BRDA:333,31,0,0
BRDA:347,32,0,0
BRDA:348,33,0,0
BRDA:364,34,0,0
BRDA:368,35,0,0
BRDA:373,36,0,0
BRDA:394,37,0,0
BRDA:413,38,0,0
BRDA:415,39,0,0
BRDA:415,40,0,0
BRDA:415,40,1,0
BRDA:432,41,0,0
BRDA:432,42,0,0
BRDA:432,42,1,0
BRF:54
BRH:13
end_of_record
TN:
SF:app/src/microservices/event/services/plan-analytics.service.ts
FN:11,(anonymous_4)
FN:20,(anonymous_5)
FN:34,(anonymous_6)
FN:45,(anonymous_7)
FNF:4
FNH:4
FNDA:6,(anonymous_4)
FNDA:1,(anonymous_5)
FNDA:1,(anonymous_6)
FNDA:6,(anonymous_7)
DA:1,8
DA:2,8
DA:4,8
DA:5,8
DA:8,8
DA:9,6
DA:12,6
DA:13,6
DA:14,6
DA:21,1
DA:28,1
DA:35,1
DA:51,6
DA:54,6
DA:55,6
DA:58,6
LF:16
LH:16
BRF:0
BRH:0
end_of_record
TN:
SF:app/src/microservices/event/services/plan-trending.service.ts
FN:15,(anonymous_4)
FN:26,(anonymous_5)
FN:72,(anonymous_6)
FN:84,(anonymous_7)
FNF:4
FNH:4
FNDA:6,(anonymous_4)
FNDA:3,(anonymous_5)
FNDA:2,(anonymous_6)
FNDA:3,(anonymous_7)
DA:1,7
DA:2,7
DA:4,7
DA:5,7
DA:6,7
DA:7,7
DA:8,7
DA:9,7
DA:12,7
DA:13,6
DA:16,6
DA:17,6
DA:18,6
DA:20,6
DA:28,3
DA:31,3
DA:32,1
DA:36,2
DA:37,2
DA:38,1
DA:42,1
DA:47,1
DA:50,1
DA:53,1
DA:60,1
DA:63,1
DA:65,1
DA:72,7
DA:73,2
DA:75,2
DA:80,1
DA:81,1
DA:82,1
DA:83,1
DA:84,3
DA:88,1
DA:90,1
LF:37
LH:37
BRDA:31,0,0,1
BRDA:31,1,0,3
BRDA:31,1,1,1
BRDA:37,2,0,1
BRF:4
BRH:4
end_of_record
TN:
SF:app/src/microservices/interest/interest.module.ts
FNF:0
FNH:0
DA:1,1
DA:2,1
DA:3,1
DA:4,1
DA:5,1
DA:6,1
DA:7,1
DA:8,1
DA:9,1
DA:10,1
DA:11,1
DA:37,1
LF:12
LH:12
BRF:0
BRH:0
end_of_record
TN:
SF:app/src/microservices/interest/controllers/interest-admin.controller.ts
FN:38,(anonymous_4)
FN:50,(anonymous_5)
FN:70,(anonymous_6)
FN:84,(anonymous_7)
FN:102,(anonymous_8)
FN:117,(anonymous_9)
FN:154,(anonymous_10)
FN:179,(anonymous_11)
FNF:8
FNH:0
FNDA:0,(anonymous_4)
FNDA:0,(anonymous_5)
FNDA:0,(anonymous_6)
FNDA:0,(anonymous_7)
FNDA:0,(anonymous_8)
FNDA:0,(anonymous_9)
FNDA:0,(anonymous_10)
FNDA:0,(anonymous_11)
DA:1,1
DA:15,1
DA:16,1
DA:17,1
DA:18,1
DA:19,1
DA:20,1
DA:26,1
DA:27,1
DA:28,1
DA:29,1
DA:30,1
DA:37,1
DA:39,0
DA:40,0
DA:50,1
DA:56,0
DA:57,0
DA:70,1
DA:73,0
DA:84,1
DA:88,0
DA:92,0
DA:93,0
DA:95,0
DA:102,1
DA:105,0
DA:106,0
DA:107,0
DA:109,0
DA:117,1
DA:129,0
DA:133,0
DA:136,0
DA:137,0
DA:142,0
DA:147,0
DA:154,1
DA:157,0
DA:161,0
DA:164,0
DA:165,0
DA:168,0
DA:170,0
DA:179,1
DA:184,0
LF:46
LH:20
BRDA:51,0,0,0
BRDA:52,1,0,0
BRDA:54,2,0,0
BRDA:92,3,0,0
BRDA:106,4,0,0
BRDA:129,5,0,0
BRDA:130,6,0,0
BRDA:130,6,1,0
BRDA:139,7,0,0
BRDA:139,7,1,0
BRDA:144,8,0,0
BRDA:144,8,1,0
BRDA:157,9,0,0
BRDA:158,10,0,0
BRDA:158,10,1,0
BRF:15
BRH:0
end_of_record
TN:
SF:app/src/microservices/interest/controllers/interest.controller.ts
FN:35,(anonymous_4)
FN:50,(anonymous_5)
FN:73,(anonymous_6)
FN:93,(anonymous_7)
FN:109,(anonymous_8)
FN:124,(anonymous_9)
FN:138,(anonymous_10)
FN:162,(anonymous_11)
FNF:8
FNH:0
FNDA:0,(anonymous_4)
FNDA:0,(anonymous_5)
FNDA:0,(anonymous_6)
FNDA:0,(anonymous_7)
FNDA:0,(anonymous_8)
FNDA:0,(anonymous_9)
FNDA:0,(anonymous_10)
FNDA:0,(anonymous_11)
DA:1,1
DA:16,1
DA:17,1
DA:18,1
DA:19,1
DA:20,1
DA:27,1
DA:28,1
DA:29,1
DA:34,1
DA:35,0
DA:50,1
DA:57,0
DA:73,1
DA:76,0
DA:77,0
DA:78,0
DA:80,0
DA:93,1
DA:96,0
DA:109,1
DA:112,0
DA:124,1
DA:127,0
DA:138,1
DA:142,0
DA:146,0
DA:162,1
DA:166,0
LF:29
LH:17
BRDA:77,0,0,0
BRF:1
BRH:0
end_of_record
TN:
SF:app/src/microservices/interest/dto/create-interest.dto.ts
FN:54,(anonymous_2)
FNF:1
FNH:0
FNDA:0,(anonymous_2)
DA:1,6
DA:2,6
DA:12,6
DA:20,6
DA:29,6
DA:37,6
DA:46,6
DA:54,0
DA:55,6
DA:63,6
DA:71,6
LF:11
LH:10
BRF:0
BRH:0
end_of_record
TN:
SF:app/src/microservices/interest/dto/event-interests.dto.ts
FNF:0
FNH:0
DA:1,6
DA:2,6
DA:4,6
DA:17,6
LF:4
LH:4
BRF:0
BRH:0
end_of_record
TN:
SF:app/src/microservices/interest/dto/index.ts
FNF:0
FNH:0
DA:1,6
DA:2,6
DA:3,6
DA:4,6
DA:5,6
DA:6,6
LF:6
LH:6
BRF:0
BRH:0
end_of_record
TN:
SF:app/src/microservices/interest/dto/interest-response.dto.ts
FN:75,(anonymous_2)
FNF:1
FNH:0
FNDA:0,(anonymous_2)
DA:1,6
DA:4,6
DA:9,6
DA:15,6
DA:21,6
DA:27,6
DA:33,6
DA:39,6
DA:45,6
DA:52,6
DA:58,6
DA:64,6
DA:70,6
DA:76,0
DA:77,0
DA:78,0
DA:79,0
DA:80,0
DA:81,0
DA:82,0
DA:83,0
DA:84,0
DA:85,0
DA:86,0
DA:87,0
DA:88,0
LF:26
LH:13
BRF:0
BRH:0
end_of_record
TN:
SF:app/src/microservices/interest/dto/paginated-interest-response.dto.ts
FNF:0
FNH:0
DA:1,6
DA:2,6
DA:4,6
DA:6,6
DA:9,6
DA:12,6
DA:15,6
DA:18,6
DA:21,6
DA:24,6
LF:10
LH:10
BRF:0
BRH:0
end_of_record
TN:
SF:app/src/microservices/interest/dto/update-interest.dto.ts
FNF:0
FNH:0
DA:1,6
DA:2,6
DA:3,6
DA:4,6
DA:6,6
DA:14,6
LF:6
LH:6
BRF:0
BRH:0
end_of_record
TN:
SF:app/src/microservices/interest/dto/user-interests.dto.ts
FNF:0
FNH:0
DA:1,6
DA:2,6
DA:4,6
DA:17,6
LF:4
LH:4
BRF:0
BRH:0
end_of_record
TN:
SF:app/src/microservices/interest/entities/event-interest.entity.ts
FN:28,(anonymous_2)
FN:32,(anonymous_3)
FNF:2
FNH:2
FNDA:1,(anonymous_2)
FNDA:1,(anonymous_3)
DA:1,7
DA:11,7
DA:12,7
DA:16,7
DA:18,7
DA:22,7
DA:26,7
DA:28,1
DA:30,7
DA:32,1
DA:34,7
DA:37,7
LF:12
LH:12
BRF:0
BRH:0
end_of_record
TN:
SF:app/src/microservices/interest/entities/interest.entity.ts
FN:50,(anonymous_2)
FN:51,(anonymous_3)
FN:55,(anonymous_4)
FN:55,(anonymous_5)
FN:58,(anonymous_6)
FN:58,(anonymous_7)
FNF:6
FNH:6
FNDA:1,(anonymous_2)
FNDA:1,(anonymous_3)
FNDA:1,(anonymous_4)
FNDA:1,(anonymous_5)
FNDA:1,(anonymous_6)
FNDA:1,(anonymous_7)
DA:1,7
DA:11,7
DA:12,7
DA:13,7
DA:16,7
DA:18,7
DA:22,7
DA:25,7
DA:28,7
DA:31,7
DA:34,7
DA:37,7
DA:40,7
DA:44,7
DA:47,7
DA:50,1
DA:51,1
DA:53,7
DA:55,1
DA:56,7
DA:58,1
DA:59,7
DA:62,7
DA:65,7
LF:24
LH:24
BRF:0
BRH:0
end_of_record
TN:
SF:app/src/microservices/interest/entities/user-interest.entity.ts
FN:28,(anonymous_2)
FN:32,(anonymous_3)
FNF:2
FNH:2
FNDA:1,(anonymous_2)
FNDA:1,(anonymous_3)
DA:1,7
DA:11,7
DA:12,7
DA:16,7
DA:18,7
DA:22,7
DA:26,7
DA:28,1
DA:30,7
DA:32,1
DA:34,7
DA:37,7
LF:12
LH:12
BRF:0
BRH:0
end_of_record
TN:
SF:app/src/microservices/interest/interfaces/interest.interface.ts
FN:19,(anonymous_0)
FNF:1
FNH:1
FNDA:1,(anonymous_0)
DA:19,1
DA:20,1
DA:21,1
DA:22,1
DA:23,1
DA:24,1
LF:6
LH:6
BRDA:19,0,0,1
BRDA:19,0,1,1
BRF:2
BRH:2
end_of_record
TN:
SF:app/src/microservices/interest/repositories/interest.repository.ts
FN:40,(anonymous_4)
FN:53,(anonymous_5)
FN:109,(anonymous_6)
FN:135,(anonymous_7)
FN:159,(anonymous_8)
FN:185,(anonymous_9)
FN:211,(anonymous_10)
FN:221,(anonymous_11)
FN:227,(anonymous_12)
FN:259,(anonymous_13)
FN:290,(anonymous_14)
FN:309,(anonymous_15)
FN:330,(anonymous_16)
FN:343,(anonymous_17)
FN:345,(anonymous_18)
FN:359,(anonymous_19)
FN:372,(anonymous_20)
FN:386,(anonymous_21)
FN:399,(anonymous_22)
FN:413,(anonymous_23)
FN:425,(anonymous_24)
FN:448,(anonymous_25)
FN:462,(anonymous_26)
FN:479,(anonymous_27)
FN:491,(anonymous_28)
FN:509,(anonymous_29)
FN:515,(anonymous_30)
FN:516,(anonymous_31)
FN:540,(anonymous_32)
FN:563,(anonymous_33)
FN:570,(anonymous_34)
FN:577,(anonymous_35)
FNF:32
FNH:0
FNDA:0,(anonymous_4)
FNDA:0,(anonymous_5)
FNDA:0,(anonymous_6)
FNDA:0,(anonymous_7)
FNDA:0,(anonymous_8)
FNDA:0,(anonymous_9)
FNDA:0,(anonymous_10)
FNDA:0,(anonymous_11)
FNDA:0,(anonymous_12)
FNDA:0,(anonymous_13)
FNDA:0,(anonymous_14)
FNDA:0,(anonymous_15)
FNDA:0,(anonymous_16)
FNDA:0,(anonymous_17)
FNDA:0,(anonymous_18)
FNDA:0,(anonymous_19)
FNDA:0,(anonymous_20)
FNDA:0,(anonymous_21)
FNDA:0,(anonymous_22)
FNDA:0,(anonymous_23)
FNDA:0,(anonymous_24)
FNDA:0,(anonymous_25)
FNDA:0,(anonymous_26)
FNDA:0,(anonymous_27)
FNDA:0,(anonymous_28)
FNDA:0,(anonymous_29)
FNDA:0,(anonymous_30)
FNDA:0,(anonymous_31)
FNDA:0,(anonymous_32)
FNDA:0,(anonymous_33)
FNDA:0,(anonymous_34)
FNDA:0,(anonymous_35)
DA:1,6
DA:2,6
DA:3,6
DA:11,6
DA:12,6
DA:14,6
DA:20,6
DA:21,6
DA:22,6
DA:36,6
DA:37,0
DA:38,0
DA:42,0
DA:44,0
DA:46,0
DA:47,0
DA:63,0
DA:66,0
DA:68,0
DA:70,0
DA:71,0
DA:75,0
DA:77,0
DA:78,0
DA:81,0
DA:82,0
DA:85,0
DA:86,0
DA:89,0
DA:97,0
DA:103,0
DA:110,0
DA:111,0
DA:113,0
DA:114,0
DA:117,0
DA:119,0
DA:120,0
DA:123,0
DA:129,0
DA:136,0
DA:137,0
DA:139,0
DA:140,0
DA:143,0
DA:147,0
DA:153,0
DA:160,0
DA:162,0
DA:164,0
DA:165,0
DA:168,0
DA:173,0
DA:179,0
DA:186,0
DA:188,0
DA:190,0
DA:191,0
DA:194,0
DA:199,0
DA:205,0
DA:212,0
DA:213,0
DA:215,0
DA:221,0
DA:228,0
DA:229,0
DA:231,0
DA:232,0
DA:236,0
DA:247,0
DA:253,0
DA:260,0
DA:261,0
DA:263,0
DA:264,0
DA:268,0
DA:278,0
DA:284,0
DA:294,0
DA:295,0
DA:297,0
DA:298,0
DA:302,0
DA:309,0
DA:311,0
DA:312,0
DA:316,0
DA:325,0
DA:330,0
DA:331,0
DA:333,0
DA:337,0
DA:338,0
DA:342,0
DA:343,0
DA:345,0
DA:347,0
DA:353,0
DA:364,0
DA:366,0
DA:367,0
DA:368,0
DA:372,0
DA:377,0
DA:380,0
DA:391,0
DA:393,0
DA:394,0
DA:395,0
DA:399,0
DA:404,0
DA:407,0
DA:414,0
DA:415,0
DA:417,0
DA:419,0
DA:429,0
DA:431,0
DA:435,0
DA:436,0
DA:439,0
DA:440,0
DA:442,0
DA:449,0
DA:451,0
DA:452,0
DA:455,0
DA:456,0
DA:463,0
DA:464,0
DA:465,0
DA:473,0
DA:481,0
DA:482,0
DA:485,0
DA:492,0
DA:494,0
DA:496,0
DA:497,0
DA:501,0
DA:508,0
DA:509,0
DA:514,0
DA:515,0
DA:516,0
DA:522,0
DA:528,0
DA:534,0
DA:541,0
DA:549,0
DA:550,0
DA:551,0
DA:553,0
DA:564,0
DA:571,0
DA:578,0
LF:157
LH:10
BRDA:54,0,0,0
BRDA:57,1,0,0
BRDA:58,2,0,0
BRDA:59,3,0,0
BRDA:60,4,0,0
BRDA:61,5,0,0
BRDA:70,6,0,0
BRDA:77,7,0,0
BRDA:81,8,0,0
BRDA:113,9,0,0
BRDA:119,10,0,0
BRDA:139,11,0,0
BRDA:164,12,0,0
BRDA:190,13,0,0
BRDA:212,14,0,0
BRDA:227,15,0,0
BRDA:231,16,0,0
BRDA:259,17,0,0
BRDA:263,18,0,0
BRDA:292,19,0,0
BRDA:297,20,0,0
BRDA:311,21,0,0
BRDA:331,22,0,0
BRDA:331,23,0,0
BRDA:331,23,1,0
BRDA:333,24,0,0
BRDA:333,24,1,0
BRDA:366,25,0,0
BRDA:393,26,0,0
BRDA:435,27,0,0
BRDA:451,28,0,0
BRDA:464,29,0,0
BRDA:496,30,0,0
BRF:33
BRH:0
end_of_record
TN:
SF:app/src/microservices/interest/services/interest-analytics.service.ts
FN:16,(anonymous_4)
FN:27,(anonymous_5)
FN:51,(anonymous_6)
FN:83,(anonymous_7)
FN:114,(anonymous_8)
FN:121,(anonymous_9)
FN:137,(anonymous_10)
FN:168,(anonymous_11)
FN:171,(anonymous_12)
FN:173,(anonymous_13)
FNF:10
FNH:0
FNDA:0,(anonymous_4)
FNDA:0,(anonymous_5)
FNDA:0,(anonymous_6)
FNDA:0,(anonymous_7)
FNDA:0,(anonymous_8)
FNDA:0,(anonymous_9)
FNDA:0,(anonymous_10)
FNDA:0,(anonymous_11)
FNDA:0,(anonymous_12)
FNDA:0,(anonymous_13)
DA:1,1
DA:2,1
DA:3,1
DA:5,1
DA:6,1
DA:8,1
DA:11,1
DA:12,0
DA:13,0
DA:14,0
DA:17,0
DA:18,0
DA:21,0
DA:28,0
DA:29,0
DA:33,0
DA:34,0
DA:35,0
DA:37,0
DA:40,0
DA:51,1
DA:55,0
DA:56,0
DA:57,0
DA:61,0
DA:62,0
DA:66,0
DA:68,0
DA:72,0
DA:83,1
DA:87,0
DA:88,0
DA:89,0
DA:93,0
DA:94,0
DA:98,0
DA:100,0
DA:104,0
DA:115,0
DA:122,0
DA:123,0
DA:129,0
DA:137,1
DA:138,0
DA:140,0
DA:141,0
DA:142,0
DA:146,0
DA:149,0
DA:150,0
DA:154,0
DA:156,0
DA:158,0
DA:170,0
DA:171,0
DA:173,0
LF:56
LH:10
BRDA:33,0,0,0
BRDA:33,0,1,0
BRDA:56,1,0,0
BRDA:88,2,0,0
BRDA:115,3,0,0
BRDA:115,3,1,0
BRDA:140,4,0,0
BRDA:168,5,0,0
BRF:8
BRH:0
end_of_record
TN:
SF:app/src/microservices/interest/services/interest-display.service.ts
FN:13,(anonymous_1)
FN:58,(anonymous_2)
FN:76,(anonymous_3)
FNF:3
FNH:0
FNDA:0,(anonymous_1)
FNDA:0,(anonymous_2)
FNDA:0,(anonymous_3)
DA:1,1
DA:3,1
DA:9,1
DA:18,0
DA:26,0
DA:29,0
DA:30,0
DA:31,0
DA:34,0
DA:35,0
DA:36,0
DA:39,0
DA:40,0
DA:41,0
DA:43,0
DA:44,0
DA:47,0
DA:48,0
DA:49,0
DA:52,0
DA:62,0
DA:63,0
DA:64,0
DA:65,0
DA:69,0
DA:77,0
DA:78,0
DA:82,0
DA:83,0
LF:29
LH:3
BRDA:26,0,0,0
BRDA:26,0,1,0
BRDA:26,0,2,0
BRDA:26,0,3,0
BRDA:26,0,4,0
BRDA:39,1,0,0
BRDA:39,2,0,0
BRDA:39,2,1,0
BRDA:65,3,0,0
BRDA:65,3,1,0
BRDA:77,4,0,0
BRF:11
BRH:0
end_of_record
TN:
SF:app/src/microservices/interest/services/interest.service.ts
FN:17,(anonymous_2)
FN:25,(anonymous_3)
FN:41,(anonymous_4)
FN:60,(anonymous_5)
FN:68,(anonymous_6)
FN:73,(anonymous_7)
FN:74,(anonymous_8)
FN:80,(anonymous_9)
FN:85,(anonymous_10)
FN:86,(anonymous_11)
FN:92,(anonymous_12)
FN:104,(anonymous_13)
FN:129,(anonymous_14)
FN:154,(anonymous_15)
FN:158,(anonymous_16)
FN:166,(anonymous_17)
FN:170,(anonymous_18)
FN:178,(anonymous_19)
FN:185,(anonymous_20)
FN:200,(anonymous_21)
FN:212,(anonymous_22)
FN:214,(anonymous_23)
FN:221,(anonymous_24)
FN:229,(anonymous_25)
FN:237,(anonymous_26)
FN:244,(anonymous_27)
FN:250,(anonymous_28)
FN:264,(anonymous_29)
FN:283,(anonymous_30)
FN:301,(anonymous_31)
FN:323,(anonymous_32)
FN:346,(anonymous_33)
FN:354,(anonymous_34)
FN:355,(anonymous_35)
FN:365,(anonymous_36)
FN:369,(anonymous_37)
FNF:36
FNH:0
FNDA:0,(anonymous_2)
FNDA:0,(anonymous_3)
FNDA:0,(anonymous_4)
FNDA:0,(anonymous_5)
FNDA:0,(anonymous_6)
FNDA:0,(anonymous_7)
FNDA:0,(anonymous_8)
FNDA:0,(anonymous_9)
FNDA:0,(anonymous_10)
FNDA:0,(anonymous_11)
FNDA:0,(anonymous_12)
FNDA:0,(anonymous_13)
FNDA:0,(anonymous_14)
FNDA:0,(anonymous_15)
FNDA:0,(anonymous_16)
FNDA:0,(anonymous_17)
FNDA:0,(anonymous_18)
FNDA:0,(anonymous_19)
FNDA:0,(anonymous_20)
FNDA:0,(anonymous_21)
FNDA:0,(anonymous_22)
FNDA:0,(anonymous_23)
FNDA:0,(anonymous_24)
FNDA:0,(anonymous_25)
FNDA:0,(anonymous_26)
FNDA:0,(anonymous_27)
FNDA:0,(anonymous_28)
FNDA:0,(anonymous_29)
FNDA:0,(anonymous_30)
FNDA:0,(anonymous_31)
FNDA:0,(anonymous_32)
FNDA:0,(anonymous_33)
FNDA:0,(anonymous_34)
FNDA:0,(anonymous_35)
FNDA:0,(anonymous_36)
FNDA:0,(anonymous_37)
DA:1,6
DA:2,6
DA:3,6
DA:5,6
DA:6,6
DA:14,6
DA:15,0
DA:18,0
DA:19,0
DA:29,0
DA:30,0
DA:32,0
DA:34,0
DA:41,0
DA:42,0
DA:44,0
DA:46,0
DA:61,0
DA:62,0
DA:70,0
DA:72,0
DA:73,0
DA:74,0
DA:82,0
DA:84,0
DA:85,0
DA:86,0
DA:94,0
DA:95,0
DA:98,0
DA:109,0
DA:110,0
DA:114,0
DA:117,0
DA:123,0
DA:134,0
DA:135,0
DA:139,0
DA:142,0
DA:148,0
DA:157,0
DA:158,0
DA:159,0
DA:169,0
DA:170,0
DA:171,0
DA:184,0
DA:185,0
DA:188,0
DA:189,0
DA:193,0
DA:199,0
DA:200,0
DA:204,0
DA:206,0
DA:207,0
DA:210,0
DA:213,0
DA:214,0
DA:218,0
DA:221,0
DA:222,0
DA:234,0
DA:237,0
DA:238,0
DA:240,0
DA:242,0
DA:243,0
DA:244,0
DA:249,0
DA:250,0
DA:266,0
DA:269,0
DA:272,0
DA:277,0
DA:286,0
DA:289,0
DA:295,0
DA:305,0
DA:311,0
DA:317,0
DA:324,0
DA:325,0
DA:328,0
DA:333,0
DA:335,0
DA:339,0
DA:347,0
DA:348,0
DA:351,0
DA:354,0
DA:355,0
DA:357,0
DA:358,0
DA:364,0
DA:365,0
DA:367,0
DA:368,0
DA:369,0
LF:99
LH:6
BRDA:30,0,0,0
BRDA:73,1,0,0
BRDA:73,1,1,0
BRDA:85,2,0,0
BRDA:85,2,1,0
BRDA:94,3,0,0
BRDA:109,4,0,0
BRDA:134,5,0,0
BRDA:155,6,0,0
BRDA:167,7,0,0
BRDA:180,8,0,0
BRDA:188,9,0,0
BRDA:204,10,0,0
BRDA:213,11,0,0
BRDA:213,11,1,0
BRDA:240,12,0,0
BRDA:252,13,0,0
BRDA:252,13,1,0
BRDA:347,14,0,0
BRDA:357,15,0,0
BRDA:367,16,0,0
BRF:21
BRH:0
end_of_record
TN:
SF:app/src/microservices/interest/services/migration.service.ts
FN:29,(anonymous_4)
FN:47,(anonymous_5)
FN:61,(anonymous_6)
FN:68,(anonymous_7)
FN:81,(anonymous_8)
FN:117,(anonymous_9)
FN:121,(anonymous_10)
FN:139,(anonymous_11)
FN:205,(anonymous_12)
FN:287,(anonymous_13)
FNF:10
FNH:0
FNDA:0,(anonymous_4)
FNDA:0,(anonymous_5)
FNDA:0,(anonymous_6)
FNDA:0,(anonymous_7)
FNDA:0,(anonymous_8)
FNDA:0,(anonymous_9)
FNDA:0,(anonymous_10)
FNDA:0,(anonymous_11)
FNDA:0,(anonymous_12)
FNDA:0,(anonymous_13)
DA:1,1
DA:2,1
DA:3,1
DA:4,1
DA:6,1
DA:7,1
DA:8,1
DA:9,1
DA:12,1
DA:13,0
DA:16,0
DA:31,0
DA:34,0
DA:36,0
DA:38,0
DA:40,0
DA:41,0
DA:48,0
DA:50,0
DA:52,0
DA:56,0
DA:61,0
DA:76,0
DA:81,0
DA:82,0
DA:84,0
DA:85,0
DA:86,0
DA:90,0
DA:91,0
DA:103,0
DA:104,0
DA:106,0
DA:111,0
DA:118,0
DA:121,0
DA:122,0
DA:123,0
DA:124,0
DA:127,0
DA:132,0
DA:135,0
DA:138,0
DA:139,0
DA:140,0
DA:143,0
DA:144,0
DA:146,0
DA:147,0
DA:148,0
DA:151,0
DA:152,0
DA:153,0
DA:155,0
DA:156,0
DA:158,0
DA:167,0
DA:168,0
DA:173,0
DA:174,0
DA:178,0
DA:183,0
DA:185,0
DA:186,0
DA:191,0
DA:194,0
DA:195,0
DA:199,0
DA:206,0
DA:279,0
DA:296,0
DA:299,0
DA:300,0
DA:302,0
DA:303,0
LF:75
LH:9
BRDA:50,0,0,0
BRDA:90,1,0,0
BRDA:90,1,1,0
BRDA:95,2,0,0
BRDA:95,2,1,0
BRDA:98,3,0,0
BRDA:98,3,1,0
BRDA:117,4,0,0
BRDA:147,5,0,0
BRDA:147,6,0,0
BRDA:147,6,1,0
BRDA:155,7,0,0
BRDA:155,7,1,0
BRDA:156,8,0,0
BRDA:167,9,0,0
BRDA:185,10,0,0
BRDA:191,11,0,0
BRDA:294,12,0,0
BRDA:297,13,0,0
BRDA:297,13,1,0
BRF:20
BRH:0
end_of_record
TN:
SF:app/src/microservices/interest/test/utils/mock-interest.service.ts
FN:7,(anonymous_0)
FNF:1
FNH:1
FNDA:6,(anonymous_0)
DA:7,6
LF:1
LH:1
BRF:0
BRH:0
end_of_record
TN:
SF:app/src/microservices/plan/plan.service.ts
FN:39,(anonymous_4)
FN:51,(anonymous_5)
FN:129,(anonymous_6)
FN:141,(anonymous_7)
FN:172,(anonymous_8)
FN:203,(anonymous_9)
FN:227,(anonymous_10)
FN:260,(anonymous_11)
FN:343,(anonymous_12)
FNF:9
FNH:9
FNDA:31,(anonymous_4)
FNDA:8,(anonymous_5)
FNDA:5,(anonymous_6)
FNDA:5,(anonymous_7)
FNDA:6,(anonymous_8)
FNDA:5,(anonymous_9)
FNDA:5,(anonymous_10)
FNDA:8,(anonymous_11)
FNDA:5,(anonymous_12)
DA:1,1
DA:9,1
DA:10,1
DA:11,1
DA:12,1
DA:13,1
DA:16,1
DA:17,1
DA:36,1
DA:37,31
DA:40,31
DA:41,31
DA:42,31
DA:44,31
DA:45,31
DA:46,31
DA:52,8
DA:57,8
DA:58,4
DA:60,0
DA:62,4
DA:67,4
DA:80,4
DA:81,4
DA:82,3
DA:84,1
DA:88,1
DA:92,3
DA:93,3
DA:94,3
DA:103,2
DA:107,1
DA:115,3
DA:119,3
DA:120,0
DA:124,0
DA:126,3
DA:130,5
DA:133,4
DA:134,1
DA:137,3
DA:138,3
DA:146,5
DA:147,5
DA:148,1
DA:151,4
DA:152,1
DA:157,3
DA:158,3
DA:159,2
DA:162,2
DA:164,2
DA:168,2
DA:173,6
DA:174,6
DA:175,1
DA:178,5
DA:179,1
DA:184,4
DA:186,4
DA:187,2
DA:190,2
DA:195,2
DA:198,2
DA:204,5
DA:205,5
DA:206,1
DA:209,4
DA:219,3
DA:221,2
DA:228,5
DA:230,5
DA:231,5
DA:232,1
DA:233,1
DA:237,4
DA:238,4
DA:244,3
DA:245,2
DA:250,2
DA:254,2
DA:261,8
DA:271,8
DA:275,8
DA:277,8
DA:278,0
DA:281,0
DA:287,8
DA:288,8
DA:290,8
DA:291,26
DA:292,7
DA:294,26
DA:295,6
DA:298,26
DA:302,0
DA:305,26
DA:308,8
DA:309,3
DA:312,3
DA:317,5
DA:322,5
DA:323,5
DA:327,5
DA:332,4
DA:334,1
DA:339,1
DA:349,5
DA:350,5
DA:351,5
DA:352,5
DA:354,5
DA:355,0
DA:359,5
LF:114
LH:107
BRDA:58,0,0,0
BRDA:119,1,0,0
BRDA:133,2,0,1
BRDA:147,3,0,1
BRDA:151,4,0,1
BRDA:174,5,0,1
BRDA:178,6,0,1
BRDA:186,7,0,2
BRDA:205,8,0,1
BRDA:219,9,0,2
BRDA:231,10,0,1
BRDA:244,11,0,2
BRDA:244,12,0,3
BRDA:244,12,1,2
BRDA:277,13,0,0
BRDA:277,14,0,8
BRDA:277,14,1,8
BRDA:291,15,0,7
BRDA:294,16,0,6
BRDA:298,17,0,0
BRDA:299,18,0,26
BRDA:299,18,1,2
BRDA:305,19,0,5
BRDA:305,20,0,26
BRDA:305,20,1,24
BRDA:308,21,0,3
BRDA:308,22,0,8
BRDA:308,22,1,7
BRDA:352,23,0,2
BRF:29
BRH:25
end_of_record
TN:
SF:app/src/microservices/plan/controllers/admin-backfill.controller.ts
FN:18,(anonymous_2)
FN:30,(anonymous_3)
FN:51,(anonymous_4)
FNF:3
FNH:3
FNDA:7,(anonymous_2)
FNDA:3,(anonymous_3)
FNDA:3,(anonymous_4)
DA:1,1
DA:2,1
DA:3,1
DA:4,1
DA:5,1
DA:6,1
DA:7,1
DA:8,1
DA:15,1
DA:16,7
DA:19,7
DA:20,7
DA:30,1
DA:31,3
DA:32,3
DA:33,3
DA:34,1
DA:36,2
DA:37,2
DA:38,1
DA:40,1
DA:51,1
DA:52,3
DA:53,3
DA:54,3
DA:55,1
DA:57,2
DA:58,2
DA:59,1
DA:61,1
LF:30
LH:30
BRDA:37,0,0,1
BRDA:58,1,0,1
BRF:2
BRH:2
end_of_record
TN:
SF:app/src/microservices/plan/controllers/city.controller.ts
FN:39,(anonymous_4)
FN:64,(anonymous_5)
FN:68,(anonymous_6)
FN:83,(anonymous_7)
FNF:4
FNH:4
FNDA:6,(anonymous_4)
FNDA:1,(anonymous_5)
FNDA:2,(anonymous_6)
FNDA:2,(anonymous_7)
DA:1,1
DA:13,1
DA:20,1
DA:21,1
DA:25,1
DA:26,1
DA:38,1
DA:41,6
DA:43,6
DA:45,6
DA:64,1
DA:67,1
DA:68,2
DA:83,1
DA:87,2
DA:88,2
DA:89,1
DA:98,1
LF:18
LH:18
BRDA:88,0,0,1
BRF:1
BRH:1
end_of_record
TN:
SF:app/src/microservices/plan/dto/city-communication.dto.ts
FNF:0
FNH:0
DA:42,3
LF:1
LH:1
BRF:0
BRH:0
end_of_record
TN:
SF:app/src/microservices/plan/dto/city-response.dto.ts
FN:22,(anonymous_2)
FN:39,(anonymous_3)
FNF:2
FNH:2
FNDA:4,(anonymous_2)
FNDA:2,(anonymous_3)
DA:1,1
DA:2,1
DA:5,1
DA:7,1
DA:10,1
DA:13,1
DA:16,1
DA:19,1
DA:23,4
DA:24,4
DA:25,4
DA:26,4
DA:27,4
DA:32,1
DA:40,2
DA:41,2
LF:16
LH:16
BRF:0
BRH:0
end_of_record
TN:
SF:app/src/microservices/plan/entities/city.entity.ts
FNF:0
FNH:0
DA:1,8
DA:14,8
DA:16,8
DA:20,8
DA:24,8
DA:33,8
DA:37,8
DA:41,8
DA:44,8
DA:47,8
DA:50,8
DA:53,8
LF:12
LH:12
BRF:0
BRH:0
end_of_record
TN:
SF:app/src/microservices/plan/entities/plan-user.entity.ts
FN:29,(anonymous_2)
FNF:1
FNH:0
FNDA:0,(anonymous_2)
DA:1,2
DA:10,2
DA:14,2
DA:16,2
DA:19,2
DA:23,2
DA:26,2
DA:29,0
DA:31,2
LF:9
LH:8
BRF:0
BRH:0
end_of_record
TN:
SF:app/src/microservices/plan/entities/plan.entity.ts
FN:53,(anonymous_2)
FNF:1
FNH:0
FNDA:0,(anonymous_2)
DA:1,3
DA:11,3
DA:14,3
DA:16,3
DA:20,3
DA:24,3
DA:28,3
DA:31,3
DA:34,3
DA:37,3
DA:40,3
DA:43,3
DA:47,3
DA:50,3
DA:53,0
DA:55,3
LF:16
LH:15
BRF:0
BRH:0
end_of_record
TN:
SF:app/src/microservices/plan/jobs/city-trending.job.ts
FN:10,(anonymous_2)
FN:15,(anonymous_3)
FNF:2
FNH:1
FNDA:10,(anonymous_2)
FNDA:0,(anonymous_3)
DA:1,1
DA:2,1
DA:3,1
DA:6,1
DA:7,10
DA:8,10
DA:10,10
DA:15,1
DA:16,0
DA:17,0
DA:20,0
DA:23,0
DA:24,0
DA:25,0
DA:26,0
DA:28,0
DA:30,0
DA:31,0
DA:33,0
DA:34,0
DA:36,0
DA:39,0
DA:40,0
DA:42,0
DA:46,0
DA:49,0
DA:53,0
DA:58,0
LF:28
LH:8
BRDA:16,0,0,0
BRF:1
BRH:0
end_of_record
TN:
SF:app/src/microservices/plan/jobs/event-city-backfill.job.ts
FN:17,(anonymous_4)
FN:23,(anonymous_5)
FN:161,(anonymous_6)
FNF:3
FNH:3
FNDA:7,(anonymous_4)
FNDA:6,(anonymous_5)
FNDA:3,(anonymous_6)
DA:1,2
DA:2,2
DA:3,2
DA:4,2
DA:5,2
DA:6,2
DA:7,2
DA:13,2
DA:14,7
DA:15,7
DA:18,7
DA:19,7
DA:20,7
DA:24,6
DA:25,0
DA:26,0
DA:28,6
DA:29,6
DA:31,6
DA:32,6
DA:33,6
DA:34,6
DA:35,6
DA:36,6
DA:37,6
DA:39,6
DA:40,6
DA:41,11
DA:43,11
DA:44,11
DA:51,1
DA:52,1
DA:55,10
DA:56,10
DA:57,10
DA:59,10
DA:61,10
DA:62,5
DA:63,5
DA:64,5
DA:67,5
DA:68,6
DA:70,6
DA:71,6
DA:72,0
DA:73,0
DA:74,0
DA:78,6
DA:79,6
DA:85,1
DA:86,1
DA:87,1
DA:89,5
DA:90,5
DA:93,5
DA:94,5
DA:95,1
DA:96,1
DA:97,1
DA:101,4
DA:102,4
DA:103,4
DA:104,8
DA:105,8
DA:106,8
DA:107,8
DA:110,4
DA:111,0
DA:112,0
DA:113,0
DA:117,4
DA:118,4
DA:119,4
DA:127,1
DA:128,1
DA:129,1
DA:132,3
DA:133,0
DA:134,0
DA:135,0
DA:139,3
DA:140,3
DA:147,3
DA:148,2
DA:149,2
DA:151,1
DA:152,1
DA:155,0
DA:156,0
DA:157,0
DA:161,3
DA:164,0
DA:165,0
DA:169,5
DA:172,1
DA:174,6
DA:175,6
DA:180,6
LF:98
LH:82
BRDA:24,0,0,0
BRDA:55,1,0,10
BRDA:55,1,1,0
BRDA:61,2,0,5
BRDA:71,3,0,0
BRDA:79,4,0,1
BRDA:80,5,0,6
BRDA:80,5,1,5
BRDA:80,5,2,5
BRDA:80,5,3,5
BRDA:94,6,0,1
BRDA:103,7,0,4
BRDA:103,7,1,0
BRDA:104,8,0,4
BRDA:105,9,0,4
BRDA:106,10,0,0
BRDA:106,11,0,8
BRDA:106,11,1,0
BRDA:107,12,0,4
BRDA:107,13,0,8
BRDA:107,13,1,8
BRDA:110,14,0,0
BRDA:110,15,0,4
BRDA:110,15,1,4
BRDA:132,16,0,0
BRDA:147,17,0,2
BRDA:147,17,1,1
BRF:27
BRH:19
end_of_record
TN:
SF:app/src/microservices/plan/jobs/venue-city-backfill.job.ts
FN:15,(anonymous_4)
FN:21,(anonymous_5)
FN:151,(anonymous_6)
FNF:3
FNH:3
FNDA:14,(anonymous_4)
FNDA:13,(anonymous_5)
FNDA:5,(anonymous_6)
DA:1,2
DA:2,2
DA:3,2
DA:4,2
DA:5,2
DA:6,2
DA:7,2
DA:11,2
DA:12,14
DA:13,14
DA:16,14
DA:17,14
DA:18,14
DA:22,13
DA:23,1
DA:24,1
DA:26,12
DA:27,12
DA:29,12
DA:30,12
DA:31,12
DA:32,12
DA:33,12
DA:34,12
DA:35,12
DA:37,12
DA:38,12
DA:39,23
DA:41,23
DA:42,23
DA:49,1
DA:50,1
DA:53,22
DA:54,22
DA:55,22
DA:57,22
DA:59,22
DA:60,11
DA:61,11
DA:62,11
DA:65,11
DA:66,12
DA:68,12
DA:69,12
DA:75,2
DA:76,2
DA:77,2
DA:79,10
DA:80,10
DA:83,10
DA:84,10
DA:85,1
DA:86,1
DA:87,1
DA:91,9
DA:92,9
DA:93,9
DA:94,16
DA:95,16
DA:96,16
DA:97,16
DA:100,9
DA:101,1
DA:102,1
DA:103,1
DA:107,8
DA:108,8
DA:109,8
DA:117,1
DA:118,1
DA:119,1
DA:122,7
DA:123,1
DA:124,1
DA:125,1
DA:129,6
DA:130,6
DA:137,5
DA:138,4
DA:139,4
DA:141,1
DA:142,1
DA:145,1
DA:146,1
DA:147,1
DA:151,5
DA:154,0
DA:155,0
DA:159,11
DA:162,1
DA:164,12
DA:165,12
DA:170,12
LF:93
LH:91
BRDA:22,0,0,1
BRDA:53,1,0,22
BRDA:53,1,1,0
BRDA:59,2,0,11
BRDA:69,3,0,2
BRDA:70,4,0,12
BRDA:70,4,1,12
BRDA:70,4,2,10
BRDA:70,4,3,10
BRDA:84,5,0,1
BRDA:93,6,0,9
BRDA:93,6,1,0
BRDA:94,7,0,8
BRDA:95,8,0,8
BRDA:96,9,0,0
BRDA:96,10,0,16
BRDA:96,10,1,0
BRDA:97,11,0,8
BRDA:97,12,0,16
BRDA:97,12,1,16
BRDA:100,13,0,1
BRDA:100,14,0,9
BRDA:100,14,1,8
BRDA:122,15,0,1
BRDA:137,16,0,4
BRDA:137,16,1,1
BRF:26
BRH:22
end_of_record
TN:
SF:app/src/microservices/plan/repositories/city.repository.ts
FN:18,(anonymous_4)
FN:25,(anonymous_5)
FN:29,(anonymous_6)
FN:43,(anonymous_7)
FN:128,(anonymous_8)
FN:158,(anonymous_9)
FN:165,(anonymous_10)
FN:172,(anonymous_11)
FN:179,(anonymous_12)
FN:187,(anonymous_13)
FN:192,(anonymous_14)
FNF:11
FNH:11
FNDA:21,(anonymous_4)
FNDA:16,(anonymous_5)
FNDA:2,(anonymous_6)
FNDA:6,(anonymous_7)
FNDA:2,(anonymous_8)
FNDA:2,(anonymous_9)
FNDA:1,(anonymous_10)
FNDA:2,(anonymous_11)
FNDA:1,(anonymous_12)
FNDA:2,(anonymous_13)
FNDA:2,(anonymous_14)
DA:1,6
DA:2,6
DA:3,6
DA:4,6
DA:5,6
DA:6,6
DA:15,6
DA:16,21
DA:20,21
DA:22,21
DA:26,16
DA:33,2
DA:34,2
DA:35,2
DA:48,6
DA:49,6
DA:51,6
DA:58,6
DA:59,5
DA:60,5
DA:61,5
DA:68,5
DA:69,5
DA:70,3
DA:75,3
DA:76,3
DA:77,3
DA:84,2
DA:88,1
DA:96,2
DA:98,1
DA:102,1
DA:105,1
DA:107,0
DA:110,0
DA:115,1
DA:119,1
DA:125,5
DA:130,2
DA:131,2
DA:162,2
DA:169,1
DA:173,2
DA:183,1
DA:188,2
DA:193,2
LF:46
LH:44
BRDA:58,0,0,5
BRDA:96,1,0,1
BRDA:96,1,1,1
BRDA:105,2,0,0
BRDA:172,3,0,0
BRF:5
BRH:3
end_of_record
TN:
SF:app/src/microservices/plan/repositories/plan-user.repository.ts
FN:8,(anonymous_4)
FN:14,(anonymous_5)
FN:55,(anonymous_6)
FN:66,(anonymous_7)
FN:76,(anonymous_8)
FNF:5
FNH:3
FNDA:7,(anonymous_4)
FNDA:4,(anonymous_5)
FNDA:2,(anonymous_6)
FNDA:0,(anonymous_7)
FNDA:0,(anonymous_8)
DA:1,2
DA:2,2
DA:3,2
DA:4,2
DA:7,2
DA:10,7
DA:11,7
DA:15,4
DA:16,4
DA:21,4
DA:22,1
DA:24,1
DA:29,3
DA:30,3
DA:31,3
DA:32,1
DA:33,1
DA:36,2
DA:37,1
DA:40,1
DA:44,1
DA:47,1
DA:51,1
DA:56,2
DA:57,2
DA:58,2
DA:59,1
DA:63,2
DA:68,0
DA:77,0
DA:78,0
LF:31
LH:28
BRDA:21,0,0,1
BRDA:36,1,0,1
BRDA:44,2,0,1
BRDA:58,3,0,1
BRF:4
BRH:4
end_of_record
TN:
SF:app/src/microservices/plan/repositories/plan.repository.ts
FN:21,(anonymous_4)
FN:26,(anonymous_5)
FN:31,(anonymous_6)
FN:38,(anonymous_7)
FN:55,(anonymous_8)
FN:68,(anonymous_9)
FN:75,(anonymous_10)
FN:82,(anonymous_11)
FN:86,(anonymous_12)
FNF:9
FNH:8
FNDA:11,(anonymous_4)
FNDA:1,(anonymous_5)
FNDA:3,(anonymous_6)
FNDA:2,(anonymous_7)
FNDA:0,(anonymous_8)
FNDA:1,(anonymous_9)
FNDA:1,(anonymous_10)
FNDA:1,(anonymous_11)
FNDA:1,(anonymous_12)
DA:1,2
DA:2,2
DA:3,2
DA:9,2
DA:18,2
DA:19,11
DA:23,11
DA:27,1
DA:28,1
DA:35,3
DA:42,2
DA:43,2
DA:58,0
DA:65,0
DA:72,1
DA:79,1
DA:83,1
DA:88,1
LF:18
LH:16
BRDA:40,0,0,1
BRDA:42,1,0,1
BRDA:42,2,0,1
BRF:3
BRH:3
end_of_record
TN:
SF:app/src/microservices/plan/services/city-image.service.ts
FN:22,(anonymous_5)
FN:36,(anonymous_6)
FN:40,(anonymous_7)
FNF:3
FNH:2
FNDA:10,(anonymous_5)
FNDA:0,(anonymous_6)
FNDA:9,(anonymous_7)
DA:1,1
DA:2,1
DA:3,1
DA:4,1
DA:5,1
DA:6,1
DA:17,1
DA:18,10
DA:20,10
DA:23,10
DA:25,10
DA:26,10
DA:30,10
DA:36,10
DA:40,1
DA:41,9
DA:42,9
DA:43,9
DA:47,9
DA:49,9
DA:56,9
DA:57,0
DA:60,0
DA:62,9
DA:63,9
DA:66,9
DA:67,9
DA:68,1
DA:69,1
DA:71,8
DA:72,1
DA:75,1
DA:79,7
DA:80,7
DA:84,7
DA:85,7
DA:87,7
DA:88,1
DA:91,1
DA:93,6
DA:97,6
DA:99,6
DA:104,1
DA:107,1
DA:111,5
DA:112,5
DA:113,5
DA:118,5
DA:119,4
DA:121,1
DA:130,9
DA:131,9
DA:132,9
DA:133,9
DA:135,0
LF:55
LH:52
BRDA:56,0,0,0
BRDA:67,1,0,1
BRDA:71,2,0,1
BRDA:79,3,0,7
BRDA:79,3,1,0
BRDA:87,4,0,1
BRDA:99,5,0,1
BRDA:100,6,0,6
BRDA:100,6,1,6
BRDA:100,6,2,6
BRDA:130,7,0,9
BRF:11
BRH:9
end_of_record
TN:
SF:app/src/microservices/plan/services/city.service.ts
FN:21,(anonymous_4)
FN:32,(anonymous_5)
FN:88,(anonymous_6)
FNF:3
FNH:3
FNDA:7,(anonymous_4)
FNDA:7,(anonymous_5)
FNDA:2,(anonymous_6)
DA:1,2
DA:2,2
DA:3,2
DA:18,2
DA:19,7
DA:22,7
DA:32,2
DA:35,7
DA:38,7
DA:40,7
DA:41,4
DA:45,3
DA:50,1
DA:52,6
DA:57,6
DA:90,2
DA:91,2
DA:92,1
DA:93,1
LF:19
LH:19
BRDA:40,0,0,4
BRDA:40,1,0,7
BRDA:40,1,1,5
BRDA:91,2,0,1
BRF:4
BRH:4
end_of_record
TN:
SF:app/src/microservices/user/controllers/user-discovery.controller.ts
FN:32,(anonymous_4)
FN:44,(anonymous_5)
FN:51,(anonymous_6)
FN:82,(anonymous_7)
FN:98,(anonymous_8)
FNF:5
FNH:4
FNDA:6,(anonymous_4)
FNDA:0,(anonymous_5)
FNDA:2,(anonymous_6)
FNDA:2,(anonymous_7)
FNDA:2,(anonymous_8)
DA:1,1
DA:11,1
DA:17,1
DA:18,1
DA:19,1
DA:20,1
DA:25,1
DA:31,1
DA:32,6
DA:44,1
DA:47,0
DA:51,1
DA:63,2
DA:64,2
DA:77,0
DA:82,1
DA:87,2
DA:88,2
DA:93,0
DA:98,1
DA:103,2
DA:104,2
DA:109,0
LF:23
LH:19
BRF:0
BRH:0
end_of_record
TN:
SF:app/src/microservices/user/controllers/user-relationship.controller.ts
FN:39,(anonymous_4)
FN:61,(anonymous_5)
FN:93,(anonymous_6)
FN:107,(anonymous_7)
FN:130,(anonymous_8)
FN:158,(anonymous_9)
FN:177,(anonymous_10)
FN:202,(anonymous_11)
FNF:8
FNH:8
FNDA:9,(anonymous_4)
FNDA:2,(anonymous_5)
FNDA:1,(anonymous_6)
FNDA:1,(anonymous_7)
FNDA:1,(anonymous_8)
FNDA:1,(anonymous_9)
FNDA:1,(anonymous_10)
FNDA:1,(anonymous_11)
DA:1,1
DA:18,1
DA:19,1
DA:20,1
DA:21,1
DA:22,1
DA:23,1
DA:24,1
DA:25,1
DA:38,1
DA:40,9
DA:61,1
DA:65,2
DA:66,2
DA:71,1
DA:93,1
DA:98,1
DA:107,1
DA:108,1
DA:130,1
DA:136,1
DA:138,1
DA:158,1
DA:162,1
DA:177,1
DA:181,1
DA:202,1
DA:207,1
LF:28
LH:28
BRF:0
BRH:0
end_of_record
TN:
SF:app/src/microservices/user/dto/block-user.dto.ts
FN:9,(anonymous_2)
FNF:1
FNH:0
FNDA:0,(anonymous_2)
DA:1,1
DA:9,1
DA:11,1
DA:16,1
DA:20,1
LF:5
LH:5
BRF:0
BRH:0
end_of_record
TN:
SF:app/src/microservices/user/dto/connection-request.dto.ts
FN:4,(anonymous_2)
FNF:1
FNH:0
FNDA:0,(anonymous_2)
DA:1,1
DA:2,1
DA:4,1
DA:6,1
DA:10,1
DA:15,1
LF:6
LH:6
BRF:0
BRH:0
end_of_record
TN:
SF:app/src/microservices/user/dto/connection-response.dto.ts
FN:3,(anonymous_2)
FNF:1
FNH:1
FNDA:2,(anonymous_2)
DA:1,2
DA:3,2
DA:4,2
DA:5,2
DA:8,2
DA:10,2
DA:13,2
DA:18,2
LF:8
LH:8
BRDA:3,0,0,2
BRDA:3,0,1,2
BRF:2
BRH:2
end_of_record
TN:
SF:app/src/microservices/user/dto/homepage-recommendation.dto.ts
FNF:0
FNH:0
DA:1,1
DA:2,1
DA:12,1
DA:18,1
DA:26,1
DA:35,1
DA:45,1
DA:56,1
LF:8
LH:8
BRF:0
BRH:0
end_of_record
TN:
SF:app/src/microservices/user/entities/follow.entity.ts
FN:10,(anonymous_2)
FNF:1
FNH:1
FNDA:2,(anonymous_2)
DA:1,2
DA:10,2
DA:11,2
DA:12,2
DA:18,2
DA:20,2
DA:24,2
DA:27,2
DA:30,2
DA:34,2
DA:38,2
DA:41,2
LF:12
LH:12
BRDA:10,0,0,2
BRDA:10,0,1,2
BRF:2
BRH:2
end_of_record
TN:
SF:app/src/microservices/user/entities/profile-view.entity.ts
FN:21,(anonymous_2)
FN:28,(anonymous_3)
FNF:2
FNH:2
FNDA:1,(anonymous_2)
FNDA:1,(anonymous_3)
DA:1,5
DA:10,5
DA:14,5
DA:16,5
DA:19,5
DA:21,1
DA:23,5
DA:26,5
DA:28,1
DA:30,5
DA:33,5
DA:36,5
DA:39,5
LF:13
LH:13
BRF:0
BRH:0
end_of_record
TN:
SF:app/src/microservices/user/entities/user-profile.entity.ts
FN:26,(anonymous_2)
FN:34,(anonymous_3)
FN:50,(anonymous_4)
FNF:3
FNH:3
FNDA:7,(anonymous_2)
FNDA:7,(anonymous_3)
FNDA:1,(anonymous_4)
DA:13,7
DA:23,7
DA:26,7
DA:27,7
DA:28,7
DA:29,7
DA:34,7
DA:35,7
DA:36,7
DA:37,7
DA:41,7
DA:43,7
DA:47,7
DA:50,1
DA:52,7
DA:57,7
DA:61,7
DA:65,7
DA:69,7
DA:72,7
DA:75,7
DA:84,7
DA:91,7
DA:98,7
DA:102,7
DA:105,7
LF:26
LH:26
BRDA:26,0,0,7
BRDA:26,0,1,7
BRDA:34,1,0,7
BRDA:34,1,1,7
BRF:4
BRH:4
end_of_record
TN:
SF:app/src/microservices/user/entities/user-relationship.entity.ts
FN:13,(anonymous_2)
FN:20,(anonymous_3)
FN:37,(anonymous_4)
FN:44,(anonymous_5)
FNF:4
FNH:4
FNDA:7,(anonymous_2)
FNDA:7,(anonymous_3)
FNDA:1,(anonymous_4)
FNDA:1,(anonymous_5)
DA:1,7
DA:11,7
DA:13,7
DA:14,7
DA:15,7
DA:16,7
DA:17,7
DA:20,7
DA:21,7
DA:22,7
DA:23,7
DA:30,7
DA:32,7
DA:35,7
DA:37,1
DA:39,7
DA:42,7
DA:44,1
DA:46,7
DA:53,7
DA:56,7
DA:59,7
DA:62,7
DA:65,7
DA:68,7
LF:25
LH:25
BRDA:13,0,0,7
BRDA:13,0,1,7
BRDA:20,1,0,7
BRDA:20,1,1,7
BRF:4
BRH:4
end_of_record
TN:
SF:app/src/microservices/user/repositories/follow.repository.ts
FN:10,(anonymous_4)
FN:19,(anonymous_5)
FN:39,(anonymous_6)
FN:60,(anonymous_7)
FN:83,(anonymous_8)
FN:100,(anonymous_9)
FNF:6
FNH:0
FNDA:0,(anonymous_4)
FNDA:0,(anonymous_5)
FNDA:0,(anonymous_6)
FNDA:0,(anonymous_7)
FNDA:0,(anonymous_8)
FNDA:0,(anonymous_9)
DA:1,2
DA:2,2
DA:3,2
DA:4,2
DA:7,2
DA:8,0
DA:12,0
DA:20,0
DA:23,0
DA:24,0
DA:25,0
DA:27,0
DA:32,0
DA:43,0
DA:46,0
DA:47,0
DA:49,0
DA:53,0
DA:64,0
DA:67,0
DA:68,0
DA:72,0
DA:76,0
DA:84,0
DA:85,0
DA:86,0
DA:88,0
DA:92,0
DA:101,0
DA:102,0
DA:103,0
DA:108,0
DA:112,0
LF:33
LH:5
BRF:0
BRH:0
end_of_record
TN:
SF:app/src/microservices/user/repositories/profile-view.repository.ts
FN:8,(anonymous_4)
FN:13,(anonymous_5)
FN:28,(anonymous_6)
FN:32,(anonymous_7)
FN:46,(anonymous_8)
FN:58,(anonymous_9)
FN:68,(anonymous_10)
FN:76,(anonymous_11)
FN:80,(anonymous_12)
FN:99,(anonymous_13)
FN:111,(anonymous_14)
FNF:11
FNH:9
FNDA:10,(anonymous_4)
FNDA:1,(anonymous_5)
FNDA:2,(anonymous_6)
FNDA:1,(anonymous_7)
FNDA:1,(anonymous_8)
FNDA:1,(anonymous_9)
FNDA:0,(anonymous_10)
FNDA:1,(anonymous_11)
FNDA:2,(anonymous_12)
FNDA:0,(anonymous_13)
FNDA:1,(anonymous_14)
DA:1,3
DA:2,3
DA:3,3
DA:4,3
DA:7,3
DA:10,10
DA:18,1
DA:25,1
DA:29,2
DA:37,1
DA:47,1
DA:48,1
DA:50,1
DA:59,1
DA:65,1
DA:69,0
DA:77,1
DA:85,2
DA:86,2
DA:88,2
DA:96,2
DA:100,0
DA:101,0
DA:103,0
DA:112,1
DA:113,1
DA:115,1
LF:27
LH:23
BRDA:16,0,0,0
BRDA:34,1,0,0
BRDA:35,2,0,0
BRDA:46,3,0,0
BRDA:83,4,0,0
BRDA:111,5,0,0
BRF:6
BRH:0
end_of_record
TN:
SF:app/src/microservices/user/repositories/profile.repository.ts
FN:10,(anonymous_4)
FN:15,(anonymous_5)
FN:20,(anonymous_6)
FN:34,(anonymous_7)
FN:43,(anonymous_8)
FN:50,(anonymous_9)
FNF:6
FNH:2
FNDA:1,(anonymous_4)
FNDA:0,(anonymous_5)
FNDA:0,(anonymous_6)
FNDA:0,(anonymous_7)
FNDA:0,(anonymous_8)
FNDA:5,(anonymous_9)
DA:1,1
DA:2,1
DA:3,1
DA:4,1
DA:6,1
DA:9,1
DA:12,1
DA:16,0
DA:17,0
DA:21,0
DA:25,0
DA:26,0
DA:31,0
DA:38,0
DA:39,0
DA:40,0
DA:44,0
DA:47,0
DA:54,5
DA:56,5
DA:69,5
DA:70,2
DA:75,5
DA:77,5
LF:24
LH:13
BRDA:25,0,0,0
BRDA:54,1,0,0
BRDA:69,2,0,2
BRDA:69,3,0,5
BRDA:69,3,1,5
BRF:5
BRH:3
end_of_record
TN:
SF:app/src/microservices/user/repositories/user-relationship.repository.ts
FN:12,(anonymous_4)
FN:17,(anonymous_5)
FN:31,(anonymous_6)
FN:35,(anonymous_7)
FN:44,(anonymous_8)
FN:56,(anonymous_9)
FN:82,(anonymous_10)
FN:92,(anonymous_11)
FN:100,(anonymous_12)
FN:107,(anonymous_13)
FN:111,(anonymous_14)
FN:133,(anonymous_15)
FN:141,(anonymous_16)
FN:165,(anonymous_17)
FN:186,(anonymous_18)
FNF:15
FNH:0
FNDA:0,(anonymous_4)
FNDA:0,(anonymous_5)
FNDA:0,(anonymous_6)
FNDA:0,(anonymous_7)
FNDA:0,(anonymous_8)
FNDA:0,(anonymous_9)
FNDA:0,(anonymous_10)
FNDA:0,(anonymous_11)
FNDA:0,(anonymous_12)
FNDA:0,(anonymous_13)
FNDA:0,(anonymous_14)
FNDA:0,(anonymous_15)
FNDA:0,(anonymous_16)
FNDA:0,(anonymous_17)
FNDA:0,(anonymous_18)
DA:1,4
DA:2,4
DA:3,4
DA:4,4
DA:11,4
DA:14,0
DA:21,0
DA:28,0
DA:32,0
DA:39,0
DA:48,0
DA:62,0
DA:71,0
DA:72,0
DA:75,0
DA:83,0
DA:96,0
DA:97,0
DA:104,0
DA:108,0
DA:117,0
DA:123,0
DA:130,0
DA:134,0
DA:142,0
DA:157,0
DA:166,0
DA:174,0
DA:175,0
DA:176,0
DA:177,0
DA:179,0
DA:183,0
DA:190,0
LF:34
LH:5
BRDA:24,0,0,0
BRDA:24,0,1,0
BRDA:59,1,0,0
BRDA:60,2,0,0
BRDA:71,3,0,0
BRDA:176,4,0,0
BRDA:176,4,1,0
BRF:7
BRH:0
end_of_record
TN:
SF:app/src/microservices/user/repositories/user.repository.ts
FN:31,(anonymous_4)
FN:40,(anonymous_5)
FN:64,(anonymous_6)
FN:90,(anonymous_7)
FN:108,(anonymous_8)
FN:124,(anonymous_9)
FN:150,(anonymous_10)
FN:176,(anonymous_11)
FN:216,(anonymous_12)
FN:233,(anonymous_13)
FN:264,(anonymous_14)
FN:305,(anonymous_15)
FNF:12
FNH:9
FNDA:11,(anonymous_4)
FNDA:0,(anonymous_5)
FNDA:3,(anonymous_6)
FNDA:5,(anonymous_7)
FNDA:0,(anonymous_8)
FNDA:2,(anonymous_9)
FNDA:2,(anonymous_10)
FNDA:1,(anonymous_11)
FNDA:2,(anonymous_12)
FNDA:1,(anonymous_13)
FNDA:0,(anonymous_14)
FNDA:1,(anonymous_15)
DA:1,5
DA:6,5
DA:7,5
DA:8,5
DA:9,5
DA:10,5
DA:30,5
DA:33,11
DA:35,11
DA:37,11
DA:43,0
DA:44,0
DA:48,0
DA:49,0
DA:52,0
DA:56,0
DA:58,0
DA:68,3
DA:69,3
DA:71,3
DA:72,1
DA:77,2
DA:82,2
DA:84,2
DA:91,5
DA:92,5
DA:96,4
DA:97,2
DA:100,2
DA:102,1
DA:109,0
DA:110,0
DA:118,0
DA:129,2
DA:130,2
DA:132,2
DA:133,1
DA:136,1
DA:137,1
DA:139,1
DA:141,1
DA:142,1
DA:144,0
DA:154,2
DA:162,2
DA:165,2
DA:168,2
DA:176,2
DA:177,1
DA:181,2
DA:184,2
DA:212,2
DA:213,2
DA:216,2
DA:217,2
DA:218,2
DA:219,2
DA:225,2
DA:227,0
DA:238,1
DA:240,1
DA:241,1
DA:250,1
DA:253,1
DA:256,1
DA:264,1
DA:265,0
DA:269,1
DA:272,1
DA:301,1
DA:302,1
DA:305,1
DA:306,1
DA:307,1
DA:308,1
DA:314,1
DA:316,0
LF:77
LH:63
BRDA:48,0,0,0
BRDA:71,1,0,1
BRDA:96,2,0,2
BRDA:132,3,0,1
BRDA:141,4,0,1
BRDA:158,5,0,0
BRDA:159,6,0,0
BRDA:160,7,0,0
BRDA:161,8,0,0
BRDA:177,9,0,1
BRDA:177,9,1,0
BRDA:236,10,0,0
BRDA:246,11,0,0
BRDA:247,12,0,0
BRDA:248,13,0,0
BRDA:249,14,0,0
BRDA:265,15,0,0
BRDA:265,15,1,0
BRF:18
BRH:5
end_of_record
TN:
SF:app/src/microservices/user/services/user-discovery.service.ts
FN:37,(anonymous_4)
FN:48,(anonymous_5)
FN:89,(anonymous_6)
FN:92,(anonymous_7)
FN:128,(anonymous_8)
FN:172,(anonymous_9)
FN:188,(anonymous_10)
FN:196,(anonymous_11)
FN:204,(anonymous_12)
FN:205,(anonymous_13)
FN:224,(anonymous_14)
FN:279,(anonymous_15)
FN:310,(anonymous_16)
FN:339,(anonymous_17)
FN:346,(anonymous_18)
FN:358,(anonymous_19)
FNF:16
FNH:7
FNDA:10,(anonymous_4)
FNDA:0,(anonymous_5)
FNDA:0,(anonymous_6)
FNDA:0,(anonymous_7)
FNDA:0,(anonymous_8)
FNDA:0,(anonymous_9)
FNDA:0,(anonymous_10)
FNDA:0,(anonymous_11)
FNDA:0,(anonymous_12)
FNDA:0,(anonymous_13)
FNDA:9,(anonymous_14)
FNDA:16,(anonymous_15)
FNDA:15,(anonymous_16)
FNDA:6,(anonymous_17)
FNDA:15,(anonymous_18)
FNDA:13,(anonymous_19)
DA:1,2
DA:8,2
DA:9,2
DA:10,2
DA:14,2
DA:15,2
DA:16,2
DA:17,2
DA:22,2
DA:30,2
DA:31,2
DA:34,2
DA:35,10
DA:39,10
DA:40,10
DA:41,10
DA:42,10
DA:66,0
DA:69,0
DA:70,0
DA:75,0
DA:82,0
DA:88,0
DA:90,0
DA:93,0
DA:97,0
DA:109,0
DA:110,0
DA:116,0
DA:122,0
DA:135,0
DA:138,0
DA:139,0
DA:144,0
DA:156,0
DA:179,0
DA:182,0
DA:188,0
DA:190,0
DA:191,0
DA:195,0
DA:197,0
DA:198,0
DA:203,0
DA:204,0
DA:206,0
DA:207,0
DA:216,0
DA:218,0
DA:227,9
DA:230,9
DA:232,9
DA:238,9
DA:239,1
DA:242,1
DA:244,8
DA:249,8
DA:250,7
DA:253,7
DA:255,7
DA:277,6
DA:279,6
DA:280,16
DA:281,16
DA:283,16
DA:284,16
DA:287,16
DA:288,1
DA:289,15
DA:290,0
DA:292,15
DA:294,6
DA:299,6
DA:304,6
DA:309,6
DA:310,15
DA:317,6
DA:321,6
DA:324,3
DA:328,3
DA:329,1
DA:331,2
DA:345,6
DA:346,15
DA:350,6
DA:351,1
DA:354,5
DA:355,5
DA:358,5
DA:359,13
DA:360,4
DA:361,9
DA:370,7
DA:373,2
DA:374,2
DA:379,5
DA:383,5
DA:384,5
DA:385,5
DA:386,5
DA:388,5
DA:389,5
DA:393,5
LF:103
LH:70
BRDA:61,0,0,0
BRDA:62,1,0,0
BRDA:63,2,0,0
BRDA:64,3,0,0
BRDA:65,4,0,0
BRDA:66,5,0,0
BRDA:66,5,1,0
BRDA:69,6,0,0
BRDA:69,7,0,0
BRDA:69,7,1,0
BRDA:90,8,0,0
BRDA:90,8,1,0
BRDA:93,9,0,0
BRDA:93,9,1,0
BRDA:109,10,0,0
BRDA:109,10,1,0
BRDA:135,11,0,0
BRDA:135,12,0,0
BRDA:135,13,0,0
BRDA:135,13,1,0
BRDA:139,14,0,0
BRDA:140,15,0,0
BRDA:140,15,1,0
BRDA:140,15,2,0
BRDA:179,16,0,0
BRDA:179,17,0,0
BRDA:179,18,0,0
BRDA:179,18,1,0
BRDA:190,19,0,0
BRDA:238,20,0,1
BRDA:238,21,0,9
BRDA:238,21,1,8
BRDA:281,22,0,0
BRDA:287,23,0,1
BRDA:287,24,0,16
BRDA:287,24,1,16
BRDA:287,24,2,3
BRDA:289,25,0,0
BRDA:289,26,0,15
BRDA:289,26,1,15
BRDA:289,26,2,2
BRDA:328,27,0,1
BRDA:350,28,0,1
BRDA:350,29,0,6
BRDA:350,29,1,5
BRDA:359,30,0,4
BRDA:359,30,1,9
BRDA:361,31,0,7
BRDA:361,31,1,2
BRDA:362,32,0,9
BRDA:362,32,1,2
BRDA:362,32,2,8
BRDA:362,32,3,2
BRDA:362,32,4,7
BRDA:362,32,5,5
BRDA:362,32,6,3
BRDA:373,33,0,2
BRF:57
BRH:26
end_of_record
TN:
SF:app/src/microservices/user/services/user-relationship.service.ts
FN:31,(anonymous_2)
FN:40,(anonymous_3)
FN:104,(anonymous_4)
FN:187,(anonymous_5)
FN:218,(anonymous_6)
FN:241,(anonymous_7)
FN:255,(anonymous_8)
FN:272,(anonymous_9)
FN:279,(anonymous_10)
FN:288,(anonymous_11)
FN:302,(anonymous_12)
FN:319,(anonymous_13)
FN:365,(anonymous_14)
FNF:13
FNH:11
FNDA:18,(anonymous_2)
FNDA:5,(anonymous_3)
FNDA:5,(anonymous_4)
FNDA:2,(anonymous_5)
FNDA:3,(anonymous_6)
FNDA:1,(anonymous_7)
FNDA:1,(anonymous_8)
FNDA:1,(anonymous_9)
FNDA:1,(anonymous_10)
FNDA:0,(anonymous_11)
FNDA:0,(anonymous_12)
FNDA:6,(anonymous_13)
FNDA:3,(anonymous_14)
DA:1,2
DA:7,2
DA:8,2
DA:10,2
DA:15,2
DA:24,2
DA:27,2
DA:30,2
DA:32,18
DA:33,18
DA:34,18
DA:45,5
DA:46,5
DA:47,1
DA:52,4
DA:57,4
DA:58,1
DA:59,0
DA:61,1
DA:68,3
DA:73,3
DA:77,0
DA:81,3
DA:84,2
DA:90,2
DA:98,2
DA:109,5
DA:113,5
DA:114,1
DA:120,4
DA:121,1
DA:127,3
DA:128,1
DA:131,2
DA:134,1
DA:139,1
DA:140,0
DA:144,1
DA:150,1
DA:153,1
DA:156,1
DA:163,1
DA:172,1
DA:192,2
DA:193,2
DA:194,1
DA:198,1
DA:205,1
DA:212,1
DA:223,3
DA:228,3
DA:229,2
DA:233,1
DA:235,1
DA:247,1
DA:254,1
DA:256,1
DA:260,1
DA:276,1
DA:278,1
DA:280,1
DA:294,0
DA:301,0
DA:303,0
DA:307,0
DA:327,6
DA:328,5
DA:329,5
DA:330,1
DA:331,1
DA:332,1
DA:335,0
DA:336,0
DA:340,6
DA:343,6
DA:351,6
DA:367,3
DA:368,3
DA:369,0
DA:373,3
DA:374,0
DA:379,3
DA:385,3
DA:390,3
DA:392,3
DA:393,1
LF:86
LH:75
[...]
DA:498,0
DA:501,0
DA:505,0
DA:507,0
DA:508,0
DA:518,0
DA:520,0
DA:521,0
DA:534,0
DA:535,0
DA:551,0
DA:552,0
DA:562,0
DA:563,0
DA:569,0
DA:586,0
DA:592,0
DA:595,0
DA:597,0
DA:608,2
DA:609,2
DA:610,2
DA:613,2
DA:625,0
DA:629,0
LF:139
LH:54
BRDA:50,0,0,0
BRDA:78,1,0,0
BRDA:78,2,0,0
BRDA:94,3,0,0
BRDA:94,3,1,3
BRDA:94,4,0,3
BRDA:94,4,1,0
BRDA:100,5,0,2
BRDA:101,6,0,3
BRDA:101,6,1,2
BRDA:106,7,0,2
BRDA:106,7,1,0
BRDA:152,8,0,1
BRDA:152,9,0,3
BRDA:152,9,1,1
BRDA:158,10,0,1
BRDA:165,11,0,1
BRDA:184,12,0,1
BRDA:192,13,0,3
BRDA:192,13,1,1
BRDA:193,14,0,0
BRDA:193,14,1,1
BRDA:194,15,0,3
BRDA:194,15,1,1
BRDA:196,16,0,1
BRDA:196,16,1,1
BRDA:196,16,2,1
BRDA:196,16,3,0
BRDA:196,16,4,0
BRDA:198,17,0,1
BRDA:198,17,1,0
BRDA:208,18,0,0
BRDA:208,18,1,1
BRDA:214,19,0,1
BRDA:214,19,1,0
BRDA:220,20,0,0
BRDA:220,20,1,0
BRDA:224,21,0,0
BRDA:224,21,1,0
BRDA:233,22,0,3
BRDA:233,23,0,3
BRDA:233,23,1,0
BRDA:241,24,0,2
BRDA:302,25,0,0
BRDA:302,25,1,0
BRDA:306,26,0,0
BRDA:307,27,0,0
BRDA:307,27,1,0
BRDA:307,27,2,0
BRDA:337,28,0,0
BRDA:337,28,1,0
BRDA:355,29,0,0
BRDA:356,30,0,0
BRDA:388,31,0,0
BRDA:399,32,0,0
BRDA:409,33,0,0
BRDA:494,34,0,0
BRDA:497,35,0,0
BRDA:513,36,0,0
BRDA:518,37,0,0
BRDA:518,38,0,0
BRDA:548,39,0,0
BRDA:549,40,0,0
BRDA:562,41,0,0
BRDA:562,41,1,0
BRDA:562,42,0,0
BRDA:562,42,1,0
BRDA:606,43,0,0
BRF:68
BRH:26
end_of_record
TN:
SF:app/src/microservices/venue/services/google-maps.service.ts
FN:91,(anonymous_3)
FN:107,(anonymous_4)
FN:182,(anonymous_5)
FN:261,(anonymous_6)
FN:323,(anonymous_7)
FN:379,(anonymous_8)
FNF:6
FNH:0
FNDA:0,(anonymous_3)
FNDA:0,(anonymous_4)
FNDA:0,(anonymous_5)
FNDA:0,(anonymous_6)
FNDA:0,(anonymous_7)
FNDA:0,(anonymous_8)
DA:1,7
DA:2,7
DA:3,7
DA:4,7
DA:5,7
DA:86,7
DA:88,0
DA:89,0
DA:92,0
DA:93,0
DA:94,0
DA:96,0
DA:97,0
DA:98,0
DA:108,0
DA:110,0
DA:114,0
DA:120,0
DA:121,0
DA:131,0
DA:132,0
DA:133,0
DA:134,0
DA:137,0
DA:146,0
DA:152,0
DA:159,0
DA:160,0
DA:169,0
DA:171,0
DA:175,0
DA:186,0
DA:187,0
DA:189,0
DA:193,0
DA:199,0
DA:200,0
DA:204,0
DA:205,0
DA:206,0
DA:207,0
DA:210,0
DA:221,0
DA:226,0
DA:228,0
DA:234,0
DA:237,0
DA:240,0
DA:242,0
DA:243,0
DA:244,0
DA:249,0
DA:254,0
DA:268,0
DA:269,0
DA:275,0
DA:276,0
DA:279,0
DA:280,0
DA:284,0
DA:288,0
DA:289,0
DA:294,0
DA:295,0
DA:296,0
DA:297,0
DA:300,0
DA:304,0
DA:306,0
DA:307,0
DA:310,0
DA:312,0
DA:316,0
DA:326,0
DA:328,0
DA:332,0
DA:333,0
DA:338,0
DA:339,0
DA:340,0
DA:341,0
DA:344,0
DA:355,0
DA:357,0
DA:363,0
DA:366,0
DA:368,0
DA:372,0
DA:380,0
LF:89
LH:6
BRDA:96,0,0,0
BRDA:96,0,1,0
BRDA:97,1,0,0
BRDA:114,2,0,0
BRDA:115,3,0,0
BRDA:115,3,1,0
BRDA:115,3,2,0
BRDA:115,3,3,0
BRDA:132,4,0,0
BRDA:146,5,0,0
BRDA:147,6,0,0
BRDA:147,6,1,0
BRDA:147,6,2,0
BRDA:193,7,0,0
BRDA:194,8,0,0
BRDA:194,8,1,0
BRDA:194,8,2,0
BRDA:194,8,3,0
BRDA:205,9,0,0
BRDA:221,10,0,0
BRDA:222,11,0,0
BRDA:222,11,1,0
BRDA:222,11,2,0
BRDA:243,12,0,0
BRDA:243,12,1,0
BRDA:275,13,0,0
BRDA:279,14,0,0
BRDA:288,15,0,0
BRDA:288,16,0,0
BRDA:288,16,1,0
BRDA:288,16,2,0
BRDA:295,17,0,0
BRDA:304,18,0,0
BRDA:304,19,0,0
BRDA:304,19,1,0
BRDA:332,20,0,0
BRDA:332,21,0,0
BRDA:332,21,1,0
BRDA:332,21,2,0
BRDA:339,22,0,0
BRDA:355,23,0,0
BRDA:355,24,0,0
BRDA:355,24,1,0
BRDA:379,25,0,0
BRF:44
BRH:0
end_of_record
TN:
SF:app/src/microservices/venue/services/rate-limiter.service.ts
FN:24,(anonymous_3)
FN:29,(anonymous_4)
FN:35,(anonymous_5)
FN:46,(anonymous_6)
FN:88,(anonymous_7)
FN:107,(anonymous_8)
FNF:6
FNH:0
FNDA:0,(anonymous_3)
FNDA:0,(anonymous_4)
FNDA:0,(anonymous_5)
FNDA:0,(anonymous_6)
FNDA:0,(anonymous_7)
FNDA:0,(anonymous_8)
DA:1,7
DA:2,7
DA:3,7
DA:13,7
DA:15,0
DA:18,0
DA:24,0
DA:25,0
DA:30,0
DA:31,0
DA:35,0
DA:36,0
DA:50,0
DA:51,0
DA:55,0
DA:58,0
DA:64,0
DA:65,0
DA:66,0
DA:70,0
DA:71,0
DA:72,0
DA:73,0
DA:77,0
DA:78,0
DA:80,0
DA:81,0
DA:89,0
DA:90,0
DA:91,0
DA:92,0
DA:96,0
DA:100,0
DA:108,0
DA:109,0
DA:110,0
DA:111,0
DA:112,0
DA:115,0
LF:39
LH:4
BRDA:48,0,0,0
BRDA:51,1,0,0
BRDA:51,1,1,0
BRDA:64,2,0,0
BRDA:71,3,0,0
BRDA:92,4,0,0
BRDA:92,4,1,0
BRDA:94,5,0,0
BRDA:94,5,1,0
BRDA:110,6,0,0
BRF:10
BRH:0
end_of_record
TN:
SF:app/src/microservices/venue/services/venue-analytics.service.ts
FN:7,(anonymous_2)
FN:14,(anonymous_3)
FNF:2
FNH:2
FNDA:14,(anonymous_2)
FNDA:18,(anonymous_3)
DA:1,5
DA:4,5
DA:5,14
DA:21,18
DA:28,18
DA:29,18
DA:32,18
DA:33,18
DA:34,18
DA:38,18
DA:43,18
DA:47,18
DA:49,18
DA:60,18
LF:14
LH:14
BRF:0
BRH:0
end_of_record
TN:
SF:app/src/microservices/venue/services/venue-cache.service.ts
FN:17,(anonymous_5)
FN:25,(anonymous_6)
FN:31,(anonymous_7)
FN:45,(anonymous_8)
FN:60,(anonymous_9)
FN:73,(anonymous_10)
FN:85,(anonymous_11)
FN:91,(anonymous_12)
FN:92,(anonymous_13)
FN:100,(anonymous_14)
FN:106,(anonymous_15)
FN:122,(anonymous_16)
FN:136,(anonymous_17)
FN:149,(anonymous_18)
FN:163,(anonymous_19)
FN:180,(anonymous_20)
FN:193,(anonymous_21)
FN:235,(anonymous_22)
FN:248,(anonymous_23)
FNF:19
FNH:0
FNDA:0,(anonymous_5)
FNDA:0,(anonymous_6)
FNDA:0,(anonymous_7)
FNDA:0,(anonymous_8)
FNDA:0,(anonymous_9)
FNDA:0,(anonymous_10)
FNDA:0,(anonymous_11)
FNDA:0,(anonymous_12)
FNDA:0,(anonymous_13)
FNDA:0,(anonymous_14)
FNDA:0,(anonymous_15)
FNDA:0,(anonymous_16)
FNDA:0,(anonymous_17)
FNDA:0,(anonymous_18)
FNDA:0,(anonymous_19)
FNDA:0,(anonymous_20)
FNDA:0,(anonymous_21)
FNDA:0,(anonymous_22)
FNDA:0,(anonymous_23)
DA:1,9
DA:2,9
DA:3,9
DA:4,9
DA:5,9
DA:10,9
DA:12,0
DA:13,0
DA:14,0
DA:15,0
DA:18,0
DA:19,0
DA:21,0
DA:26,0
DA:27,0
DA:31,0
DA:32,0
DA:39,0
DA:46,0
DA:47,0
DA:48,0
DA:49,0
DA:50,0
DA:53,0
DA:61,0
DA:62,0
DA:63,0
DA:65,0
DA:66,0
DA:74,0
DA:75,0
DA:76,0
DA:78,0
DA:89,0
DA:90,0
DA:91,0
DA:92,0
DA:94,0
DA:101,0
DA:102,0
DA:105,0
DA:106,0
DA:107,0
DA:111,0
DA:113,0
DA:115,0
DA:123,0
DA:124,0
DA:125,0
DA:126,0
DA:128,0
DA:129,0
DA:137,0
DA:138,0
DA:139,0
DA:141,0
DA:142,0
DA:150,0
DA:151,0
DA:152,0
DA:153,0
DA:155,0
DA:156,0
DA:169,0
DA:170,0
DA:171,0
DA:173,0
DA:181,0
DA:182,0
DA:183,0
DA:185,0
DA:197,0
DA:199,0
DA:200,0
DA:201,0
DA:203,0
DA:205,0
DA:211,0
DA:214,0
DA:218,0
DA:219,0
DA:225,0
DA:236,0
DA:237,0
DA:238,0
DA:240,0
DA:249,0
DA:256,0
LF:88
LH:6
BRDA:48,0,0,0
BRDA:63,1,0,0
BRDA:63,1,1,0
BRDA:153,2,0,0
BRDA:153,2,1,0
BRDA:167,3,0,0
BRDA:195,4,0,0
BRDA:203,5,0,0
BRDA:205,6,0,0
BRDA:205,6,1,0
BRDA:206,7,0,0
BRDA:206,7,1,0
BRDA:206,7,2,0
BRDA:206,7,3,0
BRF:14
BRH:0
end_of_record
TN:
SF:app/src/microservices/venue/services/venue-maintenance.service.ts
FN:14,(anonymous_11)
FN:24,(anonymous_12)
FN:43,(anonymous_13)
FNF:3
FNH:2
FNDA:8,(anonymous_11)
FNDA:0,(anonymous_12)
FNDA:7,(anonymous_13)
DA:1,1
DA:2,1
DA:3,1
DA:4,1
DA:5,1
DA:7,1
DA:8,1
DA:11,1
DA:12,8
DA:15,8
DA:16,8
DA:17,8
DA:24,1
DA:25,0
DA:26,0
DA:28,0
DA:29,0
DA:31,0
DA:44,7
DA:45,7
DA:47,7
DA:51,7
DA:52,7
DA:54,7
DA:59,7
DA:61,7
DA:62,1
DA:63,1
DA:71,6
DA:75,6
DA:76,6
DA:77,6
DA:78,17
DA:79,5
DA:82,5
DA:84,12
DA:85,12
DA:86,12
DA:87,7
DA:88,7
DA:89,7
DA:90,7
DA:92,5
DA:95,5
DA:98,0
DA:102,0
DA:106,6
DA:107,6
DA:111,6
DA:112,6
DA:113,6
DA:114,6
DA:115,5
DA:119,4
DA:121,2
DA:125,2
DA:129,6
DA:133,6
LF:58
LH:51
BRDA:61,0,0,1
BRDA:61,1,0,7
BRDA:61,1,1,7
BRDA:78,2,0,5
BRDA:86,3,0,7
BRDA:86,3,1,5
BRDA:20,4,0,1
BRDA:20,4,1,1
BRF:8
BRH:8
end_of_record
TN:
SF:app/src/microservices/venue/services/venue-map.service.ts
FN:19,(anonymous_2)
FN:32,(anonymous_3)
FN:74,(anonymous_4)
FN:95,(anonymous_5)
FN:109,(anonymous_6)
FN:134,(anonymous_7)
FN:159,(anonymous_8)
FN:176,(anonymous_9)
FN:189,(anonymous_10)
FN:205,(anonymous_11)
FN:275,(anonymous_12)
FNF:11
FNH:4
FNDA:7,(anonymous_2)
FNDA:4,(anonymous_3)
FNDA:1,(anonymous_4)
FNDA:0,(anonymous_5)
FNDA:0,(anonymous_6)
FNDA:2,(anonymous_7)
FNDA:0,(anonymous_8)
FNDA:0,(anonymous_9)
FNDA:0,(anonymous_10)
FNDA:0,(anonymous_11)
FNDA:0,(anonymous_12)
DA:1,1
DA:2,1
DA:3,1
DA:4,1
DA:6,1
DA:7,1
DA:8,1
DA:9,1
DA:10,1
DA:16,1
DA:17,7
DA:20,7
DA:21,7
DA:22,7
DA:23,7
DA:24,7
DA:25,7
DA:36,4
DA:37,1
DA:41,1
DA:47,3
DA:51,3
DA:53,3
DA:68,3
DA:69,2
DA:72,2
DA:75,1
DA:82,2
DA:84,1
DA:89,1
DA:93,1
DA:96,0
DA:102,1
DA:112,0
DA:113,0
DA:114,0
DA:115,0
DA:120,0
DA:122,0
DA:126,0
DA:140,2
DA:141,2
DA:142,2
DA:153,2
DA:154,1
DA:157,1
DA:160,0
DA:167,1
DA:169,1
DA:174,1
DA:177,0
DA:182,1
DA:190,0
DA:191,0
DA:193,0
DA:197,0
DA:211,0
DA:212,0
DA:219,0
DA:220,0
DA:222,0
DA:225,0
DA:226,0
DA:230,0
DA:233,0
DA:234,0
DA:238,0
DA:243,0
DA:258,0
DA:259,0
DA:262,0
DA:264,0
DA:268,0
DA:278,0
DA:289,0
DA:290,0
DA:291,0
DA:292,0
DA:296,0
DA:297,0
DA:300,0
LF:81
LH:42
BRDA:36,0,0,1
BRDA:36,1,0,4
BRDA:36,1,1,3
BRDA:89,2,0,1
BRDA:90,3,0,1
BRDA:90,3,1,1
BRDA:114,4,0,0
BRDA:137,5,0,0
BRDA:138,6,0,2
BRDA:225,7,0,0
BRDA:233,8,0,0
BRDA:239,9,0,0
BRDA:239,9,1,0
BRDA:291,10,0,0
BRDA:296,11,0,0
BRF:15
BRH:7
end_of_record
TN:
SF:app/src/microservices/venue/services/venue-scan-producer.service.ts
FN:13,(anonymous_13)
FN:23,(anonymous_14)
FN:49,(anonymous_15)
FNF:3
FNH:0
FNDA:0,(anonymous_13)
FNDA:0,(anonymous_14)
FNDA:0,(anonymous_15)
DA:1,4
DA:2,4
DA:4,4
DA:5,4
DA:6,4
DA:7,4
DA:10,4
DA:11,0
DA:14,0
DA:15,0
DA:16,0
DA:24,0
DA:25,0
DA:26,0
DA:33,0
DA:37,0
DA:41,0
DA:50,0
DA:51,0
DA:52,0
DA:56,0
DA:57,0
DA:62,0
DA:63,0
DA:65,0
DA:66,0
DA:70,0
DA:71,0
DA:72,0
DA:78,0
DA:79,0
DA:82,0
DA:85,0
LF:33
LH:7
BRDA:65,0,0,0
BRDA:70,1,0,0
BRDA:78,2,0,0
BRF:3
BRH:0
end_of_record
TN:
SF:app/src/microservices/venue/services/venue-trending.service.ts
FN:15,(anonymous_4)
FN:28,(anonymous_5)
FN:84,(anonymous_6)
FN:113,(anonymous_7)
FN:116,(anonymous_8)
FNF:5
FNH:5
FNDA:7,(anonymous_4)
FNDA:3,(anonymous_5)
FNDA:3,(anonymous_6)
FNDA:5,(anonymous_7)
FNDA:5,(anonymous_8)
DA:1,3
DA:2,3
DA:3,3
DA:4,3
DA:7,3
DA:8,3
DA:12,3
DA:13,7
DA:16,7
DA:17,7
DA:18,7
DA:19,7
DA:29,3
DA:32,3
DA:35,3
DA:37,2
DA:38,1
DA:39,1
DA:49,1
DA:55,1
DA:58,1
DA:61,1
DA:62,1
DA:63,1
DA:64,1
DA:68,1
DA:70,1
DA:76,1
DA:84,3
DA:85,3
DA:88,3
DA:90,3
DA:91,3
DA:93,3
DA:94,1
DA:95,1
DA:99,2
DA:100,2
DA:101,2
DA:103,2
DA:104,2
DA:105,2
DA:106,2
DA:107,2
DA:112,2
DA:113,5
DA:116,2
DA:117,5
DA:118,5
DA:120,4
DA:123,1
DA:126,1
DA:130,0
DA:133,0
DA:136,2
DA:141,2
DA:149,2
DA:150,2
DA:152,2
DA:156,2
DA:157,2
DA:158,1
DA:162,1
DA:163,1
DA:164,1
DA:165,1
DA:166,1
DA:168,0
DA:173,1
DA:177,1
DA:182,0
DA:187,0
DA:193,0
LF:73
LH:67
BRDA:37,0,0,1
BRDA:93,1,0,1
BRDA:117,2,0,5
BRDA:117,2,1,0
BRDA:118,3,0,4
BRDA:118,3,1,1
BRDA:152,4,0,2
BRDA:152,4,1,0
BRDA:153,5,0,2
BRDA:153,5,1,2
BRDA:157,6,0,1
BRDA:157,6,1,1
BRDA:157,7,0,2
BRDA:157,7,1,2
BRF:14
BRH:12
end_of_record
TN:
SF:app/src/microservices/venue/services/venue.service.ts
FN:52,(anonymous_13)
FN:73,(anonymous_14)
FN:80,(anonymous_15)
FN:89,(anonymous_16)
FN:96,(anonymous_17)
FN:111,(anonymous_18)
FN:132,(anonymous_19)
FN:157,(anonymous_20)
FN:171,(anonymous_21)
FN:177,(anonymous_22)
FN:188,(anonymous_23)
FN:217,(anonymous_24)
FN:232,(anonymous_25)
FN:245,(anonymous_26)
FN:268,(anonymous_27)
FN:279,(anonymous_28)
FN:315,(anonymous_29)
FN:349,(anonymous_30)
FN:377,(anonymous_31)
FN:390,(anonymous_32)
FN:430,(anonymous_33)
FN:456,(anonymous_34)
FN:470,(anonymous_35)
FN:476,(anonymous_36)
FN:493,(anonymous_37)
FN:507,(anonymous_38)
FN:508,(anonymous_39)
FN:514,(anonymous_40)
FN:534,(anonymous_41)
FN:558,(anonymous_42)
FN:579,(anonymous_43)
FN:586,(anonymous_44)
FN:590,(anonymous_45)
FN:596,(anonymous_46)
FN:617,(anonymous_47)
FN:639,(anonymous_48)
FN:644,(anonymous_49)
FN:685,(anonymous_50)
FN:701,(anonymous_51)
FN:722,(anonymous_52)
FN:763,(anonymous_53)
FN:763,(anonymous_54)
FN:764,(anonymous_55)
FN:772,(anonymous_56)
FN:786,(anonymous_57)
FN:861,(anonymous_58)
FN:886,(anonymous_59)
FN:895,(anonymous_60)
FN:912,(anonymous_61)
FN:928,(anonymous_62)
FN:937,(anonymous_63)
FN:963,(anonymous_64)
FN:976,(anonymous_65)
FN:992,(anonymous_66)
FN:1004,(anonymous_67)
FN:1024,(anonymous_68)
FN:1037,(anonymous_69)
FN:1056,(anonymous_70)
FN:1069,(anonymous_71)
FN:1086,(anonymous_72)
FN:1098,(anonymous_73)
FN:1135,(anonymous_74)
FN:1156,(anonymous_75)
FN:1268,(anonymous_76)
FN:1269,(anonymous_77)
FN:1331,(anonymous_78)
FN:1346,(anonymous_79)
FN:1371,(anonymous_80)
FN:1396,(anonymous_81)
FNF:69
FNH:6
FNDA:9,(anonymous_13)
FNDA:0,(anonymous_14)
FNDA:0,(anonymous_15)
FNDA:0,(anonymous_16)
FNDA:0,(anonymous_17)
FNDA:0,(anonymous_18)
FNDA:0,(anonymous_19)
FNDA:0,(anonymous_20)
FNDA:0,(anonymous_21)
FNDA:0,(anonymous_22)
FNDA:0,(anonymous_23)
FNDA:0,(anonymous_24)
FNDA:0,(anonymous_25)
FNDA:0,(anonymous_26)
FNDA:0,(anonymous_27)
FNDA:0,(anonymous_28)
FNDA:0,(anonymous_29)
FNDA:0,(anonymous_30)
FNDA:0,(anonymous_31)
FNDA:0,(anonymous_32)
FNDA:0,(anonymous_33)
FNDA:0,(anonymous_34)
FNDA:0,(anonymous_35)
FNDA:0,(anonymous_36)
FNDA:0,(anonymous_37)
FNDA:0,(anonymous_38)
FNDA:0,(anonymous_39)
FNDA:0,(anonymous_40)
FNDA:0,(anonymous_41)
FNDA:0,(anonymous_42)
FNDA:0,(anonymous_43)
FNDA:0,(anonymous_44)
FNDA:0,(anonymous_45)
FNDA:0,(anonymous_46)
FNDA:0,(anonymous_47)
FNDA:0,(anonymous_48)
FNDA:0,(anonymous_49)
FNDA:0,(anonymous_50)
FNDA:0,(anonymous_51)
FNDA:0,(anonymous_52)
FNDA:0,(anonymous_53)
FNDA:0,(anonymous_54)
FNDA:0,(anonymous_55)
FNDA:0,(anonymous_56)
FNDA:0,(anonymous_57)
FNDA:0,(anonymous_58)
FNDA:0,(anonymous_59)
FNDA:0,(anonymous_60)
FNDA:0,(anonymous_61)
FNDA:0,(anonymous_62)
FNDA:0,(anonymous_63)
FNDA:0,(anonymous_64)
FNDA:0,(anonymous_65)
FNDA:0,(anonymous_66)
FNDA:0,(anonymous_67)
FNDA:0,(anonymous_68)
FNDA:0,(anonymous_69)
FNDA:0,(anonymous_70)
FNDA:0,(anonymous_71)
FNDA:0,(anonymous_72)
FNDA:0,(anonymous_73)
FNDA:0,(anonymous_74)
FNDA:8,(anonymous_75)
FNDA:9,(anonymous_76)
FNDA:9,(anonymous_77)
FNDA:3,(anonymous_78)
FNDA:7,(anonymous_79)
FNDA:0,(anonymous_80)
FNDA:0,(anonymous_81)
DA:1,2
DA:8,2
DA:9,2
DA:10,2
DA:11,2
DA:12,2
DA:13,2
DA:17,2
DA:18,2
DA:19,2
DA:20,2
DA:25,2
DA:27,2
DA:32,2
DA:36,2
DA:39,2
DA:40,2
DA:41,2
DA:42,2
DA:45,2
DA:46,2
DA:49,2
DA:50,9
DA:53,9
DA:54,9
DA:55,9
DA:56,9
DA:57,9
DA:58,9
DA:59,9
DA:60,9
DA:61,9
DA:62,9
DA:63,9
DA:64,9
DA:65,9
DA:66,9
DA:74,0
DA:76,0
DA:78,0
DA:81,0
DA:87,0
DA:90,0
DA:96,0
DA:97,0
DA:103,0
DA:112,0
DA:113,0
DA:122,0
DA:124,0
DA:137,0
DA:138,0
DA:146,0
DA:149,0
DA:151,0
DA:165,0
DA:167,0
DA:169,0
DA:170,0
DA:171,0
DA:174,0
DA:176,0
DA:177,0
DA:180,0
DA:194,0
DA:196,0
DA:197,0
DA:206,0
DA:209,0
DA:211,0
DA:223,0
DA:226,0
DA:238,0
DA:241,0
DA:244,0
DA:245,0
DA:248,0
DA:249,0
DA:253,0
DA:254,0
DA:255,0
DA:257,0
DA:260,0
DA:262,0
DA:270,0
DA:272,0
DA:284,0
DA:285,0
DA:291,0
DA:294,0
DA:297,0
DA:300,0
DA:307,0
DA:309,0
DA:319,0
DA:320,0
DA:325,0
DA:327,0
DA:328,0
DA:337,0
DA:340,0
DA:342,0
DA:354,0
DA:355,0
DA:361,0
DA:362,0
DA:366,0
DA:367,0
DA:370,0
DA:375,0
DA:376,0
DA:377,0
DA:382,0
DA:384,0
DA:395,0
DA:396,0
DA:402,0
DA:405,0
DA:406,0
DA:410,0
DA:411,0
DA:415,0
DA:416,0
DA:418,0
DA:422,0
DA:424,0
DA:435,0
DA:436,0
DA:442,0
DA:445,0
DA:446,0
DA:447,0
DA:448,0
DA:450,0
DA:460,0
DA:461,0
DA:466,0
DA:470,0
DA:471,0
DA:474,0
DA:475,0
DA:476,0
DA:479,0
DA:480,0
DA:483,0
DA:485,0
DA:486,0
DA:497,0
DA:498,0
DA:503,0
DA:507,0
DA:508,0
DA:509,0
DA:512,0
DA:513,0
DA:514,0
DA:517,0
DA:518,0
DA:524,0
DA:526,0
DA:527,0
DA:540,0
DA:543,0
DA:544,0
DA:545,0
DA:546,0
DA:550,0
DA:552,0
DA:559,0
DA:561,0
DA:562,0
DA:564,0
DA:569,0
DA:580,0
DA:583,0
DA:587,0
DA:590,0
DA:600,0
DA:603,0
DA:606,0
DA:615,0
DA:617,0
DA:621,0
DA:622,0
DA:624,0
DA:628,0
DA:644,0
DA:646,0
DA:647,0
DA:649,0
DA:650,0
DA:664,0
DA:680,0
DA:689,0
DA:690,0
DA:691,0
DA:695,0
DA:698,0
DA:701,0
DA:704,0
DA:707,0
DA:710,0
DA:711,0
DA:715,0
DA:726,0
DA:727,0
DA:728,0
DA:732,0
DA:733,0
DA:734,0
DA:736,0
DA:740,0
DA:743,0
DA:744,0
DA:747,0
DA:751,0
DA:752,0
DA:756,0
DA:757,0
DA:762,0
DA:763,0
DA:764,0
DA:766,0
DA:770,0
DA:772,0
DA:776,0
DA:780,0
DA:789,0
DA:792,0
DA:794,0
DA:797,0
DA:806,0
DA:810,0
DA:821,0
DA:822,0
DA:826,0
DA:827,0
DA:832,0
DA:836,0
DA:841,0
DA:846,0
DA:862,0
DA:864,0
DA:867,0
DA:871,0
DA:872,0
DA:876,0
DA:880,0
DA:881,0
DA:884,0
DA:887,0
DA:893,0
DA:896,0
DA:902,0
DA:903,0
DA:913,0
DA:915,0
DA:921,0
DA:922,0
DA:926,0
DA:929,0
DA:935,0
DA:938,0
DA:944,0
DA:945,0
DA:953,0
DA:963,2
DA:967,0
DA:968,0
DA:971,0
DA:972,0
DA:974,0
DA:977,0
DA:984,0
DA:992,2
DA:993,0
DA:994,0
DA:997,0
DA:998,0
DA:1000,0
DA:1002,0
DA:1005,0
DA:1012,0
DA:1024,2
DA:1028,0
DA:1029,0
DA:1033,0
DA:1035,0
DA:1038,0
DA:1044,0
DA:1056,2
DA:1060,0
DA:1061,0
DA:1065,0
DA:1067,0
DA:1070,0
DA:1076,0
DA:1086,2
DA:1089,0
DA:1093,0
DA:1099,0
DA:1100,0
DA:1101,0
DA:1105,0
DA:1107,0
DA:1112,0
DA:1113,0
DA:1115,0
DA:1116,0
DA:1120,0
DA:1121,0
DA:1122,0
DA:1128,0
DA:1129,0
DA:1133,0
DA:1136,0
DA:1143,0
DA:1160,8
DA:1163,8
DA:1164,8
DA:1167,8
DA:1168,3
DA:1172,3
DA:1173,0
DA:1176,0
DA:1185,3
DA:1187,3
DA:1188,2
DA:1190,1
DA:1191,1
DA:1195,1
DA:1198,1
DA:1207,1
DA:1211,1
DA:1223,6
DA:1237,6
DA:1238,6
DA:1239,6
DA:1242,6
DA:1244,5
DA:1245,5
DA:1247,5
DA:1248,4
DA:1249,1
DA:1252,1
DA:1260,3
DA:1265,3
DA:1268,9
DA:1269,9
DA:1272,3
DA:1273,1
DA:1276,1
DA:1284,2
DA:1286,2
DA:1289,1
DA:1293,1
DA:1298,4
DA:1300,2
DA:1301,2
DA:1307,4
DA:1312,4
DA:1313,4
DA:1314,4
DA:1315,2
DA:1320,2
DA:1321,2
DA:1322,7
DA:1323,7
DA:1331,2
DA:1332,3
DA:1333,3
DA:1334,3
DA:1338,2
DA:1339,2
DA:1340,2
DA:1341,2
DA:1345,4
DA:1347,7
DA:1351,4
DA:1352,4
DA:1354,4
DA:1375,0
DA:1378,0
DA:1379,0
DA:1381,0
DA:1386,0
DA:1397,0
DA:1398,0
DA:1399,0
DA:1400,0
DA:1401,0
DA:1402,0
DA:1404,0
DA:1406,0
DA:1411,0
LF:395
LH:104
BRDA:76,0,0,0
BRDA:112,1,0,0
BRDA:137,2,0,0
BRDA:165,3,0,0
BRDA:165,4,0,0
BRDA:165,4,1,0
BRDA:167,5,0,0
BRDA:174,6,0,0
BRDA:196,7,0,0
BRDA:219,8,0,0
BRDA:220,9,0,0
BRDA:248,10,0,0
BRDA:284,11,0,0
BRDA:319,12,0,0
BRDA:327,13,0,0
BRDA:351,14,0,0
BRDA:352,15,0,0
BRDA:354,16,0,0
BRDA:366,17,0,0
BRDA:395,18,0,0
BRDA:405,19,0,0
BRDA:405,19,1,0
BRDA:410,20,0,0
BRDA:415,21,0,0
BRDA:415,21,1,0
BRDA:435,22,0,0
BRDA:460,23,0,0
BRDA:497,24,0,0
BRDA:587,25,0,0
BRDA:587,26,0,0
BRDA:587,26,1,0
BRDA:603,27,0,0
BRDA:603,28,0,0
BRDA:644,29,0,0
BRDA:644,29,1,0
BRDA:647,30,0,0
BRDA:674,31,0,0
BRDA:674,31,1,0
BRDA:674,31,2,0
BRDA:698,32,0,0
BRDA:698,32,1,0
BRDA:724,33,0,0
BRDA:734,34,0,0
BRDA:734,34,1,0
BRDA:743,35,0,0
BRDA:743,36,0,0
BRDA:743,36,1,0
BRDA:798,37,0,0
BRDA:798,37,1,0
BRDA:806,38,0,0
BRDA:806,38,1,0
BRDA:810,39,0,0
BRDA:810,39,1,0
BRDA:816,40,0,0
BRDA:816,40,1,0
BRDA:821,41,0,0
BRDA:826,42,0,0
BRDA:852,43,0,0
BRDA:852,43,1,0
BRDA:871,44,0,0
BRDA:921,45,0,0
BRDA:921,45,1,0
BRDA:921,46,0,0
BRDA:921,46,1,0
BRDA:972,47,0,0
BRDA:972,48,0,0
BRDA:972,48,1,0
BRDA:998,49,0,0
BRDA:998,50,0,0
BRDA:998,50,1,0
BRDA:1115,51,0,0
BRDA:1120,52,0,0
BRDA:1128,53,0,0
BRDA:1167,54,0,3
BRDA:1172,55,0,0
BRDA:1180,56,0,0
BRDA:1180,56,1,0
BRDA:1188,57,0,1
BRDA:1188,57,1,1
BRDA:1188,58,0,2
BRDA:1188,58,1,2
BRDA:1202,59,0,1
BRDA:1202,59,1,0
BRDA:1215,60,0,1
BRDA:1215,60,1,0
BRDA:1242,61,0,5
BRDA:1248,62,0,1
BRDA:1256,63,0,1
BRDA:1256,63,1,0
BRDA:1269,64,0,9
BRDA:1269,64,1,8
BRDA:1272,65,0,1
BRDA:1280,66,0,1
BRDA:1280,66,1,0
BRDA:1298,67,0,2
BRDA:1314,68,0,2
BRDA:1314,69,0,4
BRDA:1314,69,1,2
BRDA:1322,70,0,7
BRDA:1322,71,0,7
BRDA:1322,71,1,7
BRDA:1325,72,0,7
BRDA:1325,72,1,5
BRDA:1332,73,0,3
BRDA:1332,73,1,0
BRDA:1333,74,0,3
BRDA:1333,74,1,0
BRDA:1339,75,0,2
BRDA:1339,75,1,0
BRDA:1340,76,0,2
BRDA:1340,76,1,0
BRDA:1351,77,0,4
BRDA:1351,77,1,0
BRDA:1352,78,0,4
BRDA:1352,78,1,0
BRDA:1400,79,0,0
BRF:116
BRH:29
end_of_record
TN:
SF:app/test/factories/scanned-area.factory.ts
FN:9,createMockScannedArea
FN:38,createMockScannedAreaList
FN:42,(anonymous_2)
FNF:3
FNH:1
FNDA:2,createMockScannedArea
FNDA:0,createMockScannedAreaList
FNDA:0,(anonymous_2)
DA:1,1
DA:9,1
DA:12,2
DA:26,2
DA:38,1
DA:42,0
LF:6
LH:5
BRF:0
BRH:0
end_of_record
TN:
SF:app/test/factories/venue.factory.ts
FN:13,createMockVenue
FN:69,createMockVenueList
FN:73,(anonymous_2)
FNF:3
FNH:1
FNDA:15,createMockVenue
FNDA:0,createMockVenueList
FNDA:0,(anonymous_2)
DA:1,3
DA:2,3
DA:13,3
DA:14,15
DA:15,15
DA:17,15
DA:57,15
DA:69,3
DA:73,0
LF:9
LH:8
BRF:0
BRH:0
end_of_record
TN:
SF:app/test/utils/db-test.utils.ts
FN:28,setupTestDatabase
FN:79,teardownTestDatabase
FNF:2
FNH:2
FNDA:2,setupTestDatabase
FNDA:2,teardownTestDatabase
DA:1,2
DA:6,2
DA:7,2
DA:8,2
DA:9,2
DA:10,2
DA:11,2
DA:12,2
DA:13,2
DA:14,2
DA:15,2
DA:16,2
DA:17,2
DA:22,2
DA:28,2
DA:32,2
DA:36,0
DA:40,2
DA:41,2
DA:42,2
DA:45,2
DA:72,2
DA:79,2
DA:80,2
DA:81,2
DA:82,2
DA:83,2
DA:84,2
DA:86,0
DA:88,2
LF:30
LH:28
BRDA:32,0,0,0
BRDA:32,0,1,2
BRDA:80,1,0,2
BRF:3
BRH:2
end_of_record
